This file contains any messages produced by compilers while
running configure, to aid debugging if configure makes a mistake.

It was created by the fast lexical analyser generator configure 2.5.35, which was
generated by GNU Autoconf 2.69.  Invocation command line was

  $ ./configure --prefix=/home/dastle/Documents/db3/ext/flex --no-create --no-recursion

## --------- ##
## Platform. ##
## --------- ##

hostname = gmail.com
uname -m = i686
uname -r = 3.5.0-18-generic
uname -s = Linux
uname -v = #29-Ubuntu SMP Fri Oct 19 10:27:31 UTC 2012

/usr/bin/uname -p = unknown
/bin/uname -X     = unknown

/bin/arch              = unknown
/usr/bin/arch -k       = unknown
/usr/convex/getsysinfo = unknown
/usr/bin/hostinfo      = unknown
/bin/machine           = unknown
/usr/bin/oslevel       = unknown
/bin/universe          = unknown

PATH: /usr/lib/lightdm/lightdm
PATH: /usr/local/sbin
PATH: /usr/local/bin
PATH: /usr/sbin
PATH: /usr/bin
PATH: /sbin
PATH: /bin
PATH: /usr/games
PATH: /usr/local/games


## ----------- ##
## Core tests. ##
## ----------- ##

configure:2343: checking for a BSD-compatible install
configure:2411: result: /usr/bin/install -c
configure:2422: checking whether build environment is sane
configure:2472: result: yes
configure:2613: checking for a thread-safe mkdir -p
configure:2652: result: /bin/mkdir -p
configure:2665: checking for gawk
configure:2695: result: no
configure:2665: checking for mawk
configure:2681: found /usr/bin/mawk
configure:2692: result: mawk
configure:2703: checking whether make sets $(MAKE)
configure:2725: result: yes
configure:2824: checking whether NLS is requested
configure:2833: result: yes
configure:2871: checking for msgfmt
configure:2902: result: /usr/bin/msgfmt
configure:2911: checking for gmsgfmt
configure:2942: result: /usr/bin/msgfmt
configure:2982: checking for xgettext
configure:3013: result: /usr/bin/xgettext
configure:3053: checking for msgmerge
configure:3083: result: /usr/bin/msgmerge
configure:3146: checking for style of include used by make
configure:3174: result: GNU
configure:3245: checking for gcc
configure:3261: found /usr/bin/gcc
configure:3272: result: gcc
configure:3501: checking for C compiler version
configure:3510: gcc --version >&5
gcc (Ubuntu/Linaro 4.7.2-2ubuntu1) 4.7.2
Copyright (C) 2012 Free Software Foundation, Inc.
This is free software; see the source for copying conditions.  There is NO
warranty; not even for MERCHANTABILITY or FITNESS FOR A PARTICULAR PURPOSE.

configure:3521: $? = 0
configure:3510: gcc -v >&5
Using built-in specs.
COLLECT_GCC=gcc
COLLECT_LTO_WRAPPER=/usr/lib/gcc/i686-linux-gnu/4.7/lto-wrapper
Target: i686-linux-gnu
Configured with: ../src/configure -v --with-pkgversion='Ubuntu/Linaro 4.7.2-2ubuntu1' --with-bugurl=file:///usr/share/doc/gcc-4.7/README.Bugs --enable-languages=c,c++,go,fortran,objc,obj-c++ --prefix=/usr --program-suffix=-4.7 --enable-shared --enable-linker-build-id --with-system-zlib --libexecdir=/usr/lib --without-included-gettext --enable-threads=posix --with-gxx-include-dir=/usr/include/c++/4.7 --libdir=/usr/lib --enable-nls --with-sysroot=/ --enable-clocale=gnu --enable-libstdcxx-debug --enable-libstdcxx-time=yes --enable-gnu-unique-object --enable-plugin --enable-objc-gc --enable-targets=all --disable-werror --with-arch-32=i686 --with-tune=generic --enable-checking=release --build=i686-linux-gnu --host=i686-linux-gnu --target=i686-linux-gnu
Thread model: posix
gcc version 4.7.2 (Ubuntu/Linaro 4.7.2-2ubuntu1) 
configure:3521: $? = 0
configure:3510: gcc -V >&5
gcc: error: unrecognized command line option '-V'
gcc: fatal error: no input files
compilation terminated.
configure:3521: $? = 4
configure:3510: gcc -qversion >&5
gcc: error: unrecognized command line option '-qversion'
gcc: fatal error: no input files
compilation terminated.
configure:3521: $? = 4
configure:3541: checking whether the C compiler works
configure:3563: gcc    conftest.c  >&5
configure:3567: $? = 0
configure:3615: result: yes
configure:3618: checking for C compiler default output file name
configure:3620: result: a.out
configure:3626: checking for suffix of executables
configure:3633: gcc -o conftest    conftest.c  >&5
configure:3637: $? = 0
configure:3659: result: 
configure:3681: checking whether we are cross compiling
configure:3689: gcc -o conftest    conftest.c  >&5
configure:3693: $? = 0
configure:3700: ./conftest
configure:3704: $? = 0
configure:3719: result: no
configure:3724: checking for suffix of object files
configure:3746: gcc -c   conftest.c >&5
configure:3750: $? = 0
configure:3771: result: o
configure:3775: checking whether we are using the GNU C compiler
configure:3794: gcc -c   conftest.c >&5
configure:3794: $? = 0
configure:3803: result: yes
configure:3812: checking whether gcc accepts -g
configure:3832: gcc -c -g  conftest.c >&5
configure:3832: $? = 0
configure:3873: result: yes
configure:3890: checking for gcc option to accept ISO C89
configure:3953: gcc  -c -g -O2  conftest.c >&5
configure:3953: $? = 0
configure:3966: result: none needed
configure:3988: checking dependency style of gcc
configure:4099: result: gcc3
configure:4118: checking build system type
configure:4132: result: i686-pc-linux-gnu
configure:4152: checking host system type
configure:4165: result: i686-pc-linux-gnu
configure:4209: checking for ld used by GCC
configure:4272: result: /usr/bin/ld
configure:4279: checking if the linker (/usr/bin/ld) is GNU ld
GNU ld (GNU Binutils for Ubuntu) 2.22.90.20120924
configure:4291: result: yes
configure:4297: checking for shared library run path origin
configure:4310: result: done
configure:4727: checking whether NLS is requested
configure:4736: result: yes
configure:4754: checking for GNU gettext in libc
configure:4773: gcc -o conftest -g -O2   conftest.c  >&5
configure:4773: $? = 0
configure:4781: result: yes
configure:5361: checking whether to use NLS
configure:5363: result: yes
configure:5366: checking where the gettext function comes from
configure:5377: result: libc
configure:5440: checking for bison
configure:5470: result: no
configure:5440: checking for byacc
configure:5470: result: no
configure:5483: checking for flex
configure:5513: result: no
configure:5483: checking for lex
configure:5513: result: no
configure:5689: checking for gcc
configure:5716: result: gcc
configure:5945: checking for C compiler version
configure:5954: gcc --version >&5
gcc (Ubuntu/Linaro 4.7.2-2ubuntu1) 4.7.2
Copyright (C) 2012 Free Software Foundation, Inc.
This is free software; see the source for copying conditions.  There is NO
warranty; not even for MERCHANTABILITY or FITNESS FOR A PARTICULAR PURPOSE.

configure:5965: $? = 0
configure:5954: gcc -v >&5
Using built-in specs.
COLLECT_GCC=gcc
COLLECT_LTO_WRAPPER=/usr/lib/gcc/i686-linux-gnu/4.7/lto-wrapper
Target: i686-linux-gnu
Configured with: ../src/configure -v --with-pkgversion='Ubuntu/Linaro 4.7.2-2ubuntu1' --with-bugurl=file:///usr/share/doc/gcc-4.7/README.Bugs --enable-languages=c,c++,go,fortran,objc,obj-c++ --prefix=/usr --program-suffix=-4.7 --enable-shared --enable-linker-build-id --with-system-zlib --libexecdir=/usr/lib --without-included-gettext --enable-threads=posix --with-gxx-include-dir=/usr/include/c++/4.7 --libdir=/usr/lib --enable-nls --with-sysroot=/ --enable-clocale=gnu --enable-libstdcxx-debug --enable-libstdcxx-time=yes --enable-gnu-unique-object --enable-plugin --enable-objc-gc --enable-targets=all --disable-werror --with-arch-32=i686 --with-tune=generic --enable-checking=release --build=i686-linux-gnu --host=i686-linux-gnu --target=i686-linux-gnu
Thread model: posix
gcc version 4.7.2 (Ubuntu/Linaro 4.7.2-2ubuntu1) 
configure:5965: $? = 0
configure:5954: gcc -V >&5
gcc: error: unrecognized command line option '-V'
gcc: fatal error: no input files
compilation terminated.
configure:5965: $? = 4
configure:5954: gcc -qversion >&5
gcc: error: unrecognized command line option '-qversion'
gcc: fatal error: no input files
compilation terminated.
configure:5965: $? = 4
configure:5969: checking whether we are using the GNU C compiler
configure:5997: result: yes
configure:6006: checking whether gcc accepts -g
configure:6067: result: yes
configure:6084: checking for gcc option to accept ISO C89
configure:6160: result: none needed
configure:6182: checking dependency style of gcc
configure:6293: result: gcc3
configure:6366: checking for g++
configure:6382: found /usr/bin/g++
configure:6393: result: g++
configure:6420: checking for C++ compiler version
configure:6429: g++ --version >&5
g++ (Ubuntu/Linaro 4.7.2-2ubuntu1) 4.7.2
Copyright (C) 2012 Free Software Foundation, Inc.
This is free software; see the source for copying conditions.  There is NO
warranty; not even for MERCHANTABILITY or FITNESS FOR A PARTICULAR PURPOSE.

configure:6440: $? = 0
configure:6429: g++ -v >&5
Using built-in specs.
COLLECT_GCC=g++
COLLECT_LTO_WRAPPER=/usr/lib/gcc/i686-linux-gnu/4.7/lto-wrapper
Target: i686-linux-gnu
Configured with: ../src/configure -v --with-pkgversion='Ubuntu/Linaro 4.7.2-2ubuntu1' --with-bugurl=file:///usr/share/doc/gcc-4.7/README.Bugs --enable-languages=c,c++,go,fortran,objc,obj-c++ --prefix=/usr --program-suffix=-4.7 --enable-shared --enable-linker-build-id --with-system-zlib --libexecdir=/usr/lib --without-included-gettext --enable-threads=posix --with-gxx-include-dir=/usr/include/c++/4.7 --libdir=/usr/lib --enable-nls --with-sysroot=/ --enable-clocale=gnu --enable-libstdcxx-debug --enable-libstdcxx-time=yes --enable-gnu-unique-object --enable-plugin --enable-objc-gc --enable-targets=all --disable-werror --with-arch-32=i686 --with-tune=generic --enable-checking=release --build=i686-linux-gnu --host=i686-linux-gnu --target=i686-linux-gnu
Thread model: posix
gcc version 4.7.2 (Ubuntu/Linaro 4.7.2-2ubuntu1) 
configure:6440: $? = 0
configure:6429: g++ -V >&5
g++: error: unrecognized command line option '-V'
g++: fatal error: no input files
compilation terminated.
configure:6440: $? = 4
configure:6429: g++ -qversion >&5
g++: error: unrecognized command line option '-qversion'
g++: fatal error: no input files
compilation terminated.
configure:6440: $? = 4
configure:6444: checking whether we are using the GNU C++ compiler
configure:6463: g++ -c   conftest.cpp >&5
configure:6463: $? = 0
configure:6472: result: yes
configure:6481: checking whether g++ accepts -g
configure:6501: g++ -c -g  conftest.cpp >&5
configure:6501: $? = 0
configure:6542: result: yes
configure:6567: checking dependency style of g++
configure:6678: result: gcc3
configure:6693: checking whether ln -s works
configure:6697: result: yes
configure:6747: checking for ranlib
configure:6763: found /usr/bin/ranlib
configure:6774: result: ranlib
configure:6800: checking for gawk
configure:6827: result: mawk
configure:6842: checking for bison
configure:6873: result: bison
configure:6883: checking for help2man
configure:6914: result: help2man
configure:6929: checking for gm4
configure:6962: result: no
configure:6929: checking for gnum4
configure:6962: result: no
configure:6929: checking for m4
configure:6947: found /usr/bin/m4
configure:6959: result: /usr/bin/m4
configure:6973: checking for GNU m4
configure:6976: result: yes
configure:6994: checking for indent
configure:7025: result: indent
configure:7047: WARNING: no indent program found: make indent target will not function
configure:7058: checking how to run the C preprocessor
configure:7089: gcc -E  conftest.c
configure:7089: $? = 0
configure:7103: gcc -E  conftest.c
conftest.c:15:28: fatal error: ac_nonexistent.h: No such file or directory
compilation terminated.
configure:7103: $? = 1
configure: failed program was:
| /* confdefs.h */
| #define PACKAGE_NAME "the fast lexical analyser generator"
| #define PACKAGE_TARNAME "flex"
| #define PACKAGE_VERSION "2.5.35"
| #define PACKAGE_STRING "the fast lexical analyser generator 2.5.35"
| #define PACKAGE_BUGREPORT "flex-help@lists.sourceforge.net"
| #define PACKAGE_URL ""
| #define PACKAGE "flex"
| #define VERSION "2.5.35"
| #define ENABLE_NLS 1
| #define HAVE_GETTEXT 1
| #define HAVE_DCGETTEXT 1
| #define M4 "/usr/bin/m4"
| /* end confdefs.h.  */
| #include <ac_nonexistent.h>
configure:7128: result: gcc -E
configure:7148: gcc -E  conftest.c
configure:7148: $? = 0
configure:7162: gcc -E  conftest.c
conftest.c:15:28: fatal error: ac_nonexistent.h: No such file or directory
compilation terminated.
configure:7162: $? = 1
configure: failed program was:
| /* confdefs.h */
| #define PACKAGE_NAME "the fast lexical analyser generator"
| #define PACKAGE_TARNAME "flex"
| #define PACKAGE_VERSION "2.5.35"
| #define PACKAGE_STRING "the fast lexical analyser generator 2.5.35"
| #define PACKAGE_BUGREPORT "flex-help@lists.sourceforge.net"
| #define PACKAGE_URL ""
| #define PACKAGE "flex"
| #define VERSION "2.5.35"
| #define ENABLE_NLS 1
| #define HAVE_GETTEXT 1
| #define HAVE_DCGETTEXT 1
| #define M4 "/usr/bin/m4"
| /* end confdefs.h.  */
| #include <ac_nonexistent.h>
configure:7191: checking for grep that handles long lines and -e
configure:7249: result: /bin/grep
configure:7254: checking for egrep
configure:7316: result: /bin/grep -E
configure:7321: checking for ANSI C header files
configure:7341: gcc -c -g -O2  conftest.c >&5
configure:7341: $? = 0
configure:7414: gcc -o conftest -g -O2   conftest.c  >&5
configure:7414: $? = 0
configure:7414: ./conftest
configure:7414: $? = 0
configure:7425: result: yes
configure:7438: checking for sys/types.h
configure:7438: gcc -c -g -O2  conftest.c >&5
configure:7438: $? = 0
configure:7438: result: yes
configure:7438: checking for sys/stat.h
configure:7438: gcc -c -g -O2  conftest.c >&5
configure:7438: $? = 0
configure:7438: result: yes
configure:7438: checking for stdlib.h
configure:7438: gcc -c -g -O2  conftest.c >&5
configure:7438: $? = 0
configure:7438: result: yes
configure:7438: checking for string.h
configure:7438: gcc -c -g -O2  conftest.c >&5
configure:7438: $? = 0
configure:7438: result: yes
configure:7438: checking for memory.h
configure:7438: gcc -c -g -O2  conftest.c >&5
configure:7438: $? = 0
configure:7438: result: yes
configure:7438: checking for strings.h
configure:7438: gcc -c -g -O2  conftest.c >&5
configure:7438: $? = 0
configure:7438: result: yes
configure:7438: checking for inttypes.h
configure:7438: gcc -c -g -O2  conftest.c >&5
configure:7438: $? = 0
configure:7438: result: yes
configure:7438: checking for stdint.h
configure:7438: gcc -c -g -O2  conftest.c >&5
configure:7438: $? = 0
configure:7438: result: yes
configure:7438: checking for unistd.h
configure:7438: gcc -c -g -O2  conftest.c >&5
configure:7438: $? = 0
configure:7438: result: yes
configure:7450: checking for size_t
configure:7450: gcc -c -g -O2  conftest.c >&5
configure:7450: $? = 0
configure:7450: gcc -c -g -O2  conftest.c >&5
conftest.c: In function 'main':
conftest.c:61:21: error: expected expression before ')' token
configure:7450: $? = 1
configure: failed program was:
| /* confdefs.h */
| #define PACKAGE_NAME "the fast lexical analyser generator"
| #define PACKAGE_TARNAME "flex"
| #define PACKAGE_VERSION "2.5.35"
| #define PACKAGE_STRING "the fast lexical analyser generator 2.5.35"
| #define PACKAGE_BUGREPORT "flex-help@lists.sourceforge.net"
| #define PACKAGE_URL ""
| #define PACKAGE "flex"
| #define VERSION "2.5.35"
| #define ENABLE_NLS 1
| #define HAVE_GETTEXT 1
| #define HAVE_DCGETTEXT 1
| #define M4 "/usr/bin/m4"
| #define STDC_HEADERS 1
| #define HAVE_SYS_TYPES_H 1
| #define HAVE_SYS_STAT_H 1
| #define HAVE_STDLIB_H 1
| #define HAVE_STRING_H 1
| #define HAVE_MEMORY_H 1
| #define HAVE_STRINGS_H 1
| #define HAVE_INTTYPES_H 1
| #define HAVE_STDINT_H 1
| #define HAVE_UNISTD_H 1
| /* end confdefs.h.  */
| #include <stdio.h>
| #ifdef HAVE_SYS_TYPES_H
| # include <sys/types.h>
| #endif
| #ifdef HAVE_SYS_STAT_H
| # include <sys/stat.h>
| #endif
| #ifdef STDC_HEADERS
| # include <stdlib.h>
| # include <stddef.h>
| #else
| # ifdef HAVE_STDLIB_H
| #  include <stdlib.h>
| # endif
| #endif
| #ifdef HAVE_STRING_H
| # if !defined STDC_HEADERS && defined HAVE_MEMORY_H
| #  include <memory.h>
| # endif
| # include <string.h>
| #endif
| #ifdef HAVE_STRINGS_H
| # include <strings.h>
| #endif
| #ifdef HAVE_INTTYPES_H
| # include <inttypes.h>
| #endif
| #ifdef HAVE_STDINT_H
| # include <stdint.h>
| #endif
| #ifdef HAVE_UNISTD_H
| # include <unistd.h>
| #endif
| int
| main ()
| {
| if (sizeof ((size_t)))
| 	    return 0;
|   ;
|   return 0;
| }
configure:7450: result: yes
configure:7463: checking for working alloca.h
configure:7480: gcc -o conftest -g -O2   conftest.c  >&5
configure:7480: $? = 0
configure:7488: result: yes
configure:7496: checking for alloca
configure:7533: gcc -o conftest -g -O2   conftest.c  >&5
configure:7533: $? = 0
configure:7541: result: yes
configure:7647: checking for ANSI C header files
configure:7751: result: yes
configure:7759: checking for sys/wait.h that is POSIX.1 compatible
configure:7785: gcc -c -g -O2  conftest.c >&5
configure:7785: $? = 0
configure:7792: result: yes
configure:7803: checking for inttypes.h
configure:7803: result: yes
configure:7803: checking libintl.h usability
configure:7803: gcc -c -g -O2  conftest.c >&5
configure:7803: $? = 0
configure:7803: result: yes
configure:7803: checking libintl.h presence
configure:7803: gcc -E  conftest.c
configure:7803: $? = 0
configure:7803: result: yes
configure:7803: checking for libintl.h
configure:7803: result: yes
configure:7803: checking limits.h usability
configure:7803: gcc -c -g -O2  conftest.c >&5
configure:7803: $? = 0
configure:7803: result: yes
configure:7803: checking limits.h presence
configure:7803: gcc -E  conftest.c
configure:7803: $? = 0
configure:7803: result: yes
configure:7803: checking for limits.h
configure:7803: result: yes
configure:7803: checking locale.h usability
configure:7803: gcc -c -g -O2  conftest.c >&5
configure:7803: $? = 0
configure:7803: result: yes
configure:7803: checking locale.h presence
configure:7803: gcc -E  conftest.c
configure:7803: $? = 0
configure:7803: result: yes
configure:7803: checking for locale.h
configure:7803: result: yes
configure:7803: checking malloc.h usability
configure:7803: gcc -c -g -O2  conftest.c >&5
configure:7803: $? = 0
configure:7803: result: yes
configure:7803: checking malloc.h presence
configure:7803: gcc -E  conftest.c
configure:7803: $? = 0
configure:7803: result: yes
configure:7803: checking for malloc.h
configure:7803: result: yes
configure:7803: checking netinet/in.h usability
configure:7803: gcc -c -g -O2  conftest.c >&5
configure:7803: $? = 0
configure:7803: result: yes
configure:7803: checking netinet/in.h presence
configure:7803: gcc -E  conftest.c
configure:7803: $? = 0
configure:7803: result: yes
configure:7803: checking for netinet/in.h
configure:7803: result: yes
configure:7803: checking stddef.h usability
configure:7803: gcc -c -g -O2  conftest.c >&5
configure:7803: $? = 0
configure:7803: result: yes
configure:7803: checking stddef.h presence
configure:7803: gcc -E  conftest.c
configure:7803: $? = 0
configure:7803: result: yes
configure:7803: checking for stddef.h
configure:7803: result: yes
configure:7803: checking for stdlib.h
configure:7803: result: yes
configure:7803: checking for string.h
configure:7803: result: yes
configure:7803: checking for strings.h
configure:7803: result: yes
configure:7803: checking for unistd.h
configure:7803: result: yes
configure:7813: checking for log10 in -lm
configure:7838: gcc -o conftest -g -O2   conftest.c -lm   >&5
conftest.c:47:6: warning: conflicting types for built-in function 'log10' [enabled by default]
configure:7838: $? = 0
configure:7847: result: yes
configure:7863: checking for pthread_mutex_lock in -lpthread
configure:7888: gcc -o conftest -g -O2   conftest.c -lpthread  -lm  >&5
configure:7888: $? = 0
configure:7897: result: yes
configure:7912: checking pthread.h usability
configure:7912: gcc -c -g -O2  conftest.c >&5
configure:7912: $? = 0
configure:7912: result: yes
configure:7912: checking pthread.h presence
configure:7912: gcc -E  conftest.c
configure:7912: $? = 0
configure:7912: result: yes
configure:7912: checking for pthread.h
configure:7912: result: yes
configure:7925: checking for stdbool.h that conforms to C99
configure:7992: gcc -c -g -O2  conftest.c >&5
configure:7992: $? = 0
configure:7999: result: yes
configure:8001: checking for _Bool
configure:8001: gcc -c -g -O2  conftest.c >&5
configure:8001: $? = 0
configure:8001: gcc -c -g -O2  conftest.c >&5
conftest.c: In function 'main':
conftest.c:79:20: error: expected expression before ')' token
configure:8001: $? = 1
configure: failed program was:
| /* confdefs.h */
| #define PACKAGE_NAME "the fast lexical analyser generator"
| #define PACKAGE_TARNAME "flex"
| #define PACKAGE_VERSION "2.5.35"
| #define PACKAGE_STRING "the fast lexical analyser generator 2.5.35"
| #define PACKAGE_BUGREPORT "flex-help@lists.sourceforge.net"
| #define PACKAGE_URL ""
| #define PACKAGE "flex"
| #define VERSION "2.5.35"
| #define ENABLE_NLS 1
| #define HAVE_GETTEXT 1
| #define HAVE_DCGETTEXT 1
| #define M4 "/usr/bin/m4"
| #define STDC_HEADERS 1
| #define HAVE_SYS_TYPES_H 1
| #define HAVE_SYS_STAT_H 1
| #define HAVE_STDLIB_H 1
| #define HAVE_STRING_H 1
| #define HAVE_MEMORY_H 1
| #define HAVE_STRINGS_H 1
| #define HAVE_INTTYPES_H 1
| #define HAVE_STDINT_H 1
| #define HAVE_UNISTD_H 1
| #define HAVE_ALLOCA_H 1
| #define HAVE_ALLOCA 1
| #define STDC_HEADERS 1
| #define HAVE_SYS_WAIT_H 1
| #define HAVE_INTTYPES_H 1
| #define HAVE_LIBINTL_H 1
| #define HAVE_LIMITS_H 1
| #define HAVE_LOCALE_H 1
| #define HAVE_MALLOC_H 1
| #define HAVE_NETINET_IN_H 1
| #define HAVE_STDDEF_H 1
| #define HAVE_STDLIB_H 1
| #define HAVE_STRING_H 1
| #define HAVE_STRINGS_H 1
| #define HAVE_UNISTD_H 1
| #define HAVE_LIBM 1
| #define HAVE_LIBPTHREAD 1
| #define HAVE_PTHREAD_H 1
| /* end confdefs.h.  */
| #include <stdio.h>
| #ifdef HAVE_SYS_TYPES_H
| # include <sys/types.h>
| #endif
| #ifdef HAVE_SYS_STAT_H
| # include <sys/stat.h>
| #endif
| #ifdef STDC_HEADERS
| # include <stdlib.h>
| # include <stddef.h>
| #else
| # ifdef HAVE_STDLIB_H
| #  include <stdlib.h>
| # endif
| #endif
| #ifdef HAVE_STRING_H
| # if !defined STDC_HEADERS && defined HAVE_MEMORY_H
| #  include <memory.h>
| # endif
| # include <string.h>
| #endif
| #ifdef HAVE_STRINGS_H
| # include <strings.h>
| #endif
| #ifdef HAVE_INTTYPES_H
| # include <inttypes.h>
| #endif
| #ifdef HAVE_STDINT_H
| # include <stdint.h>
| #endif
| #ifdef HAVE_UNISTD_H
| # include <unistd.h>
| #endif
| int
| main ()
| {
| if (sizeof ((_Bool)))
| 	    return 0;
|   ;
|   return 0;
| }
configure:8001: result: yes
configure:8018: checking for an ANSI C-conforming const
configure:8084: gcc -c -g -O2  conftest.c >&5
configure:8084: $? = 0
configure:8091: result: yes
configure:8099: checking for size_t
configure:8099: result: yes
configure:8113: checking for pid_t
configure:8113: gcc -c -g -O2  conftest.c >&5
configure:8113: $? = 0
configure:8113: gcc -c -g -O2  conftest.c >&5
conftest.c: In function 'main':
conftest.c:81:20: error: expected expression before ')' token
configure:8113: $? = 1
configure: failed program was:
| /* confdefs.h */
| #define PACKAGE_NAME "the fast lexical analyser generator"
| #define PACKAGE_TARNAME "flex"
| #define PACKAGE_VERSION "2.5.35"
| #define PACKAGE_STRING "the fast lexical analyser generator 2.5.35"
| #define PACKAGE_BUGREPORT "flex-help@lists.sourceforge.net"
| #define PACKAGE_URL ""
| #define PACKAGE "flex"
| #define VERSION "2.5.35"
| #define ENABLE_NLS 1
| #define HAVE_GETTEXT 1
| #define HAVE_DCGETTEXT 1
| #define M4 "/usr/bin/m4"
| #define STDC_HEADERS 1
| #define HAVE_SYS_TYPES_H 1
| #define HAVE_SYS_STAT_H 1
| #define HAVE_STDLIB_H 1
| #define HAVE_STRING_H 1
| #define HAVE_MEMORY_H 1
| #define HAVE_STRINGS_H 1
| #define HAVE_INTTYPES_H 1
| #define HAVE_STDINT_H 1
| #define HAVE_UNISTD_H 1
| #define HAVE_ALLOCA_H 1
| #define HAVE_ALLOCA 1
| #define STDC_HEADERS 1
| #define HAVE_SYS_WAIT_H 1
| #define HAVE_INTTYPES_H 1
| #define HAVE_LIBINTL_H 1
| #define HAVE_LIMITS_H 1
| #define HAVE_LOCALE_H 1
| #define HAVE_MALLOC_H 1
| #define HAVE_NETINET_IN_H 1
| #define HAVE_STDDEF_H 1
| #define HAVE_STDLIB_H 1
| #define HAVE_STRING_H 1
| #define HAVE_STRINGS_H 1
| #define HAVE_UNISTD_H 1
| #define HAVE_LIBM 1
| #define HAVE_LIBPTHREAD 1
| #define HAVE_PTHREAD_H 1
| #define HAVE__BOOL 1
| #define HAVE_STDBOOL_H 1
| /* end confdefs.h.  */
| #include <stdio.h>
| #ifdef HAVE_SYS_TYPES_H
| # include <sys/types.h>
| #endif
| #ifdef HAVE_SYS_STAT_H
| # include <sys/stat.h>
| #endif
| #ifdef STDC_HEADERS
| # include <stdlib.h>
| # include <stddef.h>
| #else
| # ifdef HAVE_STDLIB_H
| #  include <stdlib.h>
| # endif
| #endif
| #ifdef HAVE_STRING_H
| # if !defined STDC_HEADERS && defined HAVE_MEMORY_H
| #  include <memory.h>
| # endif
| # include <string.h>
| #endif
| #ifdef HAVE_STRINGS_H
| # include <strings.h>
| #endif
| #ifdef HAVE_INTTYPES_H
| # include <inttypes.h>
| #endif
| #ifdef HAVE_STDINT_H
| # include <stdint.h>
| #endif
| #ifdef HAVE_UNISTD_H
| # include <unistd.h>
| #endif
| int
| main ()
| {
| if (sizeof ((pid_t)))
| 	    return 0;
|   ;
|   return 0;
| }
configure:8113: result: yes
configure:8126: checking vfork.h usability
configure:8126: gcc -c -g -O2  conftest.c >&5
conftest.c:78:19: fatal error: vfork.h: No such file or directory
compilation terminated.
configure:8126: $? = 1
configure: failed program was:
| /* confdefs.h */
| #define PACKAGE_NAME "the fast lexical analyser generator"
| #define PACKAGE_TARNAME "flex"
| #define PACKAGE_VERSION "2.5.35"
| #define PACKAGE_STRING "the fast lexical analyser generator 2.5.35"
| #define PACKAGE_BUGREPORT "flex-help@lists.sourceforge.net"
| #define PACKAGE_URL ""
| #define PACKAGE "flex"
| #define VERSION "2.5.35"
| #define ENABLE_NLS 1
| #define HAVE_GETTEXT 1
| #define HAVE_DCGETTEXT 1
| #define M4 "/usr/bin/m4"
| #define STDC_HEADERS 1
| #define HAVE_SYS_TYPES_H 1
| #define HAVE_SYS_STAT_H 1
| #define HAVE_STDLIB_H 1
| #define HAVE_STRING_H 1
| #define HAVE_MEMORY_H 1
| #define HAVE_STRINGS_H 1
| #define HAVE_INTTYPES_H 1
| #define HAVE_STDINT_H 1
| #define HAVE_UNISTD_H 1
| #define HAVE_ALLOCA_H 1
| #define HAVE_ALLOCA 1
| #define STDC_HEADERS 1
| #define HAVE_SYS_WAIT_H 1
| #define HAVE_INTTYPES_H 1
| #define HAVE_LIBINTL_H 1
| #define HAVE_LIMITS_H 1
| #define HAVE_LOCALE_H 1
| #define HAVE_MALLOC_H 1
| #define HAVE_NETINET_IN_H 1
| #define HAVE_STDDEF_H 1
| #define HAVE_STDLIB_H 1
| #define HAVE_STRING_H 1
| #define HAVE_STRINGS_H 1
| #define HAVE_UNISTD_H 1
| #define HAVE_LIBM 1
| #define HAVE_LIBPTHREAD 1
| #define HAVE_PTHREAD_H 1
| #define HAVE__BOOL 1
| #define HAVE_STDBOOL_H 1
| /* end confdefs.h.  */
| #include <stdio.h>
| #ifdef HAVE_SYS_TYPES_H
| # include <sys/types.h>
| #endif
| #ifdef HAVE_SYS_STAT_H
| # include <sys/stat.h>
| #endif
| #ifdef STDC_HEADERS
| # include <stdlib.h>
| # include <stddef.h>
| #else
| # ifdef HAVE_STDLIB_H
| #  include <stdlib.h>
| # endif
| #endif
| #ifdef HAVE_STRING_H
| # if !defined STDC_HEADERS && defined HAVE_MEMORY_H
| #  include <memory.h>
| # endif
| # include <string.h>
| #endif
| #ifdef HAVE_STRINGS_H
| # include <strings.h>
| #endif
| #ifdef HAVE_INTTYPES_H
| # include <inttypes.h>
| #endif
| #ifdef HAVE_STDINT_H
| # include <stdint.h>
| #endif
| #ifdef HAVE_UNISTD_H
| # include <unistd.h>
| #endif
| #include <vfork.h>
configure:8126: result: no
configure:8126: checking vfork.h presence
configure:8126: gcc -E  conftest.c
conftest.c:45:19: fatal error: vfork.h: No such file or directory
compilation terminated.
configure:8126: $? = 1
configure: failed program was:
| /* confdefs.h */
| #define PACKAGE_NAME "the fast lexical analyser generator"
| #define PACKAGE_TARNAME "flex"
| #define PACKAGE_VERSION "2.5.35"
| #define PACKAGE_STRING "the fast lexical analyser generator 2.5.35"
| #define PACKAGE_BUGREPORT "flex-help@lists.sourceforge.net"
| #define PACKAGE_URL ""
| #define PACKAGE "flex"
| #define VERSION "2.5.35"
| #define ENABLE_NLS 1
| #define HAVE_GETTEXT 1
| #define HAVE_DCGETTEXT 1
| #define M4 "/usr/bin/m4"
| #define STDC_HEADERS 1
| #define HAVE_SYS_TYPES_H 1
| #define HAVE_SYS_STAT_H 1
| #define HAVE_STDLIB_H 1
| #define HAVE_STRING_H 1
| #define HAVE_MEMORY_H 1
| #define HAVE_STRINGS_H 1
| #define HAVE_INTTYPES_H 1
| #define HAVE_STDINT_H 1
| #define HAVE_UNISTD_H 1
| #define HAVE_ALLOCA_H 1
| #define HAVE_ALLOCA 1
| #define STDC_HEADERS 1
| #define HAVE_SYS_WAIT_H 1
| #define HAVE_INTTYPES_H 1
| #define HAVE_LIBINTL_H 1
| #define HAVE_LIMITS_H 1
| #define HAVE_LOCALE_H 1
| #define HAVE_MALLOC_H 1
| #define HAVE_NETINET_IN_H 1
| #define HAVE_STDDEF_H 1
| #define HAVE_STDLIB_H 1
| #define HAVE_STRING_H 1
| #define HAVE_STRINGS_H 1
| #define HAVE_UNISTD_H 1
| #define HAVE_LIBM 1
| #define HAVE_LIBPTHREAD 1
| #define HAVE_PTHREAD_H 1
| #define HAVE__BOOL 1
| #define HAVE_STDBOOL_H 1
| /* end confdefs.h.  */
| #include <vfork.h>
configure:8126: result: no
configure:8126: checking for vfork.h
configure:8126: result: no
configure:8139: checking for fork
configure:8139: gcc -o conftest -g -O2   conftest.c -lm  >&5
conftest.c:68:6: warning: conflicting types for built-in function 'fork' [enabled by default]
configure:8139: $? = 0
configure:8139: result: yes
configure:8139: checking for vfork
configure:8139: gcc -o conftest -g -O2   conftest.c -lm  >&5
configure:8139: $? = 0
configure:8139: result: yes
configure:8149: checking for working fork
configure:8171: gcc -o conftest -g -O2   conftest.c -lm  >&5
configure:8171: $? = 0
configure:8171: ./conftest
configure:8171: $? = 0
configure:8181: result: yes
configure:8202: checking for working vfork
configure:8312: result: yes
configure:8339: checking for stdlib.h
configure:8339: result: yes
configure:8349: checking for GNU libc compatible malloc
configure:8373: gcc -o conftest -g -O2   conftest.c -lm  >&5
configure:8373: $? = 0
configure:8373: ./conftest
configure:8373: $? = 0
configure:8383: result: yes
configure:8406: checking for stdlib.h
configure:8406: result: yes
configure:8416: checking for GNU libc compatible realloc
configure:8440: gcc -o conftest -g -O2   conftest.c -lm  >&5
configure:8440: $? = 0
configure:8440: ./conftest
configure:8440: $? = 0
configure:8450: result: yes
configure:8474: checking for dup2
configure:8474: gcc -o conftest -g -O2   conftest.c -lm  >&5
configure:8474: $? = 0
configure:8474: result: yes
configure:8474: checking for isascii
configure:8474: gcc -o conftest -g -O2   conftest.c -lm  >&5
conftest.c:77:6: warning: conflicting types for built-in function 'isascii' [enabled by default]
configure:8474: $? = 0
configure:8474: result: yes
configure:8474: checking for memset
configure:8474: gcc -o conftest -g -O2   conftest.c -lm  >&5
conftest.c:78:6: warning: conflicting types for built-in function 'memset' [enabled by default]
configure:8474: $? = 0
configure:8474: result: yes
configure:8474: checking for pow
configure:8474: gcc -o conftest -g -O2   conftest.c -lm  >&5
conftest.c:79:6: warning: conflicting types for built-in function 'pow' [enabled by default]
configure:8474: $? = 0
configure:8474: result: yes
configure:8474: checking for regcomp
configure:8474: gcc -o conftest -g -O2   conftest.c -lm  >&5
configure:8474: $? = 0
configure:8474: result: yes
configure:8474: checking for setlocale
configure:8474: gcc -o conftest -g -O2   conftest.c -lm  >&5
configure:8474: $? = 0
configure:8474: result: yes
configure:8474: checking for strchr
configure:8474: gcc -o conftest -g -O2   conftest.c -lm  >&5
conftest.c:82:6: warning: conflicting types for built-in function 'strchr' [enabled by default]
configure:8474: $? = 0
configure:8474: result: yes
configure:8474: checking for strtol
configure:8474: gcc -o conftest -g -O2   conftest.c -lm  >&5
configure:8474: $? = 0
configure:8474: result: yes
configure:8625: creating ./config.status

## ---------------- ##
## Cache variables. ##
## ---------------- ##

ac_cv_build=i686-pc-linux-gnu
ac_cv_c_compiler_gnu=yes
ac_cv_c_const=yes
ac_cv_cxx_compiler_gnu=yes
ac_cv_env_CCC_set=
ac_cv_env_CCC_value=
ac_cv_env_CC_set=
ac_cv_env_CC_value=
ac_cv_env_CFLAGS_set=
ac_cv_env_CFLAGS_value=
ac_cv_env_CPPFLAGS_set=
ac_cv_env_CPPFLAGS_value=
ac_cv_env_CPP_set=
ac_cv_env_CPP_value=
ac_cv_env_CXXFLAGS_set=
ac_cv_env_CXXFLAGS_value=
ac_cv_env_CXX_set=
ac_cv_env_CXX_value=
ac_cv_env_LDFLAGS_set=
ac_cv_env_LDFLAGS_value=
ac_cv_env_LIBS_set=
ac_cv_env_LIBS_value=
ac_cv_env_YACC_set=
ac_cv_env_YACC_value=
ac_cv_env_YFLAGS_set=
ac_cv_env_YFLAGS_value=
ac_cv_env_build_alias_set=
ac_cv_env_build_alias_value=
ac_cv_env_host_alias_set=
ac_cv_env_host_alias_value=
ac_cv_env_target_alias_set=
ac_cv_env_target_alias_value=
ac_cv_func_alloca_works=yes
ac_cv_func_dup2=yes
ac_cv_func_fork=yes
ac_cv_func_fork_works=yes
ac_cv_func_isascii=yes
ac_cv_func_malloc_0_nonnull=yes
ac_cv_func_memset=yes
ac_cv_func_pow=yes
ac_cv_func_realloc_0_nonnull=yes
ac_cv_func_regcomp=yes
ac_cv_func_setlocale=yes
ac_cv_func_strchr=yes
ac_cv_func_strtol=yes
ac_cv_func_vfork=yes
ac_cv_func_vfork_works=yes
ac_cv_header_inttypes_h=yes
ac_cv_header_libintl_h=yes
ac_cv_header_limits_h=yes
ac_cv_header_locale_h=yes
ac_cv_header_malloc_h=yes
ac_cv_header_memory_h=yes
ac_cv_header_netinet_in_h=yes
ac_cv_header_pthread_h=yes
ac_cv_header_stdbool_h=yes
ac_cv_header_stdc=yes
ac_cv_header_stddef_h=yes
ac_cv_header_stdint_h=yes
ac_cv_header_stdlib_h=yes
ac_cv_header_string_h=yes
ac_cv_header_strings_h=yes
ac_cv_header_sys_stat_h=yes
ac_cv_header_sys_types_h=yes
ac_cv_header_sys_wait_h=yes
ac_cv_header_unistd_h=yes
ac_cv_header_vfork_h=no
ac_cv_host=i686-pc-linux-gnu
ac_cv_lib_m_log10=yes
ac_cv_lib_pthread_pthread_mutex_lock=yes
ac_cv_objext=o
ac_cv_path_BISON=bison
ac_cv_path_EGREP='/bin/grep -E'
ac_cv_path_GMSGFMT=/usr/bin/msgfmt
ac_cv_path_GREP=/bin/grep
ac_cv_path_HELP2MAN=help2man
ac_cv_path_INDENT=indent
ac_cv_path_M4=/usr/bin/m4
ac_cv_path_MSGFMT=/usr/bin/msgfmt
ac_cv_path_MSGMERGE=/usr/bin/msgmerge
ac_cv_path_XGETTEXT=/usr/bin/xgettext
ac_cv_path_install='/usr/bin/install -c'
ac_cv_path_mkdir=/bin/mkdir
ac_cv_prog_AWK=mawk
ac_cv_prog_CPP='gcc -E'
ac_cv_prog_ac_ct_CC=gcc
ac_cv_prog_ac_ct_CXX=g++
ac_cv_prog_ac_ct_RANLIB=ranlib
ac_cv_prog_cc_c89=
ac_cv_prog_cc_g=yes
ac_cv_prog_cxx_g=yes
ac_cv_prog_make_make_set=yes
ac_cv_type__Bool=yes
ac_cv_type_pid_t=yes
ac_cv_type_size_t=yes
ac_cv_working_alloca_h=yes
acl_cv_hardcode_direct=no
acl_cv_hardcode_libdir_flag_spec='${wl}-rpath ${wl}$libdir'
acl_cv_hardcode_libdir_separator=
acl_cv_hardcode_minus_L=no
acl_cv_libext=a
acl_cv_path_LD=/usr/bin/ld
acl_cv_prog_gnu_ld=yes
acl_cv_rpath=done
acl_cv_shlibext=so
acl_cv_wl=-Wl,
am_cv_CC_dependencies_compiler_type=gcc3
am_cv_CXX_dependencies_compiler_type=gcc3
gt_cv_func_gnugettext1_libc=yes

## ----------------- ##
## Output variables. ##
## ----------------- ##

ACLOCAL='${SHELL} /home/dastle/Documents/calvin/ext/flex/missing --run aclocal-1.11'
ALLOCA=''
AMDEPBACKSLASH='\'
AMDEP_FALSE='#'
AMDEP_TRUE=''
AMTAR='$${TAR-tar}'
AUTOCONF='${SHELL} /home/dastle/Documents/calvin/ext/flex/missing --run autoconf'
AUTOHEADER='${SHELL} /home/dastle/Documents/calvin/ext/flex/missing --run autoheader'
AUTOMAKE='${SHELL} /home/dastle/Documents/calvin/ext/flex/missing --run automake-1.11'
AWK='mawk'
BISON='bison'
CC='gcc'
CCDEPMODE='depmode=gcc3'
CFLAGS='-g -O2'
CPP='gcc -E'
CPPFLAGS=''
CXX='g++'
CXXDEPMODE='depmode=gcc3'
CXXFLAGS='-g -O2'
CYGPATH_W='echo'
DEFS='-DHAVE_CONFIG_H'
DEPDIR='.deps'
ECHO_C=''
ECHO_N='-n'
ECHO_T=''
EGREP='/bin/grep -E'
EXEEXT=''
GMSGFMT='/usr/bin/msgfmt'
GREP='/bin/grep'
HELP2MAN='help2man'
INDENT='indent'
INSTALL_DATA='${INSTALL} -m 644'
INSTALL_PROGRAM='${INSTALL}'
INSTALL_SCRIPT='${INSTALL}'
INSTALL_STRIP_PROGRAM='$(install_sh) -c -s'
INTLLIBS=''
LDFLAGS=''
LEX='${SHELL} /home/dastle/Documents/calvin/ext/flex/missing --run flex'
LEXLIB=''
LEX_OUTPUT_ROOT=''
LIBICONV='-liconv'
LIBINTL=''
LIBOBJS=''
LIBS='-lm '
LN_S='ln -s'
LTLIBICONV='-liconv'
LTLIBINTL=''
LTLIBOBJS=''
M4='/usr/bin/m4'
MAKEINFO='${SHELL} /home/dastle/Documents/calvin/ext/flex/missing --run makeinfo'
MKDIR_P='/bin/mkdir -p'
MKINSTALLDIRS='$(top_builddir)/./mkinstalldirs'
MSGFMT='/usr/bin/msgfmt'
MSGMERGE='/usr/bin/msgmerge'
OBJEXT='o'
PACKAGE='flex'
PACKAGE_BUGREPORT='flex-help@lists.sourceforge.net'
PACKAGE_NAME='the fast lexical analyser generator'
PACKAGE_STRING='the fast lexical analyser generator 2.5.35'
PACKAGE_TARNAME='flex'
PACKAGE_URL=''
PACKAGE_VERSION='2.5.35'
PATH_SEPARATOR=':'
POSUB='po'
RANLIB='ranlib'
SET_MAKE=''
SHELL='/bin/bash'
STRIP=''
USE_NLS='yes'
VERSION='2.5.35'
XGETTEXT='/usr/bin/xgettext'
YACC='yacc'
YFLAGS=''
ac_ct_CC='gcc'
ac_ct_CXX='g++'
am__EXEEXT_FALSE=''
am__EXEEXT_TRUE='#'
am__fastdepCC_FALSE='#'
am__fastdepCC_TRUE=''
am__fastdepCXX_FALSE='#'
am__fastdepCXX_TRUE=''
am__include='include'
am__isrc=''
am__leading_dot='.'
am__nodep='_no'
am__quote=''
am__tar='$${TAR-tar} chof - "$$tardir"'
am__untar='$${TAR-tar} xf -'
bindir='${exec_prefix}/bin'
build='i686-pc-linux-gnu'
build_alias=''
build_cpu='i686'
build_os='linux-gnu'
build_vendor='pc'
datadir='${datarootdir}'
datarootdir='${prefix}/share'
docdir='${datarootdir}/doc/${PACKAGE_TARNAME}'
dvidir='${docdir}'
exec_prefix='${prefix}'
host='i686-pc-linux-gnu'
host_alias=''
host_cpu='i686'
host_os='linux-gnu'
host_vendor='pc'
htmldir='${docdir}'
includedir='${prefix}/include'
infodir='${datarootdir}/info'
install_sh='${SHELL} /home/dastle/Documents/calvin/ext/flex/install-sh'
libdir='${exec_prefix}/lib'
libexecdir='${exec_prefix}/libexec'
localedir='${datarootdir}/locale'
localstatedir='${prefix}/var'
mandir='${datarootdir}/man'
mkdir_p='/bin/mkdir -p'
oldincludedir='/usr/include'
pdfdir='${docdir}'
prefix='/home/dastle/Documents/db3/ext/flex'
program_transform_name='s,x,x,'
psdir='${docdir}'
sbindir='${exec_prefix}/sbin'
sharedstatedir='${prefix}/com'
sysconfdir='${prefix}/etc'
target_alias=''

## ----------- ##
## confdefs.h. ##
## ----------- ##

/* confdefs.h */
#define PACKAGE_NAME "the fast lexical analyser generator"
#define PACKAGE_TARNAME "flex"
#define PACKAGE_VERSION "2.5.35"
#define PACKAGE_STRING "the fast lexical analyser generator 2.5.35"
#define PACKAGE_BUGREPORT "flex-help@lists.sourceforge.net"
#define PACKAGE_URL ""
#define PACKAGE "flex"
#define VERSION "2.5.35"
#define ENABLE_NLS 1
#define HAVE_GETTEXT 1
#define HAVE_DCGETTEXT 1
#define M4 "/usr/bin/m4"
#define STDC_HEADERS 1
#define HAVE_SYS_TYPES_H 1
#define HAVE_SYS_STAT_H 1
#define HAVE_STDLIB_H 1
#define HAVE_STRING_H 1
#define HAVE_MEMORY_H 1
#define HAVE_STRINGS_H 1
#define HAVE_INTTYPES_H 1
#define HAVE_STDINT_H 1
#define HAVE_UNISTD_H 1
#define HAVE_ALLOCA_H 1
#define HAVE_ALLOCA 1
#define STDC_HEADERS 1
#define HAVE_SYS_WAIT_H 1
#define HAVE_INTTYPES_H 1
#define HAVE_LIBINTL_H 1
#define HAVE_LIMITS_H 1
#define HAVE_LOCALE_H 1
#define HAVE_MALLOC_H 1
#define HAVE_NETINET_IN_H 1
#define HAVE_STDDEF_H 1
#define HAVE_STDLIB_H 1
#define HAVE_STRING_H 1
#define HAVE_STRINGS_H 1
#define HAVE_UNISTD_H 1
#define HAVE_LIBM 1
#define HAVE_LIBPTHREAD 1
#define HAVE_PTHREAD_H 1
#define HAVE__BOOL 1
#define HAVE_STDBOOL_H 1
#define HAVE_FORK 1
#define HAVE_VFORK 1
#define HAVE_WORKING_VFORK 1
#define HAVE_WORKING_FORK 1
#define HAVE_STDLIB_H 1
#define HAVE_MALLOC 1
#define HAVE_STDLIB_H 1
#define HAVE_REALLOC 1
#define HAVE_DUP2 1
#define HAVE_ISASCII 1
#define HAVE_MEMSET 1
#define HAVE_POW 1
#define HAVE_REGCOMP 1
#define HAVE_SETLOCALE 1
#define HAVE_STRCHR 1
#define HAVE_STRTOL 1

configure: exit 0

## ---------------------- ##
## Running config.status. ##
## ---------------------- ##

This file was extended by the fast lexical analyser generator config.status 2.5.35, which was
generated by GNU Autoconf 2.69.  Invocation command line was

  CONFIG_FILES    = 
  CONFIG_HEADERS  = 
  CONFIG_LINKS    = 
  CONFIG_COMMANDS = 
  $ ./config.status 

on gmail.com

config.status:989: creating Makefile
config.status:989: creating doc/Makefile
config.status:989: creating examples/Makefile
config.status:989: creating examples/fastwc/Makefile
config.status:989: creating examples/manual/Makefile
config.status:989: creating m4/Makefile
config.status:989: creating po/Makefile.in
config.status:1097: WARNING:  'po/Makefile.in.in' seems to ignore the --datarootdir setting
config.status:989: creating tools/Makefile
config.status:989: creating tests/Makefile
config.status:989: creating tests/TEMPLATE/Makefile
config.status:989: creating tests/test-array-nr/Makefile
config.status:989: creating tests/test-array-r/Makefile
config.status:989: creating tests/test-basic-nr/Makefile
config.status:989: creating tests/test-basic-r/Makefile
config.status:989: creating tests/test-bison-yylloc/Makefile
config.status:989: creating tests/test-bison-yylval/Makefile
config.status:989: creating tests/test-c-cpp-nr/Makefile
config.status:989: creating tests/test-c-cpp-r/Makefile
config.status:989: creating tests/test-header-nr/Makefile
config.status:989: creating tests/test-header-r/Makefile
config.status:989: creating tests/test-include-by-buffer/Makefile
config.status:989: creating tests/test-include-by-push/Makefile
config.status:989: creating tests/test-include-by-reentrant/Makefile
config.status:989: creating tests/test-multiple-scanners-nr/Makefile
config.status:989: creating tests/test-multiple-scanners-r/Makefile
config.status:989: creating tests/test-noansi-nr/Makefile
config.status:989: creating tests/test-noansi-r/Makefile
config.status:989: creating tests/test-prefix-nr/Makefile
config.status:989: creating tests/test-prefix-r/Makefile
config.status:989: creating tests/test-pthread/Makefile
config.status:989: creating tests/test-string-nr/Makefile
config.status:989: creating tests/test-string-r/Makefile
config.status:989: creating tests/test-yyextra/Makefile
config.status:989: creating tests/test-alloc-extra/Makefile
config.status:989: creating tests/test-lineno-nr/Makefile
config.status:989: creating tests/test-lineno-r/Makefile
config.status:989: creating tests/test-linedir-r/Makefile
config.status:989: creating tests/test-debug-r/Makefile
config.status:989: creating tests/test-debug-nr/Makefile
config.status:989: creating tests/test-mem-nr/Makefile
config.status:989: creating tests/test-mem-r/Makefile
config.status:989: creating tests/test-posix/Makefile
config.status:989: creating tests/test-posixly-correct/Makefile
config.status:989: creating tests/test-table-opts/Makefile
config.status:989: creating tests/test-c++-basic/Makefile
config.status:989: creating tests/test-bison-nr/Makefile
config.status:989: creating tests/test-reject/Makefile
config.status:989: creating tests/test-c++-multiple-scanners/Makefile
config.status:989: creating tests/test-top/Makefile
config.status:989: creating tests/test-rescan-nr/Makefile
config.status:989: creating tests/test-rescan-r/Makefile
config.status:989: creating tests/test-quotes/Makefile
config.status:989: creating tests/test-ccl/Makefile
config.status:989: creating tests/test-extended/Makefile
config.status:989: creating tests/test-c++-yywrap/Makefile
config.status:989: creating tests/test-concatenated-options/Makefile
config.status:989: creating config.h
config.status:1170: config.h is unchanged
config.status:1218: executing default-1 commands
config.status:1218: executing depfiles commands
