This file contains any messages produced by compilers while
running configure, to aid debugging if configure makes a mistake.

It was created by zeromq configure 2.1.11, which was
generated by GNU Autoconf 2.69.  Invocation command line was

  $ ./configure --prefix=/home/dastle/Documents/db3/ext/zeromq

## --------- ##
## Platform. ##
## --------- ##

hostname = dastle-OEM
uname -m = i686
uname -r = 3.5.0-17-generic
uname -s = Linux
uname -v = #28-Ubuntu SMP Tue Oct 9 19:32:08 UTC 2012

/usr/bin/uname -p = unknown
/bin/uname -X     = unknown

/bin/arch              = unknown
/usr/bin/arch -k       = unknown
/usr/convex/getsysinfo = unknown
/usr/bin/hostinfo      = unknown
/bin/machine           = unknown
/usr/bin/oslevel       = unknown
/bin/universe          = unknown

PATH: /usr/lib/lightdm/lightdm
PATH: /usr/local/sbin
PATH: /usr/local/bin
PATH: /usr/sbin
PATH: /usr/bin
PATH: /sbin
PATH: /bin
PATH: /usr/games
PATH: /usr/local/games


## ----------- ##
## Core tests. ##
## ----------- ##

configure:2751: checking for a BSD-compatible install
configure:2819: result: /usr/bin/install -c
configure:2830: checking whether build environment is sane
configure:2880: result: yes
configure:3021: checking for a thread-safe mkdir -p
configure:3060: result: /bin/mkdir -p
configure:3073: checking for gawk
configure:3103: result: no
configure:3073: checking for mawk
configure:3089: found /usr/bin/mawk
configure:3100: result: mawk
configure:3111: checking whether make sets $(MAKE)
configure:3133: result: yes
configure:3208: checking how to create a ustar tar archive
configure:3221: tar --version
tar (GNU tar) 1.26
Copyright (C) 2011 Free Software Foundation, Inc.
License GPLv3+: GNU GPL version 3 or later <http://gnu.org/licenses/gpl.html>.
This is free software: you are free to change and redistribute it.
There is NO WARRANTY, to the extent permitted by law.

Written by John Gilmore and Jay Fenlason.
configure:3224: $? = 0
configure:3264: tardir=conftest.dir && eval tar --format=ustar -chf - "$tardir" >conftest.tar
configure:3267: $? = 0
configure:3271: tar -xf - <conftest.tar
configure:3274: $? = 0
configure:3287: result: gnutar
configure:3305: checking whether make supports nested variables
configure:3322: result: yes
configure:3406: checking for gcc
configure:3422: found /usr/bin/gcc
configure:3433: result: gcc
configure:3662: checking for C compiler version
configure:3671: gcc --version >&5
gcc (Ubuntu/Linaro 4.7.2-2ubuntu1) 4.7.2
Copyright (C) 2012 Free Software Foundation, Inc.
This is free software; see the source for copying conditions.  There is NO
warranty; not even for MERCHANTABILITY or FITNESS FOR A PARTICULAR PURPOSE.

configure:3682: $? = 0
configure:3671: gcc -v >&5
Using built-in specs.
COLLECT_GCC=gcc
COLLECT_LTO_WRAPPER=/usr/lib/gcc/i686-linux-gnu/4.7/lto-wrapper
Target: i686-linux-gnu
Configured with: ../src/configure -v --with-pkgversion='Ubuntu/Linaro 4.7.2-2ubuntu1' --with-bugurl=file:///usr/share/doc/gcc-4.7/README.Bugs --enable-languages=c,c++,go,fortran,objc,obj-c++ --prefix=/usr --program-suffix=-4.7 --enable-shared --enable-linker-build-id --with-system-zlib --libexecdir=/usr/lib --without-included-gettext --enable-threads=posix --with-gxx-include-dir=/usr/include/c++/4.7 --libdir=/usr/lib --enable-nls --with-sysroot=/ --enable-clocale=gnu --enable-libstdcxx-debug --enable-libstdcxx-time=yes --enable-gnu-unique-object --enable-plugin --enable-objc-gc --enable-targets=all --disable-werror --with-arch-32=i686 --with-tune=generic --enable-checking=release --build=i686-linux-gnu --host=i686-linux-gnu --target=i686-linux-gnu
Thread model: posix
gcc version 4.7.2 (Ubuntu/Linaro 4.7.2-2ubuntu1) 
configure:3682: $? = 0
configure:3671: gcc -V >&5
gcc: error: unrecognized command line option '-V'
gcc: fatal error: no input files
compilation terminated.
configure:3682: $? = 4
configure:3671: gcc -qversion >&5
gcc: error: unrecognized command line option '-qversion'
gcc: fatal error: no input files
compilation terminated.
configure:3682: $? = 4
configure:3702: checking whether the C compiler works
configure:3724: gcc    conftest.c  >&5
configure:3728: $? = 0
configure:3776: result: yes
configure:3779: checking for C compiler default output file name
configure:3781: result: a.out
configure:3787: checking for suffix of executables
configure:3794: gcc -o conftest    conftest.c  >&5
configure:3798: $? = 0
configure:3820: result: 
configure:3842: checking whether we are cross compiling
configure:3850: gcc -o conftest    conftest.c  >&5
configure:3854: $? = 0
configure:3861: ./conftest
configure:3865: $? = 0
configure:3880: result: no
configure:3885: checking for suffix of object files
configure:3907: gcc -c   conftest.c >&5
configure:3911: $? = 0
configure:3932: result: o
configure:3936: checking whether we are using the GNU C compiler
configure:3955: gcc -c   conftest.c >&5
configure:3955: $? = 0
configure:3964: result: yes
configure:3973: checking whether gcc accepts -g
configure:3993: gcc -c -g  conftest.c >&5
configure:3993: $? = 0
configure:4034: result: yes
configure:4051: checking for gcc option to accept ISO C89
configure:4114: gcc  -c -g -O2  conftest.c >&5
configure:4114: $? = 0
configure:4127: result: none needed
configure:4158: checking for style of include used by make
configure:4186: result: GNU
configure:4212: checking dependency style of gcc
configure:4323: result: gcc3
configure:4338: checking for gcc option to accept ISO C99
configure:4487: gcc  -c -g -O2  conftest.c >&5
conftest.c:61:29: error: expected ';', ',' or ')' before 'text'
conftest.c: In function 'main':
conftest.c:115:18: error: expected '=', ',', ';', 'asm' or '__attribute__' before 'newvar'
conftest.c:115:18: error: 'newvar' undeclared (first use in this function)
conftest.c:115:18: note: each undeclared identifier is reported only once for each function it appears in
conftest.c:125:3: error: 'for' loop initial declarations are only allowed in C99 mode
conftest.c:125:3: note: use option -std=c99 or -std=gnu99 to compile your code
configure:4487: $? = 1
configure: failed program was:
| /* confdefs.h */
| #define PACKAGE_NAME "zeromq"
| #define PACKAGE_TARNAME "zeromq"
| #define PACKAGE_VERSION "2.1.11"
| #define PACKAGE_STRING "zeromq 2.1.11"
| #define PACKAGE_BUGREPORT "zeromq-dev@lists.zeromq.org"
| #define PACKAGE_URL ""
| #define PACKAGE "zeromq"
| #define VERSION "2.1.11"
| /* end confdefs.h.  */
| #include <stdarg.h>
| #include <stdbool.h>
| #include <stdlib.h>
| #include <wchar.h>
| #include <stdio.h>
| 
| // Check varargs macros.  These examples are taken from C99 6.10.3.5.
| #define debug(...) fprintf (stderr, __VA_ARGS__)
| #define showlist(...) puts (#__VA_ARGS__)
| #define report(test,...) ((test) ? puts (#test) : printf (__VA_ARGS__))
| static void
| test_varargs_macros (void)
| {
|   int x = 1234;
|   int y = 5678;
|   debug ("Flag");
|   debug ("X = %d\n", x);
|   showlist (The first, second, and third items.);
|   report (x>y, "x is %d but y is %d", x, y);
| }
| 
| // Check long long types.
| #define BIG64 18446744073709551615ull
| #define BIG32 4294967295ul
| #define BIG_OK (BIG64 / BIG32 == 4294967297ull && BIG64 % BIG32 == 0)
| #if !BIG_OK
|   your preprocessor is broken;
| #endif
| #if BIG_OK
| #else
|   your preprocessor is broken;
| #endif
| static long long int bignum = -9223372036854775807LL;
| static unsigned long long int ubignum = BIG64;
| 
| struct incomplete_array
| {
|   int datasize;
|   double data[];
| };
| 
| struct named_init {
|   int number;
|   const wchar_t *name;
|   double average;
| };
| 
| typedef const char *ccp;
| 
| static inline int
| test_restrict (ccp restrict text)
| {
|   // See if C++-style comments work.
|   // Iterate through items via the restricted pointer.
|   // Also check for declarations in for loops.
|   for (unsigned int i = 0; *(text+i) != '\0'; ++i)
|     continue;
|   return 0;
| }
| 
| // Check varargs and va_copy.
| static void
| test_varargs (const char *format, ...)
| {
|   va_list args;
|   va_start (args, format);
|   va_list args_copy;
|   va_copy (args_copy, args);
| 
|   const char *str;
|   int number;
|   float fnumber;
| 
|   while (*format)
|     {
|       switch (*format++)
| 	{
| 	case 's': // string
| 	  str = va_arg (args_copy, const char *);
| 	  break;
| 	case 'd': // int
| 	  number = va_arg (args_copy, int);
| 	  break;
| 	case 'f': // float
| 	  fnumber = va_arg (args_copy, double);
| 	  break;
| 	default:
| 	  break;
| 	}
|     }
|   va_end (args_copy);
|   va_end (args);
| }
| 
| int
| main ()
| {
| 
|   // Check bool.
|   _Bool success = false;
| 
|   // Check restrict.
|   if (test_restrict ("String literal") == 0)
|     success = true;
|   char *restrict newvar = "Another string";
| 
|   // Check varargs.
|   test_varargs ("s, d' f .", "string", 65, 34.234);
|   test_varargs_macros ();
| 
|   // Check flexible array members.
|   struct incomplete_array *ia =
|     malloc (sizeof (struct incomplete_array) + (sizeof (double) * 10));
|   ia->datasize = 10;
|   for (int i = 0; i < ia->datasize; ++i)
|     ia->data[i] = i * 1.234;
| 
|   // Check named initializers.
|   struct named_init ni = {
|     .number = 34,
|     .name = L"Test wide string",
|     .average = 543.34343,
|   };
| 
|   ni.number = 58;
| 
|   int dynamic_array[ni.number];
|   dynamic_array[ni.number - 1] = 543;
| 
|   // work around unused variable warnings
|   return (!success || bignum == 0LL || ubignum == 0uLL || newvar[0] == 'x'
| 	  || dynamic_array[ni.number - 1] != 543);
| 
|   ;
|   return 0;
| }
configure:4487: gcc -std=gnu99 -c -g -O2  conftest.c >&5
configure:4487: $? = 0
configure:4507: result: -std=gnu99
configure:4573: checking for g++
configure:4589: found /usr/bin/g++
configure:4600: result: g++
configure:4627: checking for C++ compiler version
configure:4636: g++ --version >&5
g++ (Ubuntu/Linaro 4.7.2-2ubuntu1) 4.7.2
Copyright (C) 2012 Free Software Foundation, Inc.
This is free software; see the source for copying conditions.  There is NO
warranty; not even for MERCHANTABILITY or FITNESS FOR A PARTICULAR PURPOSE.

configure:4647: $? = 0
configure:4636: g++ -v >&5
Using built-in specs.
COLLECT_GCC=g++
COLLECT_LTO_WRAPPER=/usr/lib/gcc/i686-linux-gnu/4.7/lto-wrapper
Target: i686-linux-gnu
Configured with: ../src/configure -v --with-pkgversion='Ubuntu/Linaro 4.7.2-2ubuntu1' --with-bugurl=file:///usr/share/doc/gcc-4.7/README.Bugs --enable-languages=c,c++,go,fortran,objc,obj-c++ --prefix=/usr --program-suffix=-4.7 --enable-shared --enable-linker-build-id --with-system-zlib --libexecdir=/usr/lib --without-included-gettext --enable-threads=posix --with-gxx-include-dir=/usr/include/c++/4.7 --libdir=/usr/lib --enable-nls --with-sysroot=/ --enable-clocale=gnu --enable-libstdcxx-debug --enable-libstdcxx-time=yes --enable-gnu-unique-object --enable-plugin --enable-objc-gc --enable-targets=all --disable-werror --with-arch-32=i686 --with-tune=generic --enable-checking=release --build=i686-linux-gnu --host=i686-linux-gnu --target=i686-linux-gnu
Thread model: posix
gcc version 4.7.2 (Ubuntu/Linaro 4.7.2-2ubuntu1) 
configure:4647: $? = 0
configure:4636: g++ -V >&5
g++: error: unrecognized command line option '-V'
g++: fatal error: no input files
compilation terminated.
configure:4647: $? = 4
configure:4636: g++ -qversion >&5
g++: error: unrecognized command line option '-qversion'
g++: fatal error: no input files
compilation terminated.
configure:4647: $? = 4
configure:4651: checking whether we are using the GNU C++ compiler
configure:4670: g++ -c   conftest.cpp >&5
configure:4670: $? = 0
configure:4679: result: yes
configure:4688: checking whether g++ accepts -g
configure:4708: g++ -c -g  conftest.cpp >&5
configure:4708: $? = 0
configure:4749: result: yes
configure:4774: checking dependency style of g++
configure:4885: result: gcc3
configure:4901: checking whether gcc -std=gnu99 and cc understand -c and -o together
configure:4932: gcc -std=gnu99 -c conftest.c -o conftest2.o >&5
configure:4936: $? = 0
configure:4942: gcc -std=gnu99 -c conftest.c -o conftest2.o >&5
configure:4946: $? = 0
configure:4957: cc -c conftest.c >&5
configure:4961: $? = 0
configure:4969: cc -c conftest.c -o conftest2.o >&5
configure:4973: $? = 0
configure:4979: cc -c conftest.c -o conftest2.o >&5
configure:4983: $? = 0
configure:5001: result: yes
configure:5026: checking for a sed that does not truncate output
configure:5090: result: /bin/sed
configure:5099: checking for gawk
configure:5126: result: mawk
configure:5141: checking for xmlto
configure:5174: result: no
configure:5182: checking for asciidoc
configure:5215: result: no
configure:5224: checking build system type
configure:5238: result: i686-pc-linux-gnu
configure:5258: checking host system type
configure:5271: result: i686-pc-linux-gnu
configure:5712: checking how to print strings
configure:5739: result: printf
configure:5760: checking for a sed that does not truncate output
configure:5824: result: /bin/sed
configure:5842: checking for grep that handles long lines and -e
configure:5900: result: /bin/grep
configure:5905: checking for egrep
configure:5967: result: /bin/grep -E
configure:5972: checking for fgrep
configure:6034: result: /bin/grep -F
configure:6069: checking for ld used by gcc -std=gnu99
configure:6136: result: /usr/bin/ld
configure:6143: checking if the linker (/usr/bin/ld) is GNU ld
configure:6158: result: yes
configure:6170: checking for BSD- or MS-compatible name lister (nm)
configure:6219: result: /usr/bin/nm -B
configure:6349: checking the name lister (/usr/bin/nm -B) interface
configure:6356: gcc -std=gnu99 -c -g -O2  conftest.c >&5
configure:6359: /usr/bin/nm -B "conftest.o"
configure:6362: output
00000000 B some_variable
configure:6369: result: BSD nm
configure:6372: checking whether ln -s works
configure:6376: result: yes
configure:6384: checking the maximum length of command line arguments
configure:6514: result: 1572864
configure:6531: checking whether the shell understands some XSI constructs
configure:6541: result: yes
configure:6545: checking whether the shell understands "+="
configure:6551: result: yes
configure:6586: checking how to convert i686-pc-linux-gnu file names to i686-pc-linux-gnu format
configure:6626: result: func_convert_file_noop
configure:6633: checking how to convert i686-pc-linux-gnu file names to toolchain format
configure:6653: result: func_convert_file_noop
configure:6660: checking for /usr/bin/ld option to reload object files
configure:6667: result: -r
configure:6741: checking for objdump
configure:6768: result: objdump
configure:6797: checking how to recognize dependent libraries
configure:6999: result: pass_all
configure:7084: checking for dlltool
configure:7111: result: dlltool
configure:7141: checking how to associate runtime and link libraries
configure:7168: result: printf %s\n
configure:7229: checking for ar
configure:7245: found /usr/bin/ar
configure:7256: result: ar
configure:7293: checking for archiver @FILE support
configure:7310: gcc -std=gnu99 -c -g -O2  conftest.c >&5
configure:7310: $? = 0
configure:7313: ar cru libconftest.a @conftest.lst >&5
configure:7316: $? = 0
configure:7321: ar cru libconftest.a @conftest.lst >&5
ar: conftest.o: No such file or directory
configure:7324: $? = 1
configure:7336: result: @
configure:7394: checking for strip
configure:7410: found /usr/bin/strip
configure:7421: result: strip
configure:7493: checking for ranlib
configure:7509: found /usr/bin/ranlib
configure:7520: result: ranlib
configure:7622: checking command to parse /usr/bin/nm -B output from gcc -std=gnu99 object
configure:7742: gcc -std=gnu99 -c -g -O2  conftest.c >&5
configure:7745: $? = 0
configure:7749: /usr/bin/nm -B conftest.o \| sed -n -e 's/^.*[ ]\([ABCDGIRSTW][ABCDGIRSTW]*\)[ ][ ]*\([_A-Za-z][_A-Za-z0-9]*\)$/\1 \2 \2/p' | sed '/ __gnu_lto/d' \> conftest.nm
configure:7752: $? = 0
configure:7818: gcc -std=gnu99 -o conftest -g -O2   conftest.c conftstm.o >&5
configure:7821: $? = 0
configure:7859: result: ok
configure:7896: checking for sysroot
configure:7926: result: no
configure:8182: checking for mt
configure:8198: found /bin/mt
configure:8209: result: mt
configure:8232: checking if mt is a manifest tool
configure:8238: mt '-?'
configure:8246: result: no
configure:8888: checking how to run the C preprocessor
configure:8919: gcc -std=gnu99 -E  conftest.c
configure:8919: $? = 0
configure:8933: gcc -std=gnu99 -E  conftest.c
conftest.c:11:28: fatal error: ac_nonexistent.h: No such file or directory
compilation terminated.
configure:8933: $? = 1
configure: failed program was:
| /* confdefs.h */
| #define PACKAGE_NAME "zeromq"
| #define PACKAGE_TARNAME "zeromq"
| #define PACKAGE_VERSION "2.1.11"
| #define PACKAGE_STRING "zeromq 2.1.11"
| #define PACKAGE_BUGREPORT "zeromq-dev@lists.zeromq.org"
| #define PACKAGE_URL ""
| #define PACKAGE "zeromq"
| #define VERSION "2.1.11"
| /* end confdefs.h.  */
| #include <ac_nonexistent.h>
configure:8958: result: gcc -std=gnu99 -E
configure:8978: gcc -std=gnu99 -E  conftest.c
configure:8978: $? = 0
configure:8992: gcc -std=gnu99 -E  conftest.c
conftest.c:11:28: fatal error: ac_nonexistent.h: No such file or directory
compilation terminated.
configure:8992: $? = 1
configure: failed program was:
| /* confdefs.h */
| #define PACKAGE_NAME "zeromq"
| #define PACKAGE_TARNAME "zeromq"
| #define PACKAGE_VERSION "2.1.11"
| #define PACKAGE_STRING "zeromq 2.1.11"
| #define PACKAGE_BUGREPORT "zeromq-dev@lists.zeromq.org"
| #define PACKAGE_URL ""
| #define PACKAGE "zeromq"
| #define VERSION "2.1.11"
| /* end confdefs.h.  */
| #include <ac_nonexistent.h>
configure:9021: checking for ANSI C header files
configure:9041: gcc -std=gnu99 -c -g -O2  conftest.c >&5
configure:9041: $? = 0
configure:9114: gcc -std=gnu99 -o conftest -g -O2   conftest.c  >&5
configure:9114: $? = 0
configure:9114: ./conftest
configure:9114: $? = 0
configure:9125: result: yes
configure:9138: checking for sys/types.h
configure:9138: gcc -std=gnu99 -c -g -O2  conftest.c >&5
configure:9138: $? = 0
configure:9138: result: yes
configure:9138: checking for sys/stat.h
configure:9138: gcc -std=gnu99 -c -g -O2  conftest.c >&5
configure:9138: $? = 0
configure:9138: result: yes
configure:9138: checking for stdlib.h
configure:9138: gcc -std=gnu99 -c -g -O2  conftest.c >&5
configure:9138: $? = 0
configure:9138: result: yes
configure:9138: checking for string.h
configure:9138: gcc -std=gnu99 -c -g -O2  conftest.c >&5
configure:9138: $? = 0
configure:9138: result: yes
configure:9138: checking for memory.h
configure:9138: gcc -std=gnu99 -c -g -O2  conftest.c >&5
configure:9138: $? = 0
configure:9138: result: yes
configure:9138: checking for strings.h
configure:9138: gcc -std=gnu99 -c -g -O2  conftest.c >&5
configure:9138: $? = 0
configure:9138: result: yes
configure:9138: checking for inttypes.h
configure:9138: gcc -std=gnu99 -c -g -O2  conftest.c >&5
configure:9138: $? = 0
configure:9138: result: yes
configure:9138: checking for stdint.h
configure:9138: gcc -std=gnu99 -c -g -O2  conftest.c >&5
configure:9138: $? = 0
configure:9138: result: yes
configure:9138: checking for unistd.h
configure:9138: gcc -std=gnu99 -c -g -O2  conftest.c >&5
configure:9138: $? = 0
configure:9138: result: yes
configure:9152: checking for dlfcn.h
configure:9152: gcc -std=gnu99 -c -g -O2  conftest.c >&5
configure:9152: $? = 0
configure:9152: result: yes
configure:9337: checking for objdir
configure:9352: result: .libs
configure:9623: checking if gcc -std=gnu99 supports -fno-rtti -fno-exceptions
configure:9641: gcc -std=gnu99 -c -g -O2  -fno-rtti -fno-exceptions conftest.c >&5
cc1: warning: command line option '-fno-rtti' is valid for C++/ObjC++ but not for C [enabled by default]
configure:9645: $? = 0
configure:9658: result: no
configure:9985: checking for gcc -std=gnu99 option to produce PIC
configure:9992: result: -fPIC -DPIC
configure:10000: checking if gcc -std=gnu99 PIC flag -fPIC -DPIC works
configure:10018: gcc -std=gnu99 -c -g -O2  -fPIC -DPIC -DPIC conftest.c >&5
configure:10022: $? = 0
configure:10035: result: yes
configure:10064: checking if gcc -std=gnu99 static flag -static works
configure:10092: result: yes
configure:10107: checking if gcc -std=gnu99 supports -c -o file.o
configure:10128: gcc -std=gnu99 -c -g -O2  -o out/conftest2.o conftest.c >&5
configure:10132: $? = 0
configure:10154: result: yes
configure:10162: checking if gcc -std=gnu99 supports -c -o file.o
configure:10209: result: yes
configure:10242: checking whether the gcc -std=gnu99 linker (/usr/bin/ld) supports shared libraries
configure:11399: result: yes
configure:11436: checking whether -lc should be explicitly linked in
configure:11444: gcc -std=gnu99 -c -g -O2  conftest.c >&5
configure:11447: $? = 0
configure:11462: gcc -std=gnu99 -shared  -fPIC -DPIC conftest.o  -v -Wl,-soname -Wl,conftest -o conftest 2\>\&1 \| /bin/grep  -lc  \>/dev/null 2\>\&1
configure:11465: $? = 0
configure:11479: result: no
configure:11639: checking dynamic linker characteristics
configure:12150: gcc -std=gnu99 -o conftest -g -O2   -Wl,-rpath -Wl,/foo conftest.c  >&5
configure:12150: $? = 0
configure:12384: result: GNU/Linux ld.so
configure:12491: checking how to hardcode library paths into programs
configure:12516: result: immediate
configure:13056: checking whether stripping libraries is possible
configure:13061: result: yes
configure:13096: checking if libtool supports shared libraries
configure:13098: result: yes
configure:13101: checking whether to build shared libraries
configure:13122: result: yes
configure:13125: checking whether to build static libraries
configure:13129: result: yes
configure:13152: checking how to run the C++ preprocessor
configure:13179: g++ -E  conftest.cpp
configure:13179: $? = 0
configure:13193: g++ -E  conftest.cpp
conftest.cpp:23:28: fatal error: ac_nonexistent.h: No such file or directory
compilation terminated.
configure:13193: $? = 1
configure: failed program was:
| /* confdefs.h */
| #define PACKAGE_NAME "zeromq"
| #define PACKAGE_TARNAME "zeromq"
| #define PACKAGE_VERSION "2.1.11"
| #define PACKAGE_STRING "zeromq 2.1.11"
| #define PACKAGE_BUGREPORT "zeromq-dev@lists.zeromq.org"
| #define PACKAGE_URL ""
| #define PACKAGE "zeromq"
| #define VERSION "2.1.11"
| #define STDC_HEADERS 1
| #define HAVE_SYS_TYPES_H 1
| #define HAVE_SYS_STAT_H 1
| #define HAVE_STDLIB_H 1
| #define HAVE_STRING_H 1
| #define HAVE_MEMORY_H 1
| #define HAVE_STRINGS_H 1
| #define HAVE_INTTYPES_H 1
| #define HAVE_STDINT_H 1
| #define HAVE_UNISTD_H 1
| #define HAVE_DLFCN_H 1
| #define LT_OBJDIR ".libs/"
| /* end confdefs.h.  */
| #include <ac_nonexistent.h>
configure:13218: result: g++ -E
configure:13238: g++ -E  conftest.cpp
configure:13238: $? = 0
configure:13252: g++ -E  conftest.cpp
conftest.cpp:23:28: fatal error: ac_nonexistent.h: No such file or directory
compilation terminated.
configure:13252: $? = 1
configure: failed program was:
| /* confdefs.h */
| #define PACKAGE_NAME "zeromq"
| #define PACKAGE_TARNAME "zeromq"
| #define PACKAGE_VERSION "2.1.11"
| #define PACKAGE_STRING "zeromq 2.1.11"
| #define PACKAGE_BUGREPORT "zeromq-dev@lists.zeromq.org"
| #define PACKAGE_URL ""
| #define PACKAGE "zeromq"
| #define VERSION "2.1.11"
| #define STDC_HEADERS 1
| #define HAVE_SYS_TYPES_H 1
| #define HAVE_SYS_STAT_H 1
| #define HAVE_STDLIB_H 1
| #define HAVE_STRING_H 1
| #define HAVE_MEMORY_H 1
| #define HAVE_STRINGS_H 1
| #define HAVE_INTTYPES_H 1
| #define HAVE_STDINT_H 1
| #define HAVE_UNISTD_H 1
| #define HAVE_DLFCN_H 1
| #define LT_OBJDIR ".libs/"
| /* end confdefs.h.  */
| #include <ac_nonexistent.h>
configure:13421: checking for ld used by g++
configure:13488: result: /usr/bin/ld
configure:13495: checking if the linker (/usr/bin/ld) is GNU ld
configure:13510: result: yes
configure:13565: checking whether the g++ linker (/usr/bin/ld) supports shared libraries
configure:14570: result: yes
configure:14606: g++ -c -g -O2  conftest.cpp >&5
configure:14609: $? = 0
configure:15129: checking for g++ option to produce PIC
configure:15136: result: -fPIC -DPIC
configure:15144: checking if g++ PIC flag -fPIC -DPIC works
configure:15162: g++ -c -g -O2  -fPIC -DPIC -DPIC conftest.cpp >&5
configure:15166: $? = 0
configure:15179: result: yes
configure:15202: checking if g++ static flag -static works
configure:15230: result: yes
configure:15242: checking if g++ supports -c -o file.o
configure:15263: g++ -c -g -O2  -o out/conftest2.o conftest.cpp >&5
configure:15267: $? = 0
configure:15289: result: yes
configure:15294: checking if g++ supports -c -o file.o
configure:15341: result: yes
configure:15371: checking whether the g++ linker (/usr/bin/ld) supports shared libraries
configure:15410: result: yes
configure:15551: checking dynamic linker characteristics
configure:16230: result: GNU/Linux ld.so
configure:16283: checking how to hardcode library paths into programs
configure:16308: result: immediate
configure:16381: checking whether the C compiler works
configure:16397: gcc -std=gnu99 -o conftest -g -O2   conftest.c  >&5
configure:16397: $? = 0
configure:16406: result: yes
configure:16414: checking whether we are using Intel C compiler
configure:16433: gcc -std=gnu99 -c -g -O2  conftest.c >&5
conftest.c: In function 'main':
conftest.c:28:8: error: 'error' undeclared (first use in this function)
conftest.c:28:8: note: each undeclared identifier is reported only once for each function it appears in
conftest.c:28:14: error: expected ';' before 'if'
configure:16433: $? = 1
configure: failed program was:
| /* confdefs.h */
| #define PACKAGE_NAME "zeromq"
| #define PACKAGE_TARNAME "zeromq"
| #define PACKAGE_VERSION "2.1.11"
| #define PACKAGE_STRING "zeromq 2.1.11"
| #define PACKAGE_BUGREPORT "zeromq-dev@lists.zeromq.org"
| #define PACKAGE_URL ""
| #define PACKAGE "zeromq"
| #define VERSION "2.1.11"
| #define STDC_HEADERS 1
| #define HAVE_SYS_TYPES_H 1
| #define HAVE_SYS_STAT_H 1
| #define HAVE_STDLIB_H 1
| #define HAVE_STRING_H 1
| #define HAVE_MEMORY_H 1
| #define HAVE_STRINGS_H 1
| #define HAVE_INTTYPES_H 1
| #define HAVE_STDINT_H 1
| #define HAVE_UNISTD_H 1
| #define HAVE_DLFCN_H 1
| #define LT_OBJDIR ".libs/"
| /* end confdefs.h.  */
| 
| int
| main ()
| {
| #ifndef __INTEL_COMPILER
|        error if not ICC
| #endif
| 
|   ;
|   return 0;
| }
configure:16441: result: no
configure:16443: checking whether we are using Sun Studio C compiler
configure:16462: gcc -std=gnu99 -c -g -O2  conftest.c >&5
conftest.c: In function 'main':
conftest.c:28:8: error: 'error' undeclared (first use in this function)
conftest.c:28:8: note: each undeclared identifier is reported only once for each function it appears in
conftest.c:28:14: error: expected ';' before 'if'
configure:16462: $? = 1
configure: failed program was:
| /* confdefs.h */
| #define PACKAGE_NAME "zeromq"
| #define PACKAGE_TARNAME "zeromq"
| #define PACKAGE_VERSION "2.1.11"
| #define PACKAGE_STRING "zeromq 2.1.11"
| #define PACKAGE_BUGREPORT "zeromq-dev@lists.zeromq.org"
| #define PACKAGE_URL ""
| #define PACKAGE "zeromq"
| #define VERSION "2.1.11"
| #define STDC_HEADERS 1
| #define HAVE_SYS_TYPES_H 1
| #define HAVE_SYS_STAT_H 1
| #define HAVE_STDLIB_H 1
| #define HAVE_STRING_H 1
| #define HAVE_MEMORY_H 1
| #define HAVE_STRINGS_H 1
| #define HAVE_INTTYPES_H 1
| #define HAVE_STDINT_H 1
| #define HAVE_UNISTD_H 1
| #define HAVE_DLFCN_H 1
| #define LT_OBJDIR ".libs/"
| /* end confdefs.h.  */
| 
| int
| main ()
| {
| #if !defined(__SUNPRO_CC) && !defined(__SUNPRO_C)
|        error if not sun studio
| #endif
| 
|   ;
|   return 0;
| }
configure:16470: result: no
configure:16472: checking whether we are using clang C compiler
configure:16491: gcc -std=gnu99 -c -g -O2  conftest.c >&5
conftest.c: In function 'main':
conftest.c:28:8: error: 'error' undeclared (first use in this function)
conftest.c:28:8: note: each undeclared identifier is reported only once for each function it appears in
conftest.c:28:14: error: expected ';' before 'if'
configure:16491: $? = 1
configure: failed program was:
| /* confdefs.h */
| #define PACKAGE_NAME "zeromq"
| #define PACKAGE_TARNAME "zeromq"
| #define PACKAGE_VERSION "2.1.11"
| #define PACKAGE_STRING "zeromq 2.1.11"
| #define PACKAGE_BUGREPORT "zeromq-dev@lists.zeromq.org"
| #define PACKAGE_URL ""
| #define PACKAGE "zeromq"
| #define VERSION "2.1.11"
| #define STDC_HEADERS 1
| #define HAVE_SYS_TYPES_H 1
| #define HAVE_SYS_STAT_H 1
| #define HAVE_STDLIB_H 1
| #define HAVE_STRING_H 1
| #define HAVE_MEMORY_H 1
| #define HAVE_STRINGS_H 1
| #define HAVE_INTTYPES_H 1
| #define HAVE_STDINT_H 1
| #define HAVE_UNISTD_H 1
| #define HAVE_DLFCN_H 1
| #define LT_OBJDIR ".libs/"
| /* end confdefs.h.  */
| 
| int
| main ()
| {
| #ifndef __clang__
|        error if not clang
| #endif
| 
|   ;
|   return 0;
| }
configure:16499: result: no
configure:16501: checking whether we are using gcc >= 4 C compiler
configure:16520: gcc -std=gnu99 -c -g -O2  conftest.c >&5
configure:16520: $? = 0
configure:16528: result: yes
configure:16545: checking whether the C++ compiler works
configure:16561: g++ -o conftest -g -O2   conftest.cpp  >&5
configure:16561: $? = 0
configure:16570: result: yes
configure:16578: checking whether we are using Intel C++ compiler
configure:16597: g++ -c -g -O2  conftest.cpp >&5
conftest.cpp: In function 'int main()':
conftest.cpp:28:8: error: 'error' was not declared in this scope
conftest.cpp:28:14: error: expected ';' before 'if'
configure:16597: $? = 1
configure: failed program was:
| /* confdefs.h */
| #define PACKAGE_NAME "zeromq"
| #define PACKAGE_TARNAME "zeromq"
| #define PACKAGE_VERSION "2.1.11"
| #define PACKAGE_STRING "zeromq 2.1.11"
| #define PACKAGE_BUGREPORT "zeromq-dev@lists.zeromq.org"
| #define PACKAGE_URL ""
| #define PACKAGE "zeromq"
| #define VERSION "2.1.11"
| #define STDC_HEADERS 1
| #define HAVE_SYS_TYPES_H 1
| #define HAVE_SYS_STAT_H 1
| #define HAVE_STDLIB_H 1
| #define HAVE_STRING_H 1
| #define HAVE_MEMORY_H 1
| #define HAVE_STRINGS_H 1
| #define HAVE_INTTYPES_H 1
| #define HAVE_STDINT_H 1
| #define HAVE_UNISTD_H 1
| #define HAVE_DLFCN_H 1
| #define LT_OBJDIR ".libs/"
| /* end confdefs.h.  */
| 
| int
| main ()
| {
| #ifndef __INTEL_COMPILER
|        error if not ICC
| #endif
| 
|   ;
|   return 0;
| }
configure:16605: result: no
configure:16607: checking whether we are using Sun Studio C++ compiler
configure:16626: g++ -c -g -O2  conftest.cpp >&5
conftest.cpp: In function 'int main()':
conftest.cpp:28:8: error: 'error' was not declared in this scope
conftest.cpp:28:14: error: expected ';' before 'if'
configure:16626: $? = 1
configure: failed program was:
| /* confdefs.h */
| #define PACKAGE_NAME "zeromq"
| #define PACKAGE_TARNAME "zeromq"
| #define PACKAGE_VERSION "2.1.11"
| #define PACKAGE_STRING "zeromq 2.1.11"
| #define PACKAGE_BUGREPORT "zeromq-dev@lists.zeromq.org"
| #define PACKAGE_URL ""
| #define PACKAGE "zeromq"
| #define VERSION "2.1.11"
| #define STDC_HEADERS 1
| #define HAVE_SYS_TYPES_H 1
| #define HAVE_SYS_STAT_H 1
| #define HAVE_STDLIB_H 1
| #define HAVE_STRING_H 1
| #define HAVE_MEMORY_H 1
| #define HAVE_STRINGS_H 1
| #define HAVE_INTTYPES_H 1
| #define HAVE_STDINT_H 1
| #define HAVE_UNISTD_H 1
| #define HAVE_DLFCN_H 1
| #define LT_OBJDIR ".libs/"
| /* end confdefs.h.  */
| 
| int
| main ()
| {
| #if !defined(__SUNPRO_CC) && !defined(__SUNPRO_C)
|        error if not sun studio
| #endif
| 
|   ;
|   return 0;
| }
configure:16634: result: no
configure:16636: checking whether we are using clang C++ compiler
configure:16655: g++ -c -g -O2  conftest.cpp >&5
conftest.cpp: In function 'int main()':
conftest.cpp:28:8: error: 'error' was not declared in this scope
conftest.cpp:28:14: error: expected ';' before 'if'
configure:16655: $? = 1
configure: failed program was:
| /* confdefs.h */
| #define PACKAGE_NAME "zeromq"
| #define PACKAGE_TARNAME "zeromq"
| #define PACKAGE_VERSION "2.1.11"
| #define PACKAGE_STRING "zeromq 2.1.11"
| #define PACKAGE_BUGREPORT "zeromq-dev@lists.zeromq.org"
| #define PACKAGE_URL ""
| #define PACKAGE "zeromq"
| #define VERSION "2.1.11"
| #define STDC_HEADERS 1
| #define HAVE_SYS_TYPES_H 1
| #define HAVE_SYS_STAT_H 1
| #define HAVE_STDLIB_H 1
| #define HAVE_STRING_H 1
| #define HAVE_MEMORY_H 1
| #define HAVE_STRINGS_H 1
| #define HAVE_INTTYPES_H 1
| #define HAVE_STDINT_H 1
| #define HAVE_UNISTD_H 1
| #define HAVE_DLFCN_H 1
| #define LT_OBJDIR ".libs/"
| /* end confdefs.h.  */
| 
| int
| main ()
| {
| #ifndef __clang__
|        error if not clang
| #endif
| 
|   ;
|   return 0;
| }
configure:16663: result: no
configure:16665: checking whether we are using gcc >= 4 C++ compiler
configure:16684: g++ -c -g -O2  conftest.cpp >&5
configure:16684: $? = 0
configure:16692: result: yes
configure:16726: checking whether to enable debugging information
configure:16764: result: no
configure:16781: checking whether to enable code coverage
configure:16812: result: no
configure:16818: checking for pthread_create in -lpthread
configure:16843: gcc -std=gnu99 -o conftest -g -O2   conftest.c -lpthread   >&5
configure:16843: $? = 0
configure:16852: result: yes
configure:16892: checking for sem_init in -lrt
configure:16917: gcc -std=gnu99 -o conftest -g -O2 -D_GNU_SOURCE -D_REENTRANT -D_THREAD_SAFE   conftest.c -lrt  -lpthread  >&5
configure:16917: $? = 0
configure:16926: result: yes
configure:16937: checking for uuid_generate in -luuid
configure:16962: gcc -std=gnu99 -o conftest -g -O2 -D_GNU_SOURCE -D_REENTRANT -D_THREAD_SAFE   conftest.c -luuid  -lrt -lpthread  >&5
configure:16962: $? = 0
configure:16971: result: yes
configure:17968: checking whether C++ compiler supports -fvisibility=hidden
configure:18000: g++ -c -g -O2 -D_GNU_SOURCE -D_REENTRANT -D_THREAD_SAFE  -fvisibility=hidden conftest.cpp >&5
configure:18000: $? = 0
configure:18031: result: yes
configure:18117: checking whether C++ compiler supports dso visibility
configure:18121: result: yes
configure:18265: checking for asciidoc
configure:18293: result: no
configure:18303: checking for xmlto
configure:18331: result: no
configure:18344: WARNING: You are building an unreleased version of 0MQ and asciidoc or xmlto are not installed.
configure:18346: WARNING: Documentation will not be built and manual pages will not be installed.
configure:18357: checking whether to build documentation
configure:18359: result: no
configure:18362: checking whether to install manpages
configure:18364: result: no
configure:18386: checking for ANSI C header files
configure:18490: result: yes
configure:18502: checking errno.h usability
configure:18502: gcc -std=gnu99 -c -g -O2 -D_GNU_SOURCE -D_REENTRANT -D_THREAD_SAFE  conftest.c >&5
configure:18502: $? = 0
configure:18502: result: yes
configure:18502: checking errno.h presence
configure:18502: gcc -std=gnu99 -E -D_GNU_SOURCE -D_REENTRANT -D_THREAD_SAFE  conftest.c
configure:18502: $? = 0
configure:18502: result: yes
configure:18502: checking for errno.h
configure:18502: result: yes
configure:18502: checking arpa/inet.h usability
configure:18502: gcc -std=gnu99 -c -g -O2 -D_GNU_SOURCE -D_REENTRANT -D_THREAD_SAFE  conftest.c >&5
configure:18502: $? = 0
configure:18502: result: yes
configure:18502: checking arpa/inet.h presence
configure:18502: gcc -std=gnu99 -E -D_GNU_SOURCE -D_REENTRANT -D_THREAD_SAFE  conftest.c
configure:18502: $? = 0
configure:18502: result: yes
configure:18502: checking for arpa/inet.h
configure:18502: result: yes
configure:18502: checking netinet/tcp.h usability
configure:18502: gcc -std=gnu99 -c -g -O2 -D_GNU_SOURCE -D_REENTRANT -D_THREAD_SAFE  conftest.c >&5
configure:18502: $? = 0
configure:18502: result: yes
configure:18502: checking netinet/tcp.h presence
configure:18502: gcc -std=gnu99 -E -D_GNU_SOURCE -D_REENTRANT -D_THREAD_SAFE  conftest.c
configure:18502: $? = 0
configure:18502: result: yes
configure:18502: checking for netinet/tcp.h
configure:18502: result: yes
configure:18502: checking netinet/in.h usability
configure:18502: gcc -std=gnu99 -c -g -O2 -D_GNU_SOURCE -D_REENTRANT -D_THREAD_SAFE  conftest.c >&5
configure:18502: $? = 0
configure:18502: result: yes
configure:18502: checking netinet/in.h presence
configure:18502: gcc -std=gnu99 -E -D_GNU_SOURCE -D_REENTRANT -D_THREAD_SAFE  conftest.c
configure:18502: $? = 0
configure:18502: result: yes
configure:18502: checking for netinet/in.h
configure:18502: result: yes
configure:18502: checking stddef.h usability
configure:18502: gcc -std=gnu99 -c -g -O2 -D_GNU_SOURCE -D_REENTRANT -D_THREAD_SAFE  conftest.c >&5
configure:18502: $? = 0
configure:18502: result: yes
configure:18502: checking stddef.h presence
configure:18502: gcc -std=gnu99 -E -D_GNU_SOURCE -D_REENTRANT -D_THREAD_SAFE  conftest.c
configure:18502: $? = 0
configure:18502: result: yes
configure:18502: checking for stddef.h
configure:18502: result: yes
configure:18502: checking for stdlib.h
configure:18502: result: yes
configure:18502: checking for string.h
configure:18502: result: yes
configure:18502: checking sys/socket.h usability
configure:18502: gcc -std=gnu99 -c -g -O2 -D_GNU_SOURCE -D_REENTRANT -D_THREAD_SAFE  conftest.c >&5
configure:18502: $? = 0
configure:18502: result: yes
configure:18502: checking sys/socket.h presence
configure:18502: gcc -std=gnu99 -E -D_GNU_SOURCE -D_REENTRANT -D_THREAD_SAFE  conftest.c
configure:18502: $? = 0
configure:18502: result: yes
configure:18502: checking for sys/socket.h
configure:18502: result: yes
configure:18502: checking sys/time.h usability
configure:18502: gcc -std=gnu99 -c -g -O2 -D_GNU_SOURCE -D_REENTRANT -D_THREAD_SAFE  conftest.c >&5
configure:18502: $? = 0
configure:18502: result: yes
configure:18502: checking sys/time.h presence
configure:18502: gcc -std=gnu99 -E -D_GNU_SOURCE -D_REENTRANT -D_THREAD_SAFE  conftest.c
configure:18502: $? = 0
configure:18502: result: yes
configure:18502: checking for sys/time.h
configure:18502: result: yes
configure:18502: checking for unistd.h
configure:18502: result: yes
configure:18502: checking limits.h usability
configure:18502: gcc -std=gnu99 -c -g -O2 -D_GNU_SOURCE -D_REENTRANT -D_THREAD_SAFE  conftest.c >&5
configure:18502: $? = 0
configure:18502: result: yes
configure:18502: checking limits.h presence
configure:18502: gcc -std=gnu99 -E -D_GNU_SOURCE -D_REENTRANT -D_THREAD_SAFE  conftest.c
configure:18502: $? = 0
configure:18502: result: yes
configure:18502: checking for limits.h
configure:18502: result: yes
configure:18516: checking ifaddrs.h usability
configure:18516: gcc -std=gnu99 -c -g -O2 -D_GNU_SOURCE -D_REENTRANT -D_THREAD_SAFE  conftest.c >&5
configure:18516: $? = 0
configure:18516: result: yes
configure:18516: checking ifaddrs.h presence
configure:18516: gcc -std=gnu99 -E -D_GNU_SOURCE -D_REENTRANT -D_THREAD_SAFE  conftest.c
configure:18516: $? = 0
configure:18516: result: yes
configure:18516: checking for ifaddrs.h
configure:18516: result: yes
configure:18537: checking for stdbool.h that conforms to C99
configure:18604: g++ -c -g -O2 -D_GNU_SOURCE -D_REENTRANT -D_THREAD_SAFE  conftest.cpp >&5
configure:18604: $? = 0
configure:18611: result: yes
configure:18613: checking for _Bool
configure:18613: g++ -c -g -O2 -D_GNU_SOURCE -D_REENTRANT -D_THREAD_SAFE  conftest.cpp >&5
conftest.cpp: In function 'int main()':
conftest.cpp:77:13: error: '_Bool' was not declared in this scope
configure:18613: $? = 1
configure: failed program was:
| /* confdefs.h */
| #define PACKAGE_NAME "zeromq"
| #define PACKAGE_TARNAME "zeromq"
| #define PACKAGE_VERSION "2.1.11"
| #define PACKAGE_STRING "zeromq 2.1.11"
| #define PACKAGE_BUGREPORT "zeromq-dev@lists.zeromq.org"
| #define PACKAGE_URL ""
| #define PACKAGE "zeromq"
| #define VERSION "2.1.11"
| #define STDC_HEADERS 1
| #define HAVE_SYS_TYPES_H 1
| #define HAVE_SYS_STAT_H 1
| #define HAVE_STDLIB_H 1
| #define HAVE_STRING_H 1
| #define HAVE_MEMORY_H 1
| #define HAVE_STRINGS_H 1
| #define HAVE_INTTYPES_H 1
| #define HAVE_STDINT_H 1
| #define HAVE_UNISTD_H 1
| #define HAVE_DLFCN_H 1
| #define LT_OBJDIR ".libs/"
| #define HAVE_LIBPTHREAD 1
| #define ZMQ_HAVE_LINUX 1
| #define HAVE_LIBRT 1
| #define HAVE_LIBUUID 1
| #define STDC_HEADERS 1
| #define HAVE_ERRNO_H 1
| #define HAVE_ARPA_INET_H 1
| #define HAVE_NETINET_TCP_H 1
| #define HAVE_NETINET_IN_H 1
| #define HAVE_STDDEF_H 1
| #define HAVE_STDLIB_H 1
| #define HAVE_STRING_H 1
| #define HAVE_SYS_SOCKET_H 1
| #define HAVE_SYS_TIME_H 1
| #define HAVE_UNISTD_H 1
| #define HAVE_LIMITS_H 1
| #define HAVE_IFADDRS_H 1
| #define ZMQ_HAVE_IFADDRS 1
| /* end confdefs.h.  */
| #include <stdio.h>
| #ifdef HAVE_SYS_TYPES_H
| # include <sys/types.h>
| #endif
| #ifdef HAVE_SYS_STAT_H
| # include <sys/stat.h>
| #endif
| #ifdef STDC_HEADERS
| # include <stdlib.h>
| # include <stddef.h>
| #else
| # ifdef HAVE_STDLIB_H
| #  include <stdlib.h>
| # endif
| #endif
| #ifdef HAVE_STRING_H
| # if !defined STDC_HEADERS && defined HAVE_MEMORY_H
| #  include <memory.h>
| # endif
| # include <string.h>
| #endif
| #ifdef HAVE_STRINGS_H
| # include <strings.h>
| #endif
| #ifdef HAVE_INTTYPES_H
| # include <inttypes.h>
| #endif
| #ifdef HAVE_STDINT_H
| # include <stdint.h>
| #endif
| #ifdef HAVE_UNISTD_H
| # include <unistd.h>
| #endif
| int
| main ()
| {
| if (sizeof (_Bool))
| 	 return 0;
|   ;
|   return 0;
| }
configure:18613: result: no
configure:18630: checking for an ANSI C-conforming const
configure:18696: g++ -c -g -O2 -D_GNU_SOURCE -D_REENTRANT -D_THREAD_SAFE  conftest.cpp >&5
configure:18696: $? = 0
configure:18703: result: yes
configure:18711: checking for inline
configure:18727: g++ -c -g -O2 -D_GNU_SOURCE -D_REENTRANT -D_THREAD_SAFE  conftest.cpp >&5
configure:18727: $? = 0
configure:18735: result: inline
configure:18802: checking for size_t
configure:18802: g++ -c -g -O2 -D_GNU_SOURCE -D_REENTRANT -D_THREAD_SAFE  conftest.cpp >&5
configure:18802: $? = 0
configure:18802: g++ -c -g -O2 -D_GNU_SOURCE -D_REENTRANT -D_THREAD_SAFE  conftest.cpp >&5
conftest.cpp: In function 'int main()':
conftest.cpp:78:20: error: expected primary-expression before ')' token
configure:18802: $? = 1
configure: failed program was:
| /* confdefs.h */
| #define PACKAGE_NAME "zeromq"
| #define PACKAGE_TARNAME "zeromq"
| #define PACKAGE_VERSION "2.1.11"
| #define PACKAGE_STRING "zeromq 2.1.11"
| #define PACKAGE_BUGREPORT "zeromq-dev@lists.zeromq.org"
| #define PACKAGE_URL ""
| #define PACKAGE "zeromq"
| #define VERSION "2.1.11"
| #define STDC_HEADERS 1
| #define HAVE_SYS_TYPES_H 1
| #define HAVE_SYS_STAT_H 1
| #define HAVE_STDLIB_H 1
| #define HAVE_STRING_H 1
| #define HAVE_MEMORY_H 1
| #define HAVE_STRINGS_H 1
| #define HAVE_INTTYPES_H 1
| #define HAVE_STDINT_H 1
| #define HAVE_UNISTD_H 1
| #define HAVE_DLFCN_H 1
| #define LT_OBJDIR ".libs/"
| #define HAVE_LIBPTHREAD 1
| #define ZMQ_HAVE_LINUX 1
| #define HAVE_LIBRT 1
| #define HAVE_LIBUUID 1
| #define STDC_HEADERS 1
| #define HAVE_ERRNO_H 1
| #define HAVE_ARPA_INET_H 1
| #define HAVE_NETINET_TCP_H 1
| #define HAVE_NETINET_IN_H 1
| #define HAVE_STDDEF_H 1
| #define HAVE_STDLIB_H 1
| #define HAVE_STRING_H 1
| #define HAVE_SYS_SOCKET_H 1
| #define HAVE_SYS_TIME_H 1
| #define HAVE_UNISTD_H 1
| #define HAVE_LIMITS_H 1
| #define HAVE_IFADDRS_H 1
| #define ZMQ_HAVE_IFADDRS 1
| #define HAVE_STDBOOL_H 1
| /* end confdefs.h.  */
| #include <stdio.h>
| #ifdef HAVE_SYS_TYPES_H
| # include <sys/types.h>
| #endif
| #ifdef HAVE_SYS_STAT_H
| # include <sys/stat.h>
| #endif
| #ifdef STDC_HEADERS
| # include <stdlib.h>
| # include <stddef.h>
| #else
| # ifdef HAVE_STDLIB_H
| #  include <stdlib.h>
| # endif
| #endif
| #ifdef HAVE_STRING_H
| # if !defined STDC_HEADERS && defined HAVE_MEMORY_H
| #  include <memory.h>
| # endif
| # include <string.h>
| #endif
| #ifdef HAVE_STRINGS_H
| # include <strings.h>
| #endif
| #ifdef HAVE_INTTYPES_H
| # include <inttypes.h>
| #endif
| #ifdef HAVE_STDINT_H
| # include <stdint.h>
| #endif
| #ifdef HAVE_UNISTD_H
| # include <unistd.h>
| #endif
| int
| main ()
| {
| if (sizeof ((size_t)))
| 	    return 0;
|   ;
|   return 0;
| }
configure:18802: result: yes
configure:18813: checking for ssize_t
configure:18813: g++ -c -g -O2 -D_GNU_SOURCE -D_REENTRANT -D_THREAD_SAFE  conftest.cpp >&5
configure:18813: $? = 0
configure:18813: g++ -c -g -O2 -D_GNU_SOURCE -D_REENTRANT -D_THREAD_SAFE  conftest.cpp >&5
conftest.cpp: In function 'int main()':
conftest.cpp:78:21: error: expected primary-expression before ')' token
configure:18813: $? = 1
configure: failed program was:
| /* confdefs.h */
| #define PACKAGE_NAME "zeromq"
| #define PACKAGE_TARNAME "zeromq"
| #define PACKAGE_VERSION "2.1.11"
| #define PACKAGE_STRING "zeromq 2.1.11"
| #define PACKAGE_BUGREPORT "zeromq-dev@lists.zeromq.org"
| #define PACKAGE_URL ""
| #define PACKAGE "zeromq"
| #define VERSION "2.1.11"
| #define STDC_HEADERS 1
| #define HAVE_SYS_TYPES_H 1
| #define HAVE_SYS_STAT_H 1
| #define HAVE_STDLIB_H 1
| #define HAVE_STRING_H 1
| #define HAVE_MEMORY_H 1
| #define HAVE_STRINGS_H 1
| #define HAVE_INTTYPES_H 1
| #define HAVE_STDINT_H 1
| #define HAVE_UNISTD_H 1
| #define HAVE_DLFCN_H 1
| #define LT_OBJDIR ".libs/"
| #define HAVE_LIBPTHREAD 1
| #define ZMQ_HAVE_LINUX 1
| #define HAVE_LIBRT 1
| #define HAVE_LIBUUID 1
| #define STDC_HEADERS 1
| #define HAVE_ERRNO_H 1
| #define HAVE_ARPA_INET_H 1
| #define HAVE_NETINET_TCP_H 1
| #define HAVE_NETINET_IN_H 1
| #define HAVE_STDDEF_H 1
| #define HAVE_STDLIB_H 1
| #define HAVE_STRING_H 1
| #define HAVE_SYS_SOCKET_H 1
| #define HAVE_SYS_TIME_H 1
| #define HAVE_UNISTD_H 1
| #define HAVE_LIMITS_H 1
| #define HAVE_IFADDRS_H 1
| #define ZMQ_HAVE_IFADDRS 1
| #define HAVE_STDBOOL_H 1
| /* end confdefs.h.  */
| #include <stdio.h>
| #ifdef HAVE_SYS_TYPES_H
| # include <sys/types.h>
| #endif
| #ifdef HAVE_SYS_STAT_H
| # include <sys/stat.h>
| #endif
| #ifdef STDC_HEADERS
| # include <stdlib.h>
| # include <stddef.h>
| #else
| # ifdef HAVE_STDLIB_H
| #  include <stdlib.h>
| # endif
| #endif
| #ifdef HAVE_STRING_H
| # if !defined STDC_HEADERS && defined HAVE_MEMORY_H
| #  include <memory.h>
| # endif
| # include <string.h>
| #endif
| #ifdef HAVE_STRINGS_H
| # include <strings.h>
| #endif
| #ifdef HAVE_INTTYPES_H
| # include <inttypes.h>
| #endif
| #ifdef HAVE_STDINT_H
| # include <stdint.h>
| #endif
| #ifdef HAVE_UNISTD_H
| # include <unistd.h>
| #endif
| int
| main ()
| {
| if (sizeof ((ssize_t)))
| 	    return 0;
|   ;
|   return 0;
| }
configure:18813: result: yes
configure:18825: checking whether time.h and sys/time.h may both be included
configure:18845: g++ -c -g -O2 -D_GNU_SOURCE -D_REENTRANT -D_THREAD_SAFE  conftest.cpp >&5
configure:18845: $? = 0
configure:18852: result: yes
configure:18860: checking for uint32_t
configure:18860: g++ -c -g -O2 -D_GNU_SOURCE -D_REENTRANT -D_THREAD_SAFE  conftest.cpp >&5
configure:18860: $? = 0
configure:18860: result: yes
configure:18874: checking for working volatile
configure:18893: g++ -c -g -O2 -D_GNU_SOURCE -D_REENTRANT -D_THREAD_SAFE  conftest.cpp >&5
configure:18893: $? = 0
configure:18900: result: yes
configure:19404: checking how to enable additional warnings for C++ compiler
configure:19439: result: -Wall
configure:19451: checking how to turn warnings to errors in C++ compiler
configure:19482: result: -Werror
configure:19495: checking how to enable strict standards compliance in C++ compiler
configure:19530: result: -pedantic
configure:19565: checking return type of signal handlers
configure:19583: g++ -c -g -O2 -pedantic -Werror -Wall -D_GNU_SOURCE -D_REENTRANT -D_THREAD_SAFE  conftest.cpp >&5
conftest.cpp: In function 'int main()':
conftest.cpp:49:27: error: void value not ignored as it ought to be
configure:19583: $? = 1
configure: failed program was:
| /* confdefs.h */
| #define PACKAGE_NAME "zeromq"
| #define PACKAGE_TARNAME "zeromq"
| #define PACKAGE_VERSION "2.1.11"
| #define PACKAGE_STRING "zeromq 2.1.11"
| #define PACKAGE_BUGREPORT "zeromq-dev@lists.zeromq.org"
| #define PACKAGE_URL ""
| #define PACKAGE "zeromq"
| #define VERSION "2.1.11"
| #define STDC_HEADERS 1
| #define HAVE_SYS_TYPES_H 1
| #define HAVE_SYS_STAT_H 1
| #define HAVE_STDLIB_H 1
| #define HAVE_STRING_H 1
| #define HAVE_MEMORY_H 1
| #define HAVE_STRINGS_H 1
| #define HAVE_INTTYPES_H 1
| #define HAVE_STDINT_H 1
| #define HAVE_UNISTD_H 1
| #define HAVE_DLFCN_H 1
| #define LT_OBJDIR ".libs/"
| #define HAVE_LIBPTHREAD 1
| #define ZMQ_HAVE_LINUX 1
| #define HAVE_LIBRT 1
| #define HAVE_LIBUUID 1
| #define STDC_HEADERS 1
| #define HAVE_ERRNO_H 1
| #define HAVE_ARPA_INET_H 1
| #define HAVE_NETINET_TCP_H 1
| #define HAVE_NETINET_IN_H 1
| #define HAVE_STDDEF_H 1
| #define HAVE_STDLIB_H 1
| #define HAVE_STRING_H 1
| #define HAVE_SYS_SOCKET_H 1
| #define HAVE_SYS_TIME_H 1
| #define HAVE_UNISTD_H 1
| #define HAVE_LIMITS_H 1
| #define HAVE_IFADDRS_H 1
| #define ZMQ_HAVE_IFADDRS 1
| #define HAVE_STDBOOL_H 1
| #define TIME_WITH_SYS_TIME 1
| /* end confdefs.h.  */
| #include <sys/types.h>
| #include <signal.h>
| 
| int
| main ()
| {
| return *(signal (0, 0)) (0) == 1;
|   ;
|   return 0;
| }
configure:19590: result: void
configure:19601: checking for perror
configure:19601: g++ -o conftest -g -O2 -pedantic -Werror -Wall -D_GNU_SOURCE -D_REENTRANT -D_THREAD_SAFE   conftest.cpp -luuid -lrt -lpthread  >&5
configure:19601: $? = 0
configure:19601: result: yes
configure:19601: checking for gettimeofday
configure:19601: g++ -o conftest -g -O2 -pedantic -Werror -Wall -D_GNU_SOURCE -D_REENTRANT -D_THREAD_SAFE   conftest.cpp -luuid -lrt -lpthread  >&5
configure:19601: $? = 0
configure:19601: result: yes
configure:19601: checking for memset
configure:19601: g++ -o conftest -g -O2 -pedantic -Werror -Wall -D_GNU_SOURCE -D_REENTRANT -D_THREAD_SAFE   conftest.cpp -luuid -lrt -lpthread  >&5
configure:19601: $? = 0
configure:19601: result: yes
configure:19601: checking for socket
configure:19601: g++ -o conftest -g -O2 -pedantic -Werror -Wall -D_GNU_SOURCE -D_REENTRANT -D_THREAD_SAFE   conftest.cpp -luuid -lrt -lpthread  >&5
configure:19601: $? = 0
configure:19601: result: yes
configure:19601: checking for getifaddrs
configure:19601: g++ -o conftest -g -O2 -pedantic -Werror -Wall -D_GNU_SOURCE -D_REENTRANT -D_THREAD_SAFE   conftest.cpp -luuid -lrt -lpthread  >&5
configure:19601: $? = 0
configure:19601: result: yes
configure:19601: checking for freeifaddrs
configure:19601: g++ -o conftest -g -O2 -pedantic -Werror -Wall -D_GNU_SOURCE -D_REENTRANT -D_THREAD_SAFE   conftest.cpp -luuid -lrt -lpthread  >&5
configure:19601: $? = 0
configure:19601: result: yes
configure:19613: checking alloca.h usability
configure:19613: g++ -c -g -O2 -pedantic -Werror -Wall -D_GNU_SOURCE -D_REENTRANT -D_THREAD_SAFE  conftest.cpp >&5
configure:19613: $? = 0
configure:19613: result: yes
configure:19613: checking alloca.h presence
configure:19613: g++ -E -pedantic -Werror -Wall -D_GNU_SOURCE -D_REENTRANT -D_THREAD_SAFE  conftest.cpp
configure:19613: $? = 0
configure:19613: result: yes
configure:19613: checking for alloca.h
configure:19613: result: yes
configure:19624: checking whether SOCK_CLOEXEC is supported
configure:19644: g++ -o conftest -g -O2 -pedantic -Werror -Wall -D_GNU_SOURCE -D_REENTRANT -D_THREAD_SAFE   conftest.cpp -luuid -lrt -lpthread  >&5
configure:19644: $? = 0
configure:19644: ./conftest
configure:19644: $? = 0
configure:19645: result: yes
configure:19817: creating ./config.status

## ---------------------- ##
## Running config.status. ##
## ---------------------- ##

This file was extended by zeromq config.status 2.1.11, which was
generated by GNU Autoconf 2.69.  Invocation command line was

  CONFIG_FILES    = 
  CONFIG_HEADERS  = 
  CONFIG_LINKS    = 
  CONFIG_COMMANDS = 
  $ ./config.status 

on dastle-OEM

config.status:1207: creating Makefile
config.status:1207: creating src/Makefile
config.status:1207: creating doc/Makefile
config.status:1207: creating perf/Makefile
config.status:1207: creating src/libzmq.pc
config.status:1207: creating builds/msvc/Makefile
config.status:1207: creating tests/Makefile
config.status:1207: creating foreign/openpgm/Makefile
config.status:1207: creating builds/redhat/zeromq.spec
config.status:1207: creating src/platform.hpp
config.status:1388: src/platform.hpp is unchanged
config.status:1436: executing depfiles commands
config.status:1436: executing libtool commands

## ---------------- ##
## Cache variables. ##
## ---------------- ##

ac_cv_build=i686-pc-linux-gnu
ac_cv_c_compiler_gnu=yes
ac_cv_c_const=yes
ac_cv_c_inline=inline
ac_cv_c_uint32_t=yes
ac_cv_c_volatile=yes
ac_cv_cxx_compiler_gnu=yes
ac_cv_env_ASCIIDOC_set=
ac_cv_env_ASCIIDOC_value=
ac_cv_env_CCC_set=
ac_cv_env_CCC_value=
ac_cv_env_CC_set=
ac_cv_env_CC_value=
ac_cv_env_CFLAGS_set=
ac_cv_env_CFLAGS_value=
ac_cv_env_CPPFLAGS_set=
ac_cv_env_CPPFLAGS_value=
ac_cv_env_CPP_set=
ac_cv_env_CPP_value=
ac_cv_env_CXXCPP_set=
ac_cv_env_CXXCPP_value=
ac_cv_env_CXXFLAGS_set=
ac_cv_env_CXXFLAGS_value=
ac_cv_env_CXX_set=
ac_cv_env_CXX_value=
ac_cv_env_LDFLAGS_set=
ac_cv_env_LDFLAGS_value=
ac_cv_env_LIBS_set=
ac_cv_env_LIBS_value=
ac_cv_env_OpenPGM_CFLAGS_set=
ac_cv_env_OpenPGM_CFLAGS_value=
ac_cv_env_OpenPGM_LIBS_set=
ac_cv_env_OpenPGM_LIBS_value=
ac_cv_env_PKG_CONFIG_LIBDIR_set=
ac_cv_env_PKG_CONFIG_LIBDIR_value=
ac_cv_env_PKG_CONFIG_PATH_set=
ac_cv_env_PKG_CONFIG_PATH_value=
ac_cv_env_PKG_CONFIG_set=
ac_cv_env_PKG_CONFIG_value=
ac_cv_env_XMLTO_set=
ac_cv_env_XMLTO_value=
ac_cv_env_build_alias_set=
ac_cv_env_build_alias_value=
ac_cv_env_host_alias_set=
ac_cv_env_host_alias_value=
ac_cv_env_target_alias_set=
ac_cv_env_target_alias_value=
ac_cv_func_freeifaddrs=yes
ac_cv_func_getifaddrs=yes
ac_cv_func_gettimeofday=yes
ac_cv_func_memset=yes
ac_cv_func_perror=yes
ac_cv_func_socket=yes
ac_cv_header_alloca_h=yes
ac_cv_header_arpa_inet_h=yes
ac_cv_header_dlfcn_h=yes
ac_cv_header_errno_h=yes
ac_cv_header_ifaddrs_h=yes
ac_cv_header_inttypes_h=yes
ac_cv_header_limits_h=yes
ac_cv_header_memory_h=yes
ac_cv_header_netinet_in_h=yes
ac_cv_header_netinet_tcp_h=yes
ac_cv_header_stdbool_h=yes
ac_cv_header_stdc=yes
ac_cv_header_stddef_h=yes
ac_cv_header_stdint_h=yes
ac_cv_header_stdlib_h=yes
ac_cv_header_string_h=yes
ac_cv_header_strings_h=yes
ac_cv_header_sys_socket_h=yes
ac_cv_header_sys_stat_h=yes
ac_cv_header_sys_time_h=yes
ac_cv_header_sys_types_h=yes
ac_cv_header_time=yes
ac_cv_header_unistd_h=yes
ac_cv_host=i686-pc-linux-gnu
ac_cv_lib_pthread_pthread_create=yes
ac_cv_lib_rt_sem_init=yes
ac_cv_lib_uuid_uuid_generate=yes
ac_cv_objext=o
ac_cv_path_EGREP='/bin/grep -E'
ac_cv_path_FGREP='/bin/grep -F'
ac_cv_path_GREP=/bin/grep
ac_cv_path_SED=/bin/sed
ac_cv_path_install='/usr/bin/install -c'
ac_cv_path_mkdir=/bin/mkdir
ac_cv_prog_AWK=mawk
ac_cv_prog_CPP='gcc -std=gnu99 -E'
ac_cv_prog_CXXCPP='g++ -E'
ac_cv_prog_ac_ct_AR=ar
ac_cv_prog_ac_ct_CC=gcc
ac_cv_prog_ac_ct_CXX=g++
ac_cv_prog_ac_ct_DLLTOOL=dlltool
ac_cv_prog_ac_ct_MANIFEST_TOOL=mt
ac_cv_prog_ac_ct_OBJDUMP=objdump
ac_cv_prog_ac_ct_RANLIB=ranlib
ac_cv_prog_ac_ct_STRIP=strip
ac_cv_prog_cc_c89=
ac_cv_prog_cc_c99=-std=gnu99
ac_cv_prog_cc_g=yes
ac_cv_prog_cc_gcc_c_o=yes
ac_cv_prog_cxx_g=yes
ac_cv_prog_libzmq_have_asciidoc=no
ac_cv_prog_libzmq_have_xmlto=no
ac_cv_prog_make_make_set=yes
ac_cv_type__Bool=no
ac_cv_type_signal=void
ac_cv_type_size_t=yes
ac_cv_type_ssize_t=yes
am_cv_CC_dependencies_compiler_type=gcc3
am_cv_CXX_dependencies_compiler_type=gcc3
am_cv_make_support_nested_variables=yes
am_cv_prog_tar_ustar=gnutar
libzmq_cv_c_clang_compiler=no
libzmq_cv_c_compiler_works=yes
libzmq_cv_c_gcc4_compiler=yes
libzmq_cv_c_intel_compiler=no
libzmq_cv_c_sun_studio_compiler=no
libzmq_cv_check_lang_flag_save_CPPFLAGS='-D_GNU_SOURCE -D_REENTRANT -D_THREAD_SAFE '
libzmq_cv_cxx_clang_compiler=no
libzmq_cv_cxx_compiler_works=yes
libzmq_cv_cxx_gcc4_compiler=yes
libzmq_cv_cxx_intel_compiler=no
libzmq_cv_cxx_strict_flag=-pedantic
libzmq_cv_cxx_sun_studio_compiler=no
libzmq_cv_cxx_supports_flag__fvisibility_hidden=yes
libzmq_cv_cxx_visibility_flag=-fvisibility=hidden
libzmq_cv_cxx_wall_flag=-Wall
libzmq_cv_cxx_werror_flag=-Werror
libzmq_cv_cxx_werror_flag_save=
libzmq_cv_sock_cloexec=yes
lt_cv_ar_at_file=@
lt_cv_archive_cmds_need_lc=no
lt_cv_deplibs_check_method=pass_all
lt_cv_file_magic_cmd='$MAGIC_CMD'
lt_cv_file_magic_test_file=
lt_cv_ld_reload_flag=-r
lt_cv_nm_interface='BSD nm'
lt_cv_objdir=.libs
lt_cv_path_LD=/usr/bin/ld
lt_cv_path_LDCXX=/usr/bin/ld
lt_cv_path_NM='/usr/bin/nm -B'
lt_cv_path_mainfest_tool=no
lt_cv_prog_compiler_c_o=yes
lt_cv_prog_compiler_c_o_CXX=yes
lt_cv_prog_compiler_pic='-fPIC -DPIC'
lt_cv_prog_compiler_pic_CXX='-fPIC -DPIC'
lt_cv_prog_compiler_pic_works=yes
lt_cv_prog_compiler_pic_works_CXX=yes
lt_cv_prog_compiler_rtti_exceptions=no
lt_cv_prog_compiler_static_works=yes
lt_cv_prog_compiler_static_works_CXX=yes
lt_cv_prog_gnu_ld=yes
lt_cv_prog_gnu_ldcxx=yes
lt_cv_sharedlib_from_linklib_cmd='printf %s\n'
lt_cv_shlibpath_overrides_runpath=no
lt_cv_sys_global_symbol_pipe='sed -n -e '\''s/^.*[	 ]\([ABCDGIRSTW][ABCDGIRSTW]*\)[	 ][	 ]*\([_A-Za-z][_A-Za-z0-9]*\)$/\1 \2 \2/p'\'' | sed '\''/ __gnu_lto/d'\'''
lt_cv_sys_global_symbol_to_c_name_address='sed -n -e '\''s/^: \([^ ]*\)[ ]*$/  {\"\1\", (void *) 0},/p'\'' -e '\''s/^[ABCDGIRSTW]* \([^ ]*\) \([^ ]*\)$/  {"\2", (void *) \&\2},/p'\'''
lt_cv_sys_global_symbol_to_c_name_address_lib_prefix='sed -n -e '\''s/^: \([^ ]*\)[ ]*$/  {\"\1\", (void *) 0},/p'\'' -e '\''s/^[ABCDGIRSTW]* \([^ ]*\) \(lib[^ ]*\)$/  {"\2", (void *) \&\2},/p'\'' -e '\''s/^[ABCDGIRSTW]* \([^ ]*\) \([^ ]*\)$/  {"lib\2", (void *) \&\2},/p'\'''
lt_cv_sys_global_symbol_to_cdecl='sed -n -e '\''s/^T .* \(.*\)$/extern int \1();/p'\'' -e '\''s/^[ABCDGIRSTW]* .* \(.*\)$/extern char \1;/p'\'''
lt_cv_sys_max_cmd_len=1572864
lt_cv_to_host_file_cmd=func_convert_file_noop
lt_cv_to_tool_file_cmd=func_convert_file_noop

## ----------------- ##
## Output variables. ##
## ----------------- ##

ACLOCAL='${SHELL} /home/dastle/Documents/db3/ext/zeromq/config/missing --run aclocal-1.11'
AMDEPBACKSLASH='\'
AMDEP_FALSE='#'
AMDEP_TRUE=''
AMTAR='$${TAR-tar}'
AM_BACKSLASH='\'
AM_DEFAULT_V='$(AM_DEFAULT_VERBOSITY)'
AM_DEFAULT_VERBOSITY='0'
AM_V='$(V)'
AR='ar'
AS='as'
ASCIIDOC=''
AUTOCONF='${SHELL} /home/dastle/Documents/db3/ext/zeromq/config/missing --run autoconf'
AUTOHEADER='${SHELL} /home/dastle/Documents/db3/ext/zeromq/config/missing --run autoheader'
AUTOMAKE='${SHELL} /home/dastle/Documents/db3/ext/zeromq/config/missing --run automake-1.11'
AWK='mawk'
BUILD_DOC_FALSE=''
BUILD_DOC_TRUE='#'
BUILD_PGM_FALSE=''
BUILD_PGM_TRUE='#'
CC='gcc -std=gnu99'
CCDEPMODE='depmode=gcc3'
CFLAGS='-g -O2'
CPP='gcc -std=gnu99 -E'
CPPFLAGS='-pedantic -Werror -Wall -D_GNU_SOURCE -D_REENTRANT -D_THREAD_SAFE '
CXX='g++'
CXXCPP='g++ -E'
CXXDEPMODE='depmode=gcc3'
CXXFLAGS='-g -O2'
CYGPATH_W='echo'
DEFS='-DHAVE_CONFIG_H'
DEPDIR='.deps'
DLLTOOL='dlltool'
DSYMUTIL=''
DUMPBIN=''
ECHO_C=''
ECHO_N='-n'
ECHO_T=''
EGREP='/bin/grep -E'
EXEEXT=''
FGREP='/bin/grep -F'
GREP='/bin/grep'
INSTALL_DATA='${INSTALL} -m 644'
INSTALL_MAN_FALSE=''
INSTALL_MAN_TRUE='#'
INSTALL_PROGRAM='${INSTALL}'
INSTALL_SCRIPT='${INSTALL}'
INSTALL_STRIP_PROGRAM='$(install_sh) -c -s'
LD='/usr/bin/ld'
LDFLAGS=''
LIBOBJS=''
LIBS='-luuid -lrt -lpthread '
LIBTOOL='$(SHELL) $(top_builddir)/libtool'
LIBZMQ_EXTRA_CFLAGS=''
LIBZMQ_EXTRA_CXXFLAGS='-fvisibility=hidden '
LIBZMQ_EXTRA_LDFLAGS=''
LIPO=''
LN_S='ln -s'
LTLIBOBJS=''
LTVER='1:0:0'
MAKEINFO='${SHELL} /home/dastle/Documents/db3/ext/zeromq/config/missing --run makeinfo'
MANIFEST_TOOL=':'
MKDIR_P='/bin/mkdir -p'
NM='/usr/bin/nm -B'
NMEDIT=''
OBJDUMP='objdump'
OBJEXT='o'
ON_MINGW_FALSE=''
ON_MINGW_TRUE='#'
OTOOL64=''
OTOOL=''
OpenPGM_CFLAGS=''
OpenPGM_LIBS=''
PACKAGE='zeromq'
PACKAGE_BUGREPORT='zeromq-dev@lists.zeromq.org'
PACKAGE_NAME='zeromq'
PACKAGE_STRING='zeromq 2.1.11'
PACKAGE_TARNAME='zeromq'
PACKAGE_URL=''
PACKAGE_VERSION='2.1.11'
PATH_SEPARATOR=':'
PKG_CONFIG=''
PKG_CONFIG_LIBDIR=''
PKG_CONFIG_PATH=''
RANLIB='ranlib'
SED='/bin/sed'
SET_MAKE=''
SHELL='/bin/bash'
STRIP='strip'
VERSION='2.1.11'
XMLTO=''
ac_ct_AR='ar'
ac_ct_CC='gcc'
ac_ct_CXX='g++'
ac_ct_DUMPBIN=''
am__EXEEXT_FALSE=''
am__EXEEXT_TRUE='#'
am__fastdepCC_FALSE='#'
am__fastdepCC_TRUE=''
am__fastdepCXX_FALSE='#'
am__fastdepCXX_TRUE=''
am__include='include'
am__isrc=''
am__leading_dot='.'
am__nodep='_no'
am__quote=''
am__tar='tar --format=ustar -chf - "$$tardir"'
am__untar='tar -xf -'
bindir='${exec_prefix}/bin'
build='i686-pc-linux-gnu'
build_alias=''
build_cpu='i686'
build_os='linux-gnu'
build_vendor='pc'
datadir='${datarootdir}'
datarootdir='${prefix}/share'
docdir='${datarootdir}/doc/${PACKAGE_TARNAME}'
dvidir='${docdir}'
exec_prefix='${prefix}'
host='i686-pc-linux-gnu'
host_alias=''
host_cpu='i686'
host_os='linux-gnu'
host_vendor='pc'
htmldir='${docdir}'
includedir='${prefix}/include'
infodir='${datarootdir}/info'
install_sh='${SHELL} /home/dastle/Documents/db3/ext/zeromq/config/install-sh'
libdir='${exec_prefix}/lib'
libexecdir='${exec_prefix}/libexec'
libzmq_have_asciidoc='no'
libzmq_have_xmlto='no'
localedir='${datarootdir}/locale'
localstatedir='${prefix}/var'
mandir='${datarootdir}/man'
mkdir_p='/bin/mkdir -p'
oldincludedir='/usr/include'
pdfdir='${docdir}'
pgm_basename='libpgm-5.1.118~dfsg'
pgm_srcdir=''
pgm_subdir=''
prefix='/home/dastle/Documents/db3/ext/zeromq'
program_transform_name='s,x,x,'
psdir='${docdir}'
sbindir='${exec_prefix}/sbin'
sharedstatedir='${prefix}/com'
subdirs=''
sysconfdir='${prefix}/etc'
target_alias=''

## ----------- ##
## confdefs.h. ##
## ----------- ##

/* confdefs.h */
#define PACKAGE_NAME "zeromq"
#define PACKAGE_TARNAME "zeromq"
#define PACKAGE_VERSION "2.1.11"
#define PACKAGE_STRING "zeromq 2.1.11"
#define PACKAGE_BUGREPORT "zeromq-dev@lists.zeromq.org"
#define PACKAGE_URL ""
#define PACKAGE "zeromq"
#define VERSION "2.1.11"
#define STDC_HEADERS 1
#define HAVE_SYS_TYPES_H 1
#define HAVE_SYS_STAT_H 1
#define HAVE_STDLIB_H 1
#define HAVE_STRING_H 1
#define HAVE_MEMORY_H 1
#define HAVE_STRINGS_H 1
#define HAVE_INTTYPES_H 1
#define HAVE_STDINT_H 1
#define HAVE_UNISTD_H 1
#define HAVE_DLFCN_H 1
#define LT_OBJDIR ".libs/"
#define HAVE_LIBPTHREAD 1
#define ZMQ_HAVE_LINUX 1
#define HAVE_LIBRT 1
#define HAVE_LIBUUID 1
#define STDC_HEADERS 1
#define HAVE_ERRNO_H 1
#define HAVE_ARPA_INET_H 1
#define HAVE_NETINET_TCP_H 1
#define HAVE_NETINET_IN_H 1
#define HAVE_STDDEF_H 1
#define HAVE_STDLIB_H 1
#define HAVE_STRING_H 1
#define HAVE_SYS_SOCKET_H 1
#define HAVE_SYS_TIME_H 1
#define HAVE_UNISTD_H 1
#define HAVE_LIMITS_H 1
#define HAVE_IFADDRS_H 1
#define ZMQ_HAVE_IFADDRS 1
#define HAVE_STDBOOL_H 1
#define TIME_WITH_SYS_TIME 1
#define RETSIGTYPE void
#define HAVE_PERROR 1
#define HAVE_GETTIMEOFDAY 1
#define HAVE_MEMSET 1
#define HAVE_SOCKET 1
#define HAVE_GETIFADDRS 1
#define HAVE_FREEIFADDRS 1
#define HAVE_ALLOCA_H 1
#define HAVE_SOCK_CLOEXEC 1

configure: exit 0
