This file contains any messages produced by compilers while
running configure, to aid debugging if configure makes a mistake.

It was created by zookeeper C client configure 3.3.3, which was
generated by GNU Autoconf 2.69.  Invocation command line was

  $ ./configure --prefix=/home/dastle/Documents/db3/ext/zookeeper

## --------- ##
## Platform. ##
## --------- ##

hostname = dastle-OEM
uname -m = i686
uname -r = 3.5.0-17-generic
uname -s = Linux
uname -v = #28-Ubuntu SMP Tue Oct 9 19:32:08 UTC 2012

/usr/bin/uname -p = unknown
/bin/uname -X     = unknown

/bin/arch              = unknown
/usr/bin/arch -k       = unknown
/usr/convex/getsysinfo = unknown
/usr/bin/hostinfo      = unknown
/bin/machine           = unknown
/usr/bin/oslevel       = unknown
/bin/universe          = unknown

PATH: /usr/lib/lightdm/lightdm
PATH: /usr/local/sbin
PATH: /usr/local/bin
PATH: /usr/sbin
PATH: /usr/bin
PATH: /sbin
PATH: /bin
PATH: /usr/games
PATH: /usr/local/games


## ----------- ##
## Core tests. ##
## ----------- ##

configure:2581: checking for doxygen
configure:2614: result: no
configure:2687: checking for perl
configure:2705: found /usr/bin/perl
configure:2717: result: /usr/bin/perl
configure:2859: checking for dot
configure:2892: result: no
configure:4446: checking for a BSD-compatible install
configure:4514: result: /usr/bin/install -c
configure:4525: checking whether build environment is sane
configure:4575: result: yes
configure:4716: checking for a thread-safe mkdir -p
configure:4755: result: /bin/mkdir -p
configure:4768: checking for gawk
configure:4798: result: no
configure:4768: checking for mawk
configure:4784: found /usr/bin/mawk
configure:4795: result: mawk
configure:4806: checking whether make sets $(MAKE)
configure:4828: result: yes
configure:4958: checking for cppunit-config
configure:4976: found /usr/bin/cppunit-config
configure:4989: result: /usr/bin/cppunit-config
configure:4999: checking for Cppunit - version >= 1.10.2
configure:5045: result: 1.12.1
configure:5071: checking for generated/zookeeper.jute.c
configure:5084: result: yes
configure:5096: checking for generated/zookeeper.jute.h
configure:5109: result: yes
configure:5173: checking for gcc
configure:5189: found /usr/bin/gcc
configure:5200: result: gcc
configure:5429: checking for C compiler version
configure:5438: gcc --version >&5
gcc (Ubuntu/Linaro 4.7.2-2ubuntu1) 4.7.2
Copyright (C) 2012 Free Software Foundation, Inc.
This is free software; see the source for copying conditions.  There is NO
warranty; not even for MERCHANTABILITY or FITNESS FOR A PARTICULAR PURPOSE.

configure:5449: $? = 0
configure:5438: gcc -v >&5
Using built-in specs.
COLLECT_GCC=gcc
COLLECT_LTO_WRAPPER=/usr/lib/gcc/i686-linux-gnu/4.7/lto-wrapper
Target: i686-linux-gnu
Configured with: ../src/configure -v --with-pkgversion='Ubuntu/Linaro 4.7.2-2ubuntu1' --with-bugurl=file:///usr/share/doc/gcc-4.7/README.Bugs --enable-languages=c,c++,go,fortran,objc,obj-c++ --prefix=/usr --program-suffix=-4.7 --enable-shared --enable-linker-build-id --with-system-zlib --libexecdir=/usr/lib --without-included-gettext --enable-threads=posix --with-gxx-include-dir=/usr/include/c++/4.7 --libdir=/usr/lib --enable-nls --with-sysroot=/ --enable-clocale=gnu --enable-libstdcxx-debug --enable-libstdcxx-time=yes --enable-gnu-unique-object --enable-plugin --enable-objc-gc --enable-targets=all --disable-werror --with-arch-32=i686 --with-tune=generic --enable-checking=release --build=i686-linux-gnu --host=i686-linux-gnu --target=i686-linux-gnu
Thread model: posix
gcc version 4.7.2 (Ubuntu/Linaro 4.7.2-2ubuntu1) 
configure:5449: $? = 0
configure:5438: gcc -V >&5
gcc: error: unrecognized command line option '-V'
gcc: fatal error: no input files
compilation terminated.
configure:5449: $? = 4
configure:5438: gcc -qversion >&5
gcc: error: unrecognized command line option '-qversion'
gcc: fatal error: no input files
compilation terminated.
configure:5449: $? = 4
configure:5469: checking whether the C compiler works
configure:5491: gcc    conftest.c  >&5
configure:5495: $? = 0
configure:5543: result: yes
configure:5546: checking for C compiler default output file name
configure:5548: result: a.out
configure:5554: checking for suffix of executables
configure:5561: gcc -o conftest    conftest.c  >&5
configure:5565: $? = 0
configure:5587: result: 
configure:5609: checking whether we are cross compiling
configure:5617: gcc -o conftest    conftest.c  >&5
configure:5621: $? = 0
configure:5628: ./conftest
configure:5632: $? = 0
configure:5647: result: no
configure:5652: checking for suffix of object files
configure:5674: gcc -c   conftest.c >&5
configure:5678: $? = 0
configure:5699: result: o
configure:5703: checking whether we are using the GNU C compiler
configure:5722: gcc -c   conftest.c >&5
configure:5722: $? = 0
configure:5731: result: yes
configure:5740: checking whether gcc accepts -g
configure:5760: gcc -c -g  conftest.c >&5
configure:5760: $? = 0
configure:5801: result: yes
configure:5818: checking for gcc option to accept ISO C89
configure:5881: gcc  -c -g -O2  conftest.c >&5
configure:5881: $? = 0
configure:5894: result: none needed
configure:5925: checking for style of include used by make
configure:5953: result: GNU
configure:5979: checking dependency style of gcc
configure:6090: result: gcc3
configure:6106: checking whether gcc and cc understand -c and -o together
configure:6137: gcc -c conftest.c -o conftest2.o >&5
configure:6141: $? = 0
configure:6147: gcc -c conftest.c -o conftest2.o >&5
configure:6151: $? = 0
configure:6162: cc -c conftest.c >&5
configure:6166: $? = 0
configure:6174: cc -c conftest.c -o conftest2.o >&5
configure:6178: $? = 0
configure:6184: cc -c conftest.c -o conftest2.o >&5
configure:6188: $? = 0
configure:6206: result: yes
configure:6289: checking for g++
configure:6305: found /usr/bin/g++
configure:6316: result: g++
configure:6343: checking for C++ compiler version
configure:6352: g++ --version >&5
g++ (Ubuntu/Linaro 4.7.2-2ubuntu1) 4.7.2
Copyright (C) 2012 Free Software Foundation, Inc.
This is free software; see the source for copying conditions.  There is NO
warranty; not even for MERCHANTABILITY or FITNESS FOR A PARTICULAR PURPOSE.

configure:6363: $? = 0
configure:6352: g++ -v >&5
Using built-in specs.
COLLECT_GCC=g++
COLLECT_LTO_WRAPPER=/usr/lib/gcc/i686-linux-gnu/4.7/lto-wrapper
Target: i686-linux-gnu
Configured with: ../src/configure -v --with-pkgversion='Ubuntu/Linaro 4.7.2-2ubuntu1' --with-bugurl=file:///usr/share/doc/gcc-4.7/README.Bugs --enable-languages=c,c++,go,fortran,objc,obj-c++ --prefix=/usr --program-suffix=-4.7 --enable-shared --enable-linker-build-id --with-system-zlib --libexecdir=/usr/lib --without-included-gettext --enable-threads=posix --with-gxx-include-dir=/usr/include/c++/4.7 --libdir=/usr/lib --enable-nls --with-sysroot=/ --enable-clocale=gnu --enable-libstdcxx-debug --enable-libstdcxx-time=yes --enable-gnu-unique-object --enable-plugin --enable-objc-gc --enable-targets=all --disable-werror --with-arch-32=i686 --with-tune=generic --enable-checking=release --build=i686-linux-gnu --host=i686-linux-gnu --target=i686-linux-gnu
Thread model: posix
gcc version 4.7.2 (Ubuntu/Linaro 4.7.2-2ubuntu1) 
configure:6363: $? = 0
configure:6352: g++ -V >&5
g++: error: unrecognized command line option '-V'
g++: fatal error: no input files
compilation terminated.
configure:6363: $? = 4
configure:6352: g++ -qversion >&5
g++: error: unrecognized command line option '-qversion'
g++: fatal error: no input files
compilation terminated.
configure:6363: $? = 4
configure:6367: checking whether we are using the GNU C++ compiler
configure:6386: g++ -c   conftest.cpp >&5
configure:6386: $? = 0
configure:6395: result: yes
configure:6404: checking whether g++ accepts -g
configure:6424: g++ -c -g  conftest.cpp >&5
configure:6424: $? = 0
configure:6465: result: yes
configure:6490: checking dependency style of g++
configure:6601: result: gcc3
configure:6617: checking whether ln -s works
configure:6621: result: yes
configure:6659: checking build system type
configure:6673: result: i686-pc-linux-gnu
configure:6693: checking host system type
configure:6706: result: i686-pc-linux-gnu
configure:6747: checking how to print strings
configure:6774: result: printf
configure:6795: checking for a sed that does not truncate output
configure:6859: result: /bin/sed
configure:6877: checking for grep that handles long lines and -e
configure:6935: result: /bin/grep
configure:6940: checking for egrep
configure:7002: result: /bin/grep -E
configure:7007: checking for fgrep
configure:7069: result: /bin/grep -F
configure:7104: checking for ld used by gcc
configure:7171: result: /usr/bin/ld
configure:7178: checking if the linker (/usr/bin/ld) is GNU ld
configure:7193: result: yes
configure:7205: checking for BSD- or MS-compatible name lister (nm)
configure:7254: result: /usr/bin/nm -B
configure:7384: checking the name lister (/usr/bin/nm -B) interface
configure:7391: gcc -c -g -O2  conftest.c >&5
configure:7394: /usr/bin/nm -B "conftest.o"
configure:7397: output
00000000 B some_variable
configure:7404: result: BSD nm
configure:7408: checking the maximum length of command line arguments
configure:7538: result: 1572864
configure:7555: checking whether the shell understands some XSI constructs
configure:7565: result: yes
configure:7569: checking whether the shell understands "+="
configure:7575: result: yes
configure:7610: checking how to convert i686-pc-linux-gnu file names to i686-pc-linux-gnu format
configure:7650: result: func_convert_file_noop
configure:7657: checking how to convert i686-pc-linux-gnu file names to toolchain format
configure:7677: result: func_convert_file_noop
configure:7684: checking for /usr/bin/ld option to reload object files
configure:7691: result: -r
configure:7765: checking for objdump
configure:7781: found /usr/bin/objdump
configure:7792: result: objdump
configure:7824: checking how to recognize dependent libraries
configure:8026: result: pass_all
configure:8111: checking for dlltool
configure:8141: result: no
configure:8171: checking how to associate runtime and link libraries
configure:8198: result: printf %s\n
configure:8259: checking for ar
configure:8275: found /usr/bin/ar
configure:8286: result: ar
configure:8323: checking for archiver @FILE support
configure:8340: gcc -c -g -O2  conftest.c >&5
configure:8340: $? = 0
configure:8343: ar cru libconftest.a @conftest.lst >&5
configure:8346: $? = 0
configure:8351: ar cru libconftest.a @conftest.lst >&5
ar: conftest.o: No such file or directory
configure:8354: $? = 1
configure:8366: result: @
configure:8424: checking for strip
configure:8440: found /usr/bin/strip
configure:8451: result: strip
configure:8523: checking for ranlib
configure:8539: found /usr/bin/ranlib
configure:8550: result: ranlib
configure:8652: checking command to parse /usr/bin/nm -B output from gcc object
configure:8772: gcc -c -g -O2  conftest.c >&5
configure:8775: $? = 0
configure:8779: /usr/bin/nm -B conftest.o \| sed -n -e 's/^.*[ ]\([ABCDGIRSTW][ABCDGIRSTW]*\)[ ][ ]*\([_A-Za-z][_A-Za-z0-9]*\)$/\1 \2 \2/p' | sed '/ __gnu_lto/d' \> conftest.nm
configure:8782: $? = 0
configure:8848: gcc -o conftest -g -O2   conftest.c conftstm.o >&5
configure:8851: $? = 0
configure:8889: result: ok
configure:8926: checking for sysroot
configure:8956: result: no
configure:9212: checking for mt
configure:9228: found /bin/mt
configure:9239: result: mt
configure:9262: checking if mt is a manifest tool
configure:9268: mt '-?'
configure:9276: result: no
configure:9918: checking how to run the C preprocessor
configure:9949: gcc -E  conftest.c
configure:9949: $? = 0
configure:9963: gcc -E  conftest.c
conftest.c:13:28: fatal error: ac_nonexistent.h: No such file or directory
compilation terminated.
configure:9963: $? = 1
configure: failed program was:
| /* confdefs.h */
| #define PACKAGE_NAME "zookeeper C client"
| #define PACKAGE_TARNAME "c-client-src"
| #define PACKAGE_VERSION "3.3.3"
| #define PACKAGE_STRING "zookeeper C client 3.3.3"
| #define PACKAGE_BUGREPORT "zookeeper-user@hadoop.apache.org"
| #define PACKAGE_URL ""
| #define PACKAGE "c-client-src"
| #define VERSION "3.3.3"
| #define HAVE_GENERATED_ZOOKEEPER_JUTE_C 1
| #define HAVE_GENERATED_ZOOKEEPER_JUTE_H 1
| /* end confdefs.h.  */
| #include <ac_nonexistent.h>
configure:9988: result: gcc -E
configure:10008: gcc -E  conftest.c
configure:10008: $? = 0
configure:10022: gcc -E  conftest.c
conftest.c:13:28: fatal error: ac_nonexistent.h: No such file or directory
compilation terminated.
configure:10022: $? = 1
configure: failed program was:
| /* confdefs.h */
| #define PACKAGE_NAME "zookeeper C client"
| #define PACKAGE_TARNAME "c-client-src"
| #define PACKAGE_VERSION "3.3.3"
| #define PACKAGE_STRING "zookeeper C client 3.3.3"
| #define PACKAGE_BUGREPORT "zookeeper-user@hadoop.apache.org"
| #define PACKAGE_URL ""
| #define PACKAGE "c-client-src"
| #define VERSION "3.3.3"
| #define HAVE_GENERATED_ZOOKEEPER_JUTE_C 1
| #define HAVE_GENERATED_ZOOKEEPER_JUTE_H 1
| /* end confdefs.h.  */
| #include <ac_nonexistent.h>
configure:10051: checking for ANSI C header files
configure:10071: gcc -c -g -O2  conftest.c >&5
configure:10071: $? = 0
configure:10144: gcc -o conftest -g -O2   conftest.c  >&5
configure:10144: $? = 0
configure:10144: ./conftest
configure:10144: $? = 0
configure:10155: result: yes
configure:10168: checking for sys/types.h
configure:10168: gcc -c -g -O2  conftest.c >&5
configure:10168: $? = 0
configure:10168: result: yes
configure:10168: checking for sys/stat.h
configure:10168: gcc -c -g -O2  conftest.c >&5
configure:10168: $? = 0
configure:10168: result: yes
configure:10168: checking for stdlib.h
configure:10168: gcc -c -g -O2  conftest.c >&5
configure:10168: $? = 0
configure:10168: result: yes
configure:10168: checking for string.h
configure:10168: gcc -c -g -O2  conftest.c >&5
configure:10168: $? = 0
configure:10168: result: yes
configure:10168: checking for memory.h
configure:10168: gcc -c -g -O2  conftest.c >&5
configure:10168: $? = 0
configure:10168: result: yes
configure:10168: checking for strings.h
configure:10168: gcc -c -g -O2  conftest.c >&5
configure:10168: $? = 0
configure:10168: result: yes
configure:10168: checking for inttypes.h
configure:10168: gcc -c -g -O2  conftest.c >&5
configure:10168: $? = 0
configure:10168: result: yes
configure:10168: checking for stdint.h
configure:10168: gcc -c -g -O2  conftest.c >&5
configure:10168: $? = 0
configure:10168: result: yes
configure:10168: checking for unistd.h
configure:10168: gcc -c -g -O2  conftest.c >&5
configure:10168: $? = 0
configure:10168: result: yes
configure:10182: checking for dlfcn.h
configure:10182: gcc -c -g -O2  conftest.c >&5
configure:10182: $? = 0
configure:10182: result: yes
configure:10399: checking for objdir
configure:10414: result: .libs
configure:10681: checking if gcc supports -fno-rtti -fno-exceptions
configure:10699: gcc -c -g -O2  -fno-rtti -fno-exceptions conftest.c >&5
cc1: warning: command line option '-fno-rtti' is valid for C++/ObjC++ but not for C [enabled by default]
configure:10703: $? = 0
configure:10716: result: no
configure:11043: checking for gcc option to produce PIC
configure:11050: result: -fPIC -DPIC
configure:11058: checking if gcc PIC flag -fPIC -DPIC works
configure:11076: gcc -c -g -O2  -fPIC -DPIC -DPIC conftest.c >&5
configure:11080: $? = 0
configure:11093: result: yes
configure:11122: checking if gcc static flag -static works
configure:11150: result: yes
configure:11165: checking if gcc supports -c -o file.o
configure:11186: gcc -c -g -O2  -o out/conftest2.o conftest.c >&5
configure:11190: $? = 0
configure:11212: result: yes
configure:11220: checking if gcc supports -c -o file.o
configure:11267: result: yes
configure:11300: checking whether the gcc linker (/usr/bin/ld) supports shared libraries
configure:12457: result: yes
configure:12494: checking whether -lc should be explicitly linked in
configure:12502: gcc -c -g -O2  conftest.c >&5
configure:12505: $? = 0
configure:12520: gcc -shared  -fPIC -DPIC conftest.o  -v -Wl,-soname -Wl,conftest -o conftest 2\>\&1 \| /bin/grep  -lc  \>/dev/null 2\>\&1
configure:12523: $? = 0
configure:12537: result: no
configure:12697: checking dynamic linker characteristics
configure:13208: gcc -o conftest -g -O2   -Wl,-rpath -Wl,/foo conftest.c  >&5
configure:13208: $? = 0
configure:13442: result: GNU/Linux ld.so
configure:13549: checking how to hardcode library paths into programs
configure:13574: result: immediate
configure:14114: checking whether stripping libraries is possible
configure:14119: result: yes
configure:14154: checking if libtool supports shared libraries
configure:14156: result: yes
configure:14159: checking whether to build shared libraries
configure:14180: result: yes
configure:14183: checking whether to build static libraries
configure:14187: result: yes
configure:14210: checking how to run the C++ preprocessor
configure:14237: g++ -E  conftest.cpp
configure:14237: $? = 0
configure:14251: g++ -E  conftest.cpp
conftest.cpp:25:28: fatal error: ac_nonexistent.h: No such file or directory
compilation terminated.
configure:14251: $? = 1
configure: failed program was:
| /* confdefs.h */
| #define PACKAGE_NAME "zookeeper C client"
| #define PACKAGE_TARNAME "c-client-src"
| #define PACKAGE_VERSION "3.3.3"
| #define PACKAGE_STRING "zookeeper C client 3.3.3"
| #define PACKAGE_BUGREPORT "zookeeper-user@hadoop.apache.org"
| #define PACKAGE_URL ""
| #define PACKAGE "c-client-src"
| #define VERSION "3.3.3"
| #define HAVE_GENERATED_ZOOKEEPER_JUTE_C 1
| #define HAVE_GENERATED_ZOOKEEPER_JUTE_H 1
| #define STDC_HEADERS 1
| #define HAVE_SYS_TYPES_H 1
| #define HAVE_SYS_STAT_H 1
| #define HAVE_STDLIB_H 1
| #define HAVE_STRING_H 1
| #define HAVE_MEMORY_H 1
| #define HAVE_STRINGS_H 1
| #define HAVE_INTTYPES_H 1
| #define HAVE_STDINT_H 1
| #define HAVE_UNISTD_H 1
| #define HAVE_DLFCN_H 1
| #define LT_OBJDIR ".libs/"
| /* end confdefs.h.  */
| #include <ac_nonexistent.h>
configure:14276: result: g++ -E
configure:14296: g++ -E  conftest.cpp
configure:14296: $? = 0
configure:14310: g++ -E  conftest.cpp
conftest.cpp:25:28: fatal error: ac_nonexistent.h: No such file or directory
compilation terminated.
configure:14310: $? = 1
configure: failed program was:
| /* confdefs.h */
| #define PACKAGE_NAME "zookeeper C client"
| #define PACKAGE_TARNAME "c-client-src"
| #define PACKAGE_VERSION "3.3.3"
| #define PACKAGE_STRING "zookeeper C client 3.3.3"
| #define PACKAGE_BUGREPORT "zookeeper-user@hadoop.apache.org"
| #define PACKAGE_URL ""
| #define PACKAGE "c-client-src"
| #define VERSION "3.3.3"
| #define HAVE_GENERATED_ZOOKEEPER_JUTE_C 1
| #define HAVE_GENERATED_ZOOKEEPER_JUTE_H 1
| #define STDC_HEADERS 1
| #define HAVE_SYS_TYPES_H 1
| #define HAVE_SYS_STAT_H 1
| #define HAVE_STDLIB_H 1
| #define HAVE_STRING_H 1
| #define HAVE_MEMORY_H 1
| #define HAVE_STRINGS_H 1
| #define HAVE_INTTYPES_H 1
| #define HAVE_STDINT_H 1
| #define HAVE_UNISTD_H 1
| #define HAVE_DLFCN_H 1
| #define LT_OBJDIR ".libs/"
| /* end confdefs.h.  */
| #include <ac_nonexistent.h>
configure:14479: checking for ld used by g++
configure:14546: result: /usr/bin/ld
configure:14553: checking if the linker (/usr/bin/ld) is GNU ld
configure:14568: result: yes
configure:14623: checking whether the g++ linker (/usr/bin/ld) supports shared libraries
configure:15628: result: yes
configure:15664: g++ -c -g -O2  conftest.cpp >&5
configure:15667: $? = 0
configure:16187: checking for g++ option to produce PIC
configure:16194: result: -fPIC -DPIC
configure:16202: checking if g++ PIC flag -fPIC -DPIC works
configure:16220: g++ -c -g -O2  -fPIC -DPIC -DPIC conftest.cpp >&5
configure:16224: $? = 0
configure:16237: result: yes
configure:16260: checking if g++ static flag -static works
configure:16288: result: yes
configure:16300: checking if g++ supports -c -o file.o
configure:16321: g++ -c -g -O2  -o out/conftest2.o conftest.cpp >&5
configure:16325: $? = 0
configure:16347: result: yes
configure:16352: checking if g++ supports -c -o file.o
configure:16399: result: yes
configure:16429: checking whether the g++ linker (/usr/bin/ld) supports shared libraries
configure:16468: result: yes
configure:16609: checking dynamic linker characteristics
configure:17288: result: GNU/Linux ld.so
configure:17341: checking how to hardcode library paths into programs
configure:17366: result: immediate
configure:17450: checking for pthread_mutex_lock in -lpthread
configure:17475: gcc -o conftest -g -O2 -D_GNU_SOURCE   conftest.c -lpthread   >&5
configure:17475: $? = 0
configure:17484: result: yes
configure:17499: building with SyncAPI support
configure:17516: checking for ANSI C header files
configure:17620: result: yes
configure:17631: checking arpa/inet.h usability
configure:17631: gcc -c -g -O2 -D_GNU_SOURCE  conftest.c >&5
configure:17631: $? = 0
configure:17631: result: yes
configure:17631: checking arpa/inet.h presence
configure:17631: gcc -E  conftest.c
configure:17631: $? = 0
configure:17631: result: yes
configure:17631: checking for arpa/inet.h
configure:17631: result: yes
configure:17631: checking fcntl.h usability
configure:17631: gcc -c -g -O2 -D_GNU_SOURCE  conftest.c >&5
configure:17631: $? = 0
configure:17631: result: yes
configure:17631: checking fcntl.h presence
configure:17631: gcc -E  conftest.c
configure:17631: $? = 0
configure:17631: result: yes
configure:17631: checking for fcntl.h
configure:17631: result: yes
configure:17631: checking netdb.h usability
configure:17631: gcc -c -g -O2 -D_GNU_SOURCE  conftest.c >&5
configure:17631: $? = 0
configure:17631: result: yes
configure:17631: checking netdb.h presence
configure:17631: gcc -E  conftest.c
configure:17631: $? = 0
configure:17631: result: yes
configure:17631: checking for netdb.h
configure:17631: result: yes
configure:17631: checking netinet/in.h usability
configure:17631: gcc -c -g -O2 -D_GNU_SOURCE  conftest.c >&5
configure:17631: $? = 0
configure:17631: result: yes
configure:17631: checking netinet/in.h presence
configure:17631: gcc -E  conftest.c
configure:17631: $? = 0
configure:17631: result: yes
configure:17631: checking for netinet/in.h
configure:17631: result: yes
configure:17631: checking for stdlib.h
configure:17631: result: yes
configure:17631: checking for string.h
configure:17631: result: yes
configure:17631: checking sys/socket.h usability
configure:17631: gcc -c -g -O2 -D_GNU_SOURCE  conftest.c >&5
configure:17631: $? = 0
configure:17631: result: yes
configure:17631: checking sys/socket.h presence
configure:17631: gcc -E  conftest.c
configure:17631: $? = 0
configure:17631: result: yes
configure:17631: checking for sys/socket.h
configure:17631: result: yes
configure:17631: checking sys/time.h usability
configure:17631: gcc -c -g -O2 -D_GNU_SOURCE  conftest.c >&5
configure:17631: $? = 0
configure:17631: result: yes
configure:17631: checking sys/time.h presence
configure:17631: gcc -E  conftest.c
configure:17631: $? = 0
configure:17631: result: yes
configure:17631: checking for sys/time.h
configure:17631: result: yes
configure:17631: checking for unistd.h
configure:17631: result: yes
configure:17631: checking sys/utsname.h usability
configure:17631: gcc -c -g -O2 -D_GNU_SOURCE  conftest.c >&5
configure:17631: $? = 0
configure:17631: result: yes
configure:17631: checking sys/utsname.h presence
configure:17631: gcc -E  conftest.c
configure:17631: $? = 0
configure:17631: result: yes
configure:17631: checking for sys/utsname.h
configure:17631: result: yes
configure:17643: checking for an ANSI C-conforming const
configure:17709: gcc -c -g -O2 -D_GNU_SOURCE  conftest.c >&5
configure:17709: $? = 0
configure:17716: result: yes
configure:17724: checking for inline
configure:17740: gcc -c -g -O2 -D_GNU_SOURCE  conftest.c >&5
configure:17740: $? = 0
configure:17748: result: inline
configure:17766: checking whether time.h and sys/time.h may both be included
configure:17786: gcc -c -g -O2 -D_GNU_SOURCE  conftest.c >&5
configure:17786: $? = 0
configure:17793: result: yes
configure:17801: checking for nfds_t
configure:17801: gcc -c -g -O2 -D_GNU_SOURCE  conftest.c >&5
configure:17801: $? = 0
configure:17801: gcc -c -g -O2 -D_GNU_SOURCE  conftest.c >&5
conftest.c: In function 'main':
conftest.c:42:21: error: expected expression before ')' token
configure:17801: $? = 1
configure: failed program was:
| /* confdefs.h */
| #define PACKAGE_NAME "zookeeper C client"
| #define PACKAGE_TARNAME "c-client-src"
| #define PACKAGE_VERSION "3.3.3"
| #define PACKAGE_STRING "zookeeper C client 3.3.3"
| #define PACKAGE_BUGREPORT "zookeeper-user@hadoop.apache.org"
| #define PACKAGE_URL ""
| #define PACKAGE "c-client-src"
| #define VERSION "3.3.3"
| #define HAVE_GENERATED_ZOOKEEPER_JUTE_C 1
| #define HAVE_GENERATED_ZOOKEEPER_JUTE_H 1
| #define STDC_HEADERS 1
| #define HAVE_SYS_TYPES_H 1
| #define HAVE_SYS_STAT_H 1
| #define HAVE_STDLIB_H 1
| #define HAVE_STRING_H 1
| #define HAVE_MEMORY_H 1
| #define HAVE_STRINGS_H 1
| #define HAVE_INTTYPES_H 1
| #define HAVE_STDINT_H 1
| #define HAVE_UNISTD_H 1
| #define HAVE_DLFCN_H 1
| #define LT_OBJDIR ".libs/"
| #define STDC_HEADERS 1
| #define HAVE_ARPA_INET_H 1
| #define HAVE_FCNTL_H 1
| #define HAVE_NETDB_H 1
| #define HAVE_NETINET_IN_H 1
| #define HAVE_STDLIB_H 1
| #define HAVE_STRING_H 1
| #define HAVE_SYS_SOCKET_H 1
| #define HAVE_SYS_TIME_H 1
| #define HAVE_UNISTD_H 1
| #define HAVE_SYS_UTSNAME_H 1
| #define TIME_WITH_SYS_TIME 1
| /* end confdefs.h.  */
| #include <poll.h>
| 
| int
| main ()
| {
| if (sizeof ((nfds_t)))
| 	    return 0;
|   ;
|   return 0;
| }
configure:17801: result: yes
configure:17814: checking whether to enable ipv6
configure:17836: gcc -o conftest -g -O2 -D_GNU_SOURCE   conftest.c  >&5
conftest.c: In function 'main':
conftest.c:44:4: warning: incompatible implicit declaration of built-in function 'exit' [enabled by default]
configure:17836: $? = 0
configure:17836: ./conftest
configure:17836: $? = 0
configure:17837: result: yes
configure:17859: checking for getcwd
configure:17859: gcc -o conftest -g -O2 -D_GNU_SOURCE   conftest.c  >&5
configure:17859: $? = 0
configure:17859: result: yes
configure:17859: checking for gethostbyname
configure:17859: gcc -o conftest -g -O2 -D_GNU_SOURCE   conftest.c  >&5
configure:17859: $? = 0
configure:17859: result: yes
configure:17859: checking for gethostname
configure:17859: gcc -o conftest -g -O2 -D_GNU_SOURCE   conftest.c  >&5
configure:17859: $? = 0
configure:17859: result: yes
configure:17859: checking for getlogin
configure:17859: gcc -o conftest -g -O2 -D_GNU_SOURCE   conftest.c  >&5
configure:17859: $? = 0
configure:17859: result: yes
configure:17859: checking for getpwuid_r
configure:17859: gcc -o conftest -g -O2 -D_GNU_SOURCE   conftest.c  >&5
configure:17859: $? = 0
configure:17859: result: yes
configure:17859: checking for gettimeofday
configure:17859: gcc -o conftest -g -O2 -D_GNU_SOURCE   conftest.c  >&5
configure:17859: $? = 0
configure:17859: result: yes
configure:17859: checking for getuid
configure:17859: gcc -o conftest -g -O2 -D_GNU_SOURCE   conftest.c  >&5
configure:17859: $? = 0
configure:17859: result: yes
configure:17859: checking for memmove
configure:17859: gcc -o conftest -g -O2 -D_GNU_SOURCE   conftest.c  >&5
conftest.c:68:6: warning: conflicting types for built-in function 'memmove' [enabled by default]
configure:17859: $? = 0
configure:17859: result: yes
configure:17859: checking for memset
configure:17859: gcc -o conftest -g -O2 -D_GNU_SOURCE   conftest.c  >&5
conftest.c:69:6: warning: conflicting types for built-in function 'memset' [enabled by default]
configure:17859: $? = 0
configure:17859: result: yes
configure:17859: checking for poll
configure:17859: gcc -o conftest -g -O2 -D_GNU_SOURCE   conftest.c  >&5
configure:17859: $? = 0
configure:17859: result: yes
configure:17859: checking for socket
configure:17859: gcc -o conftest -g -O2 -D_GNU_SOURCE   conftest.c  >&5
configure:17859: $? = 0
configure:17859: result: yes
configure:17859: checking for strchr
configure:17859: gcc -o conftest -g -O2 -D_GNU_SOURCE   conftest.c  >&5
conftest.c:72:6: warning: conflicting types for built-in function 'strchr' [enabled by default]
configure:17859: $? = 0
configure:17859: result: yes
configure:17859: checking for strdup
configure:17859: gcc -o conftest -g -O2 -D_GNU_SOURCE   conftest.c  >&5
conftest.c:73:6: warning: conflicting types for built-in function 'strdup' [enabled by default]
configure:17859: $? = 0
configure:17859: result: yes
configure:17859: checking for strerror
configure:17859: gcc -o conftest -g -O2 -D_GNU_SOURCE   conftest.c  >&5
configure:17859: $? = 0
configure:17859: result: yes
configure:17859: checking for strtol
configure:17859: gcc -o conftest -g -O2 -D_GNU_SOURCE   conftest.c  >&5
configure:17859: $? = 0
configure:17859: result: yes
configure:18097: creating ./config.status

## ---------------------- ##
## Running config.status. ##
## ---------------------- ##

This file was extended by zookeeper C client config.status 3.3.3, which was
generated by GNU Autoconf 2.69.  Invocation command line was

  CONFIG_FILES    = 
  CONFIG_HEADERS  = 
  CONFIG_LINKS    = 
  CONFIG_COMMANDS = 
  $ ./config.status 

on dastle-OEM

config.status:1222: creating Makefile
config.status:1222: creating config.h
config.status:1403: config.h is unchanged
config.status:1451: executing depfiles commands
config.status:1451: executing libtool commands

## ---------------- ##
## Cache variables. ##
## ---------------- ##

ac_cv_build=i686-pc-linux-gnu
ac_cv_c_compiler_gnu=yes
ac_cv_c_const=yes
ac_cv_c_inline=inline
ac_cv_cxx_compiler_gnu=yes
ac_cv_env_CCC_set=
ac_cv_env_CCC_value=
ac_cv_env_CC_set=
ac_cv_env_CC_value=
ac_cv_env_CFLAGS_set=
ac_cv_env_CFLAGS_value=
ac_cv_env_CPPFLAGS_set=
ac_cv_env_CPPFLAGS_value=
ac_cv_env_CPP_set=
ac_cv_env_CPP_value=
ac_cv_env_CXXCPP_set=
ac_cv_env_CXXCPP_value=
ac_cv_env_CXXFLAGS_set=
ac_cv_env_CXXFLAGS_value=
ac_cv_env_CXX_set=
ac_cv_env_CXX_value=
ac_cv_env_DOXYGEN_PAPER_SIZE_set=
ac_cv_env_DOXYGEN_PAPER_SIZE_value=
ac_cv_env_LDFLAGS_set=
ac_cv_env_LDFLAGS_value=
ac_cv_env_LIBS_set=
ac_cv_env_LIBS_value=
ac_cv_env_build_alias_set=
ac_cv_env_build_alias_value=
ac_cv_env_host_alias_set=
ac_cv_env_host_alias_value=
ac_cv_env_target_alias_set=
ac_cv_env_target_alias_value=
ac_cv_file_generated_zookeeper_jute_c=yes
ac_cv_file_generated_zookeeper_jute_h=yes
ac_cv_func_getcwd=yes
ac_cv_func_gethostbyname=yes
ac_cv_func_gethostname=yes
ac_cv_func_getlogin=yes
ac_cv_func_getpwuid_r=yes
ac_cv_func_gettimeofday=yes
ac_cv_func_getuid=yes
ac_cv_func_memmove=yes
ac_cv_func_memset=yes
ac_cv_func_poll=yes
ac_cv_func_socket=yes
ac_cv_func_strchr=yes
ac_cv_func_strdup=yes
ac_cv_func_strerror=yes
ac_cv_func_strtol=yes
ac_cv_header_arpa_inet_h=yes
ac_cv_header_dlfcn_h=yes
ac_cv_header_fcntl_h=yes
ac_cv_header_inttypes_h=yes
ac_cv_header_memory_h=yes
ac_cv_header_netdb_h=yes
ac_cv_header_netinet_in_h=yes
ac_cv_header_stdc=yes
ac_cv_header_stdint_h=yes
ac_cv_header_stdlib_h=yes
ac_cv_header_string_h=yes
ac_cv_header_strings_h=yes
ac_cv_header_sys_socket_h=yes
ac_cv_header_sys_stat_h=yes
ac_cv_header_sys_time_h=yes
ac_cv_header_sys_types_h=yes
ac_cv_header_sys_utsname_h=yes
ac_cv_header_time=yes
ac_cv_header_unistd_h=yes
ac_cv_host=i686-pc-linux-gnu
ac_cv_lib_pthread_pthread_mutex_lock=yes
ac_cv_objext=o
ac_cv_path_CPPUNIT_CONFIG=/usr/bin/cppunit-config
ac_cv_path_EGREP='/bin/grep -E'
ac_cv_path_FGREP='/bin/grep -F'
ac_cv_path_GREP=/bin/grep
ac_cv_path_SED=/bin/sed
ac_cv_path_ac_pt_DX_PERL=/usr/bin/perl
ac_cv_path_install='/usr/bin/install -c'
ac_cv_path_mkdir=/bin/mkdir
ac_cv_prog_AWK=mawk
ac_cv_prog_CPP='gcc -E'
ac_cv_prog_CXXCPP='g++ -E'
ac_cv_prog_ac_ct_AR=ar
ac_cv_prog_ac_ct_CC=gcc
ac_cv_prog_ac_ct_CXX=g++
ac_cv_prog_ac_ct_MANIFEST_TOOL=mt
ac_cv_prog_ac_ct_OBJDUMP=objdump
ac_cv_prog_ac_ct_RANLIB=ranlib
ac_cv_prog_ac_ct_STRIP=strip
ac_cv_prog_cc_c89=
ac_cv_prog_cc_g=yes
ac_cv_prog_cc_gcc_c_o=yes
ac_cv_prog_cxx_g=yes
ac_cv_prog_make_make_set=yes
ac_cv_type_nfds_t=yes
am_cv_CC_dependencies_compiler_type=gcc3
am_cv_CXX_dependencies_compiler_type=gcc3
lt_cv_ar_at_file=@
lt_cv_archive_cmds_need_lc=no
lt_cv_deplibs_check_method=pass_all
lt_cv_file_magic_cmd='$MAGIC_CMD'
lt_cv_file_magic_test_file=
lt_cv_ld_reload_flag=-r
lt_cv_nm_interface='BSD nm'
lt_cv_objdir=.libs
lt_cv_path_LD=/usr/bin/ld
lt_cv_path_LDCXX=/usr/bin/ld
lt_cv_path_NM='/usr/bin/nm -B'
lt_cv_path_mainfest_tool=no
lt_cv_prog_compiler_c_o=yes
lt_cv_prog_compiler_c_o_CXX=yes
lt_cv_prog_compiler_pic='-fPIC -DPIC'
lt_cv_prog_compiler_pic_CXX='-fPIC -DPIC'
lt_cv_prog_compiler_pic_works=yes
lt_cv_prog_compiler_pic_works_CXX=yes
lt_cv_prog_compiler_rtti_exceptions=no
lt_cv_prog_compiler_static_works=yes
lt_cv_prog_compiler_static_works_CXX=yes
lt_cv_prog_gnu_ld=yes
lt_cv_prog_gnu_ldcxx=yes
lt_cv_sharedlib_from_linklib_cmd='printf %s\n'
lt_cv_shlibpath_overrides_runpath=no
lt_cv_sys_global_symbol_pipe='sed -n -e '\''s/^.*[	 ]\([ABCDGIRSTW][ABCDGIRSTW]*\)[	 ][	 ]*\([_A-Za-z][_A-Za-z0-9]*\)$/\1 \2 \2/p'\'' | sed '\''/ __gnu_lto/d'\'''
lt_cv_sys_global_symbol_to_c_name_address='sed -n -e '\''s/^: \([^ ]*\)[ ]*$/  {\"\1\", (void *) 0},/p'\'' -e '\''s/^[ABCDGIRSTW]* \([^ ]*\) \([^ ]*\)$/  {"\2", (void *) \&\2},/p'\'''
lt_cv_sys_global_symbol_to_c_name_address_lib_prefix='sed -n -e '\''s/^: \([^ ]*\)[ ]*$/  {\"\1\", (void *) 0},/p'\'' -e '\''s/^[ABCDGIRSTW]* \([^ ]*\) \(lib[^ ]*\)$/  {"\2", (void *) \&\2},/p'\'' -e '\''s/^[ABCDGIRSTW]* \([^ ]*\) \([^ ]*\)$/  {"lib\2", (void *) \&\2},/p'\'''
lt_cv_sys_global_symbol_to_cdecl='sed -n -e '\''s/^T .* \(.*\)$/extern int \1();/p'\'' -e '\''s/^[ABCDGIRSTW]* .* \(.*\)$/extern char \1;/p'\'''
lt_cv_sys_max_cmd_len=1572864
lt_cv_to_host_file_cmd=func_convert_file_noop
lt_cv_to_tool_file_cmd=func_convert_file_noop

## ----------------- ##
## Output variables. ##
## ----------------- ##

ACLOCAL='${SHELL} /home/dastle/Documents/db3/ext/zookeeper/missing --run aclocal-1.11'
AMDEPBACKSLASH='\'
AMDEP_FALSE='#'
AMDEP_TRUE=''
AMTAR='$${TAR-tar}'
AR='ar'
AUTOCONF='${SHELL} /home/dastle/Documents/db3/ext/zookeeper/missing --run autoconf'
AUTOHEADER='${SHELL} /home/dastle/Documents/db3/ext/zookeeper/missing --run autoheader'
AUTOMAKE='${SHELL} /home/dastle/Documents/db3/ext/zookeeper/missing --run automake-1.11'
AWK='mawk'
CC='gcc'
CCDEPMODE='depmode=gcc3'
CFLAGS='-g -O2 -D_GNU_SOURCE'
CPP='gcc -E'
CPPFLAGS=''
CPPUNIT_CFLAGS=' -DZKSERVER_CMD="\"./tests/zkServer.sh\""'
CPPUNIT_CONFIG='/usr/bin/cppunit-config'
CPPUNIT_LIBS='-lcppunit -ldl'
CXX='g++'
CXXCPP='g++ -E'
CXXDEPMODE='depmode=gcc3'
CXXFLAGS='-g -O2'
CYGPATH_W='echo'
DEFS='-DHAVE_CONFIG_H'
DEPDIR='.deps'
DLLTOOL='false'
DOXYGEN_PAPER_SIZE=''
DSYMUTIL=''
DUMPBIN=''
DX_COND_chi_FALSE=''
DX_COND_chi_TRUE='#'
DX_COND_chm_FALSE=''
DX_COND_chm_TRUE='#'
DX_COND_doc_FALSE='#'
DX_COND_doc_TRUE=''
DX_COND_dot_FALSE='#'
DX_COND_dot_TRUE=''
DX_COND_html_FALSE='#'
DX_COND_html_TRUE=''
DX_COND_latex_FALSE=''
DX_COND_latex_TRUE='#'
DX_COND_man_FALSE=''
DX_COND_man_TRUE='#'
DX_COND_pdf_FALSE=''
DX_COND_pdf_TRUE='#'
DX_COND_ps_FALSE=''
DX_COND_ps_TRUE='#'
DX_COND_rtf_FALSE=''
DX_COND_rtf_TRUE='#'
DX_COND_xml_FALSE=''
DX_COND_xml_TRUE='#'
DX_CONFIG='c-doc.Doxyfile'
DX_DOCDIR='docs'
DX_DOT=''
DX_DOXYGEN=''
DX_DVIPS=''
DX_EGREP=''
DX_ENV=' SRCDIR='\''.'\'' PROJECT='\''zookeeper'\'' DOCDIR='\''docs'\'' VERSION='\''3.3.3'\'' PERL_PATH='\''/usr/bin/perl'\'' HAVE_DOT='\''YES'\'' DOT_PATH='\''.'\'' GENERATE_MAN='\''NO'\'' GENERATE_RTF='\''NO'\'' GENERATE_XML='\''NO'\'' GENERATE_HTMLHELP='\''NO'\'' GENERATE_CHI='\''NO'\'' GENERATE_HTML='\''YES'\'' GENERATE_LATEX='\''NO'\'''
DX_FLAG_chi='0'
DX_FLAG_chm='0'
DX_FLAG_doc='1'
DX_FLAG_dot='1'
DX_FLAG_html='1'
DX_FLAG_man='0'
DX_FLAG_pdf='0'
DX_FLAG_ps='0'
DX_FLAG_rtf='0'
DX_FLAG_xml='0'
DX_HHC=''
DX_LATEX=''
DX_MAKEINDEX=''
DX_PDFLATEX=''
DX_PERL='/usr/bin/perl'
DX_PROJECT='zookeeper'
ECHO_C=''
ECHO_N='-n'
ECHO_T=''
EGREP='/bin/grep -E'
EXEEXT=''
FGREP='/bin/grep -F'
GREP='/bin/grep'
INSTALL_DATA='${INSTALL} -m 644'
INSTALL_PROGRAM='${INSTALL}'
INSTALL_SCRIPT='${INSTALL}'
INSTALL_STRIP_PROGRAM='$(install_sh) -c -s'
LD='/usr/bin/ld'
LDFLAGS=''
LIBOBJS=''
LIBS=''
LIBTOOL='$(SHELL) $(top_builddir)/libtool'
LIPO=''
LN_S='ln -s'
LTLIBOBJS=''
MAKEINFO='${SHELL} /home/dastle/Documents/db3/ext/zookeeper/missing --run makeinfo'
MANIFEST_TOOL=':'
MKDIR_P='/bin/mkdir -p'
NM='/usr/bin/nm -B'
NMEDIT=''
OBJDUMP='objdump'
OBJEXT='o'
OTOOL64=''
OTOOL=''
PACKAGE='c-client-src'
PACKAGE_BUGREPORT='zookeeper-user@hadoop.apache.org'
PACKAGE_NAME='zookeeper C client'
PACKAGE_STRING='zookeeper C client 3.3.3'
PACKAGE_TARNAME='c-client-src'
PACKAGE_URL=''
PACKAGE_VERSION='3.3.3'
PATH_SEPARATOR=':'
RANLIB='ranlib'
SED='/bin/sed'
SET_MAKE=''
SHELL='/bin/bash'
STRIP='strip'
USEIPV6='-DZOO_IPV6_ENABLED'
VERSION='3.3.3'
WANT_SYNCAPI_FALSE='#'
WANT_SYNCAPI_TRUE=''
ac_ct_AR='ar'
ac_ct_CC='gcc'
ac_ct_CXX='g++'
ac_ct_DUMPBIN=''
am__EXEEXT_FALSE=''
am__EXEEXT_TRUE='#'
am__fastdepCC_FALSE='#'
am__fastdepCC_TRUE=''
am__fastdepCXX_FALSE='#'
am__fastdepCXX_TRUE=''
am__include='include'
am__isrc=''
am__leading_dot='.'
am__nodep='_no'
am__quote=''
am__tar='$${TAR-tar} chof - "$$tardir"'
am__untar='$${TAR-tar} xf -'
bindir='${exec_prefix}/bin'
build='i686-pc-linux-gnu'
build_alias=''
build_cpu='i686'
build_os='linux-gnu'
build_vendor='pc'
datadir='${datarootdir}'
datarootdir='${prefix}/share'
docdir='${datarootdir}/doc/${PACKAGE_TARNAME}'
dvidir='${docdir}'
exec_prefix='${prefix}'
host='i686-pc-linux-gnu'
host_alias=''
host_cpu='i686'
host_os='linux-gnu'
host_vendor='pc'
htmldir='${docdir}'
includedir='${prefix}/include'
infodir='${datarootdir}/info'
install_sh='${SHELL} /home/dastle/Documents/db3/ext/zookeeper/install-sh'
libdir='${exec_prefix}/lib'
libexecdir='${exec_prefix}/libexec'
localedir='${datarootdir}/locale'
localstatedir='${prefix}/var'
mandir='${datarootdir}/man'
mkdir_p='/bin/mkdir -p'
oldincludedir='/usr/include'
pdfdir='${docdir}'
prefix='/home/dastle/Documents/db3/ext/zookeeper'
program_transform_name='s,x,x,'
psdir='${docdir}'
sbindir='${exec_prefix}/sbin'
sharedstatedir='${prefix}/com'
sysconfdir='${prefix}/etc'
target_alias=''

## ----------- ##
## confdefs.h. ##
## ----------- ##

/* confdefs.h */
#define PACKAGE_NAME "zookeeper C client"
#define PACKAGE_TARNAME "c-client-src"
#define PACKAGE_VERSION "3.3.3"
#define PACKAGE_STRING "zookeeper C client 3.3.3"
#define PACKAGE_BUGREPORT "zookeeper-user@hadoop.apache.org"
#define PACKAGE_URL ""
#define PACKAGE "c-client-src"
#define VERSION "3.3.3"
#define HAVE_GENERATED_ZOOKEEPER_JUTE_C 1
#define HAVE_GENERATED_ZOOKEEPER_JUTE_H 1
#define STDC_HEADERS 1
#define HAVE_SYS_TYPES_H 1
#define HAVE_SYS_STAT_H 1
#define HAVE_STDLIB_H 1
#define HAVE_STRING_H 1
#define HAVE_MEMORY_H 1
#define HAVE_STRINGS_H 1
#define HAVE_INTTYPES_H 1
#define HAVE_STDINT_H 1
#define HAVE_UNISTD_H 1
#define HAVE_DLFCN_H 1
#define LT_OBJDIR ".libs/"
#define STDC_HEADERS 1
#define HAVE_ARPA_INET_H 1
#define HAVE_FCNTL_H 1
#define HAVE_NETDB_H 1
#define HAVE_NETINET_IN_H 1
#define HAVE_STDLIB_H 1
#define HAVE_STRING_H 1
#define HAVE_SYS_SOCKET_H 1
#define HAVE_SYS_TIME_H 1
#define HAVE_UNISTD_H 1
#define HAVE_SYS_UTSNAME_H 1
#define TIME_WITH_SYS_TIME 1
#define POLL_NFDS_TYPE nfds_t
#define HAVE_GETCWD 1
#define HAVE_GETHOSTBYNAME 1
#define HAVE_GETHOSTNAME 1
#define HAVE_GETLOGIN 1
#define HAVE_GETPWUID_R 1
#define HAVE_GETTIMEOFDAY 1
#define HAVE_GETUID 1
#define HAVE_MEMMOVE 1
#define HAVE_MEMSET 1
#define HAVE_POLL 1
#define HAVE_SOCKET 1
#define HAVE_STRCHR 1
#define HAVE_STRDUP 1
#define HAVE_STRERROR 1
#define HAVE_STRTOL 1

configure: exit 0
