This file contains any messages produced by compilers while
running configure, to aid debugging if configure makes a mistake.

It was created by Protocol Buffers configure 2.4.1, which was
generated by GNU Autoconf 2.68.  Invocation command line was

  $ ./configure --prefix=/home/dastle/Documents/db3/ext/protobuf

## --------- ##
## Platform. ##
## --------- ##

hostname = dastle-OEM
uname -m = i686
uname -r = 3.5.0-17-generic
uname -s = Linux
uname -v = #28-Ubuntu SMP Tue Oct 9 19:32:08 UTC 2012

/usr/bin/uname -p = unknown
/bin/uname -X     = unknown

/bin/arch              = unknown
/usr/bin/arch -k       = unknown
/usr/convex/getsysinfo = unknown
/usr/bin/hostinfo      = unknown
/bin/machine           = unknown
/usr/bin/oslevel       = unknown
/bin/universe          = unknown

PATH: /usr/lib/lightdm/lightdm
PATH: /usr/local/sbin
PATH: /usr/local/bin
PATH: /usr/sbin
PATH: /usr/bin
PATH: /sbin
PATH: /bin
PATH: /usr/games
PATH: /usr/local/games


## ----------- ##
## Core tests. ##
## ----------- ##

configure:2629: checking build system type
configure:2643: result: i686-pc-linux-gnu
configure:2663: checking host system type
configure:2676: result: i686-pc-linux-gnu
configure:2696: checking target system type
configure:2709: result: i686-pc-linux-gnu
configure:2752: checking for a BSD-compatible install
configure:2820: result: /usr/bin/install -c
configure:2831: checking whether build environment is sane
configure:2881: result: yes
configure:3022: checking for a thread-safe mkdir -p
configure:3061: result: /bin/mkdir -p
configure:3074: checking for gawk
configure:3104: result: no
configure:3074: checking for mawk
configure:3090: found /usr/bin/mawk
configure:3101: result: mawk
configure:3112: checking whether make sets $(MAKE)
configure:3134: result: yes
configure:3282: checking for gcc
configure:3298: found /usr/bin/gcc
configure:3309: result: gcc
configure:3538: checking for C compiler version
configure:3547: gcc --version >&5
gcc (Ubuntu/Linaro 4.7.2-2ubuntu1) 4.7.2
Copyright (C) 2012 Free Software Foundation, Inc.
This is free software; see the source for copying conditions.  There is NO
warranty; not even for MERCHANTABILITY or FITNESS FOR A PARTICULAR PURPOSE.

configure:3558: $? = 0
configure:3547: gcc -v >&5
Using built-in specs.
COLLECT_GCC=gcc
COLLECT_LTO_WRAPPER=/usr/lib/gcc/i686-linux-gnu/4.7/lto-wrapper
Target: i686-linux-gnu
Configured with: ../src/configure -v --with-pkgversion='Ubuntu/Linaro 4.7.2-2ubuntu1' --with-bugurl=file:///usr/share/doc/gcc-4.7/README.Bugs --enable-languages=c,c++,go,fortran,objc,obj-c++ --prefix=/usr --program-suffix=-4.7 --enable-shared --enable-linker-build-id --with-system-zlib --libexecdir=/usr/lib --without-included-gettext --enable-threads=posix --with-gxx-include-dir=/usr/include/c++/4.7 --libdir=/usr/lib --enable-nls --with-sysroot=/ --enable-clocale=gnu --enable-libstdcxx-debug --enable-libstdcxx-time=yes --enable-gnu-unique-object --enable-plugin --enable-objc-gc --enable-targets=all --disable-werror --with-arch-32=i686 --with-tune=generic --enable-checking=release --build=i686-linux-gnu --host=i686-linux-gnu --target=i686-linux-gnu
Thread model: posix
gcc version 4.7.2 (Ubuntu/Linaro 4.7.2-2ubuntu1) 
configure:3558: $? = 0
configure:3547: gcc -V >&5
gcc: error: unrecognized command line option '-V'
gcc: fatal error: no input files
compilation terminated.
configure:3558: $? = 4
configure:3547: gcc -qversion >&5
gcc: error: unrecognized command line option '-qversion'
gcc: fatal error: no input files
compilation terminated.
configure:3558: $? = 4
configure:3578: checking whether the C compiler works
configure:3600: gcc    conftest.c  >&5
configure:3604: $? = 0
configure:3652: result: yes
configure:3655: checking for C compiler default output file name
configure:3657: result: a.out
configure:3663: checking for suffix of executables
configure:3670: gcc -o conftest    conftest.c  >&5
configure:3674: $? = 0
configure:3696: result: 
configure:3718: checking whether we are cross compiling
configure:3726: gcc -o conftest    conftest.c  >&5
configure:3730: $? = 0
configure:3737: ./conftest
configure:3741: $? = 0
configure:3756: result: no
configure:3761: checking for suffix of object files
configure:3783: gcc -c   conftest.c >&5
configure:3787: $? = 0
configure:3808: result: o
configure:3812: checking whether we are using the GNU C compiler
configure:3831: gcc -c   conftest.c >&5
configure:3831: $? = 0
configure:3840: result: yes
configure:3849: checking whether gcc accepts -g
configure:3869: gcc -c -g  conftest.c >&5
configure:3869: $? = 0
configure:3910: result: yes
configure:3927: checking for gcc option to accept ISO C89
configure:3991: gcc  -c   conftest.c >&5
configure:3991: $? = 0
configure:4004: result: none needed
configure:4035: checking for style of include used by make
configure:4063: result: GNU
configure:4088: checking dependency style of gcc
configure:4198: result: gcc3
configure:4271: checking for g++
configure:4287: found /usr/bin/g++
configure:4298: result: g++
configure:4325: checking for C++ compiler version
configure:4334: g++ --version >&5
g++ (Ubuntu/Linaro 4.7.2-2ubuntu1) 4.7.2
Copyright (C) 2012 Free Software Foundation, Inc.
This is free software; see the source for copying conditions.  There is NO
warranty; not even for MERCHANTABILITY or FITNESS FOR A PARTICULAR PURPOSE.

configure:4345: $? = 0
configure:4334: g++ -v >&5
Using built-in specs.
COLLECT_GCC=g++
COLLECT_LTO_WRAPPER=/usr/lib/gcc/i686-linux-gnu/4.7/lto-wrapper
Target: i686-linux-gnu
Configured with: ../src/configure -v --with-pkgversion='Ubuntu/Linaro 4.7.2-2ubuntu1' --with-bugurl=file:///usr/share/doc/gcc-4.7/README.Bugs --enable-languages=c,c++,go,fortran,objc,obj-c++ --prefix=/usr --program-suffix=-4.7 --enable-shared --enable-linker-build-id --with-system-zlib --libexecdir=/usr/lib --without-included-gettext --enable-threads=posix --with-gxx-include-dir=/usr/include/c++/4.7 --libdir=/usr/lib --enable-nls --with-sysroot=/ --enable-clocale=gnu --enable-libstdcxx-debug --enable-libstdcxx-time=yes --enable-gnu-unique-object --enable-plugin --enable-objc-gc --enable-targets=all --disable-werror --with-arch-32=i686 --with-tune=generic --enable-checking=release --build=i686-linux-gnu --host=i686-linux-gnu --target=i686-linux-gnu
Thread model: posix
gcc version 4.7.2 (Ubuntu/Linaro 4.7.2-2ubuntu1) 
configure:4345: $? = 0
configure:4334: g++ -V >&5
g++: error: unrecognized command line option '-V'
g++: fatal error: no input files
compilation terminated.
configure:4345: $? = 4
configure:4334: g++ -qversion >&5
g++: error: unrecognized command line option '-qversion'
g++: fatal error: no input files
compilation terminated.
configure:4345: $? = 4
configure:4349: checking whether we are using the GNU C++ compiler
configure:4368: g++ -c   conftest.cpp >&5
configure:4368: $? = 0
configure:4377: result: yes
configure:4386: checking whether g++ accepts -g
configure:4406: g++ -c -g  conftest.cpp >&5
configure:4406: $? = 0
configure:4447: result: yes
configure:4472: checking dependency style of g++
configure:4582: result: gcc3
configure:4609: checking how to run the C++ preprocessor
configure:4636: g++ -E  conftest.cpp
configure:4636: $? = 0
configure:4650: g++ -E  conftest.cpp
conftest.cpp:11:28: fatal error: ac_nonexistent.h: No such file or directory
compilation terminated.
configure:4650: $? = 1
configure: failed program was:
| /* confdefs.h */
| #define PACKAGE_NAME "Protocol Buffers"
| #define PACKAGE_TARNAME "protobuf"
| #define PACKAGE_VERSION "2.4.1"
| #define PACKAGE_STRING "Protocol Buffers 2.4.1"
| #define PACKAGE_BUGREPORT "protobuf@googlegroups.com"
| #define PACKAGE_URL ""
| #define PACKAGE "protobuf"
| #define VERSION "2.4.1"
| /* end confdefs.h.  */
| #include <ac_nonexistent.h>
configure:4675: result: g++ -E
configure:4695: g++ -E  conftest.cpp
configure:4695: $? = 0
configure:4709: g++ -E  conftest.cpp
conftest.cpp:11:28: fatal error: ac_nonexistent.h: No such file or directory
compilation terminated.
configure:4709: $? = 1
configure: failed program was:
| /* confdefs.h */
| #define PACKAGE_NAME "Protocol Buffers"
| #define PACKAGE_TARNAME "protobuf"
| #define PACKAGE_VERSION "2.4.1"
| #define PACKAGE_STRING "Protocol Buffers 2.4.1"
| #define PACKAGE_BUGREPORT "protobuf@googlegroups.com"
| #define PACKAGE_URL ""
| #define PACKAGE "protobuf"
| #define VERSION "2.4.1"
| /* end confdefs.h.  */
| #include <ac_nonexistent.h>
configure:4738: checking for grep that handles long lines and -e
configure:4796: result: /bin/grep
configure:4801: checking for egrep
configure:4863: result: /bin/grep -E
configure:4868: checking for ANSI C header files
configure:4888: g++ -c   conftest.cpp >&5
configure:4888: $? = 0
configure:4961: g++ -o conftest    conftest.cpp  >&5
configure:4961: $? = 0
configure:4961: ./conftest
configure:4961: $? = 0
configure:4972: result: yes
configure:4985: checking for sys/types.h
configure:4985: g++ -c   conftest.cpp >&5
configure:4985: $? = 0
configure:4985: result: yes
configure:4985: checking for sys/stat.h
configure:4985: g++ -c   conftest.cpp >&5
configure:4985: $? = 0
configure:4985: result: yes
configure:4985: checking for stdlib.h
configure:4985: g++ -c   conftest.cpp >&5
configure:4985: $? = 0
configure:4985: result: yes
configure:4985: checking for string.h
configure:4985: g++ -c   conftest.cpp >&5
configure:4985: $? = 0
configure:4985: result: yes
configure:4985: checking for memory.h
configure:4985: g++ -c   conftest.cpp >&5
configure:4985: $? = 0
configure:4985: result: yes
configure:4985: checking for strings.h
configure:4985: g++ -c   conftest.cpp >&5
configure:4985: $? = 0
configure:4985: result: yes
configure:4985: checking for inttypes.h
configure:4985: g++ -c   conftest.cpp >&5
configure:4985: $? = 0
configure:4985: result: yes
configure:4985: checking for stdint.h
configure:4985: g++ -c   conftest.cpp >&5
configure:4985: $? = 0
configure:4985: result: yes
configure:4985: checking for unistd.h
configure:4985: g++ -c   conftest.cpp >&5
configure:4985: $? = 0
configure:4985: result: yes
configure:4998: checking minix/config.h usability
configure:4998: g++ -c   conftest.cpp >&5
conftest.cpp:54:26: fatal error: minix/config.h: No such file or directory
compilation terminated.
configure:4998: $? = 1
configure: failed program was:
| /* confdefs.h */
| #define PACKAGE_NAME "Protocol Buffers"
| #define PACKAGE_TARNAME "protobuf"
| #define PACKAGE_VERSION "2.4.1"
| #define PACKAGE_STRING "Protocol Buffers 2.4.1"
| #define PACKAGE_BUGREPORT "protobuf@googlegroups.com"
| #define PACKAGE_URL ""
| #define PACKAGE "protobuf"
| #define VERSION "2.4.1"
| #define STDC_HEADERS 1
| #define HAVE_SYS_TYPES_H 1
| #define HAVE_SYS_STAT_H 1
| #define HAVE_STDLIB_H 1
| #define HAVE_STRING_H 1
| #define HAVE_MEMORY_H 1
| #define HAVE_STRINGS_H 1
| #define HAVE_INTTYPES_H 1
| #define HAVE_STDINT_H 1
| #define HAVE_UNISTD_H 1
| /* end confdefs.h.  */
| #include <stdio.h>
| #ifdef HAVE_SYS_TYPES_H
| # include <sys/types.h>
| #endif
| #ifdef HAVE_SYS_STAT_H
| # include <sys/stat.h>
| #endif
| #ifdef STDC_HEADERS
| # include <stdlib.h>
| # include <stddef.h>
| #else
| # ifdef HAVE_STDLIB_H
| #  include <stdlib.h>
| # endif
| #endif
| #ifdef HAVE_STRING_H
| # if !defined STDC_HEADERS && defined HAVE_MEMORY_H
| #  include <memory.h>
| # endif
| # include <string.h>
| #endif
| #ifdef HAVE_STRINGS_H
| # include <strings.h>
| #endif
| #ifdef HAVE_INTTYPES_H
| # include <inttypes.h>
| #endif
| #ifdef HAVE_STDINT_H
| # include <stdint.h>
| #endif
| #ifdef HAVE_UNISTD_H
| # include <unistd.h>
| #endif
| #include <minix/config.h>
configure:4998: result: no
configure:4998: checking minix/config.h presence
configure:4998: g++ -E  conftest.cpp
conftest.cpp:21:26: fatal error: minix/config.h: No such file or directory
compilation terminated.
configure:4998: $? = 1
configure: failed program was:
| /* confdefs.h */
| #define PACKAGE_NAME "Protocol Buffers"
| #define PACKAGE_TARNAME "protobuf"
| #define PACKAGE_VERSION "2.4.1"
| #define PACKAGE_STRING "Protocol Buffers 2.4.1"
| #define PACKAGE_BUGREPORT "protobuf@googlegroups.com"
| #define PACKAGE_URL ""
| #define PACKAGE "protobuf"
| #define VERSION "2.4.1"
| #define STDC_HEADERS 1
| #define HAVE_SYS_TYPES_H 1
| #define HAVE_SYS_STAT_H 1
| #define HAVE_STDLIB_H 1
| #define HAVE_STRING_H 1
| #define HAVE_MEMORY_H 1
| #define HAVE_STRINGS_H 1
| #define HAVE_INTTYPES_H 1
| #define HAVE_STDINT_H 1
| #define HAVE_UNISTD_H 1
| /* end confdefs.h.  */
| #include <minix/config.h>
configure:4998: result: no
configure:4998: checking for minix/config.h
configure:4998: result: no
configure:5019: checking whether it is safe to define __EXTENSIONS__
configure:5037: g++ -c   conftest.cpp >&5
configure:5037: $? = 0
configure:5044: result: yes
configure:5073: checking C++ compiler flags...
configure:5089: result: use default: -O2  -g -DNDEBUG
configure:5109: checking whether __SUNPRO_CC is declared
configure:5109: g++ -c  -g -DNDEBUG  conftest.cpp >&5
conftest.cpp: In function 'int main()':
conftest.cpp:64:10: error: '__SUNPRO_CC' was not declared in this scope
configure:5109: $? = 1
configure: failed program was:
| /* confdefs.h */
| #define PACKAGE_NAME "Protocol Buffers"
| #define PACKAGE_TARNAME "protobuf"
| #define PACKAGE_VERSION "2.4.1"
| #define PACKAGE_STRING "Protocol Buffers 2.4.1"
| #define PACKAGE_BUGREPORT "protobuf@googlegroups.com"
| #define PACKAGE_URL ""
| #define PACKAGE "protobuf"
| #define VERSION "2.4.1"
| #define STDC_HEADERS 1
| #define HAVE_SYS_TYPES_H 1
| #define HAVE_SYS_STAT_H 1
| #define HAVE_STDLIB_H 1
| #define HAVE_STRING_H 1
| #define HAVE_MEMORY_H 1
| #define HAVE_STRINGS_H 1
| #define HAVE_INTTYPES_H 1
| #define HAVE_STDINT_H 1
| #define HAVE_UNISTD_H 1
| #define __EXTENSIONS__ 1
| #define _ALL_SOURCE 1
| #define _GNU_SOURCE 1
| #define _POSIX_PTHREAD_SEMANTICS 1
| #define _TANDEM_SOURCE 1
| /* end confdefs.h.  */
| #include <stdio.h>
| #ifdef HAVE_SYS_TYPES_H
| # include <sys/types.h>
| #endif
| #ifdef HAVE_SYS_STAT_H
| # include <sys/stat.h>
| #endif
| #ifdef STDC_HEADERS
| # include <stdlib.h>
| # include <stddef.h>
| #else
| # ifdef HAVE_STDLIB_H
| #  include <stdlib.h>
| # endif
| #endif
| #ifdef HAVE_STRING_H
| # if !defined STDC_HEADERS && defined HAVE_MEMORY_H
| #  include <memory.h>
| # endif
| # include <string.h>
| #endif
| #ifdef HAVE_STRINGS_H
| # include <strings.h>
| #endif
| #ifdef HAVE_INTTYPES_H
| # include <inttypes.h>
| #endif
| #ifdef HAVE_STDINT_H
| # include <stdint.h>
| #endif
| #ifdef HAVE_UNISTD_H
| # include <unistd.h>
| #endif
| int
| main ()
| {
| #ifndef __SUNPRO_CC
| #ifdef __cplusplus
|   (void) __SUNPRO_CC;
| #else
|   (void) __SUNPRO_CC;
| #endif
| #endif
| 
|   ;
|   return 0;
| }
configure:5109: result: no
configure:5260: checking for a sed that does not truncate output
configure:5324: result: /bin/sed
configure:5342: checking for fgrep
configure:5404: result: /bin/grep -F
configure:5439: checking for ld used by gcc
configure:5506: result: /usr/bin/ld
configure:5513: checking if the linker (/usr/bin/ld) is GNU ld
configure:5528: result: yes
configure:5540: checking for BSD- or MS-compatible name lister (nm)
configure:5589: result: /usr/bin/nm -B
configure:5707: checking the name lister (/usr/bin/nm -B) interface
configure:5714: g++ -c  -g -DNDEBUG  conftest.cpp >&5
configure:5717: /usr/bin/nm -B "conftest.o"
configure:5720: output
00000000 B some_variable
configure:5727: result: BSD nm
configure:5730: checking whether ln -s works
configure:5734: result: yes
configure:5742: checking the maximum length of command line arguments
configure:5862: result: 1572864
configure:5879: checking whether the shell understands some XSI constructs
configure:5889: result: yes
configure:5893: checking whether the shell understands "+="
configure:5899: result: yes
configure:5934: checking for /usr/bin/ld option to reload object files
configure:5941: result: -r
configure:6010: checking for objdump
configure:6026: found /usr/bin/objdump
configure:6037: result: objdump
configure:6069: checking how to recognize dependent libraries
configure:6265: result: pass_all
configure:6325: checking for ar
configure:6341: found /usr/bin/ar
configure:6352: result: ar
configure:6430: checking for strip
configure:6446: found /usr/bin/strip
configure:6457: result: strip
configure:6529: checking for ranlib
configure:6545: found /usr/bin/ranlib
configure:6556: result: ranlib
configure:6646: checking command to parse /usr/bin/nm -B output from gcc object
configure:6764: g++ -c  -g -DNDEBUG  conftest.cpp >&5
configure:6767: $? = 0
configure:6771: /usr/bin/nm -B conftest.o \| sed -n -e 's/^.*[	 ]\([ABCDGIRSTW][ABCDGIRSTW]*\)[	 ][	 ]*\([_A-Za-z][_A-Za-z0-9]*\)$/\1 \2 \2/p' \> conftest.nm
configure:6774: $? = 0
configure:6828: g++ -o conftest  -g -DNDEBUG   conftest.cpp conftstm.o >&5
configure:6831: $? = 0
configure:6869: result: ok
configure:7675: checking for dlfcn.h
configure:7675: g++ -c  -g -DNDEBUG  conftest.cpp >&5
configure:7675: $? = 0
configure:7675: result: yes
configure:7800: checking for C++ compiler version
configure:7809: g++ --version >&5
g++ (Ubuntu/Linaro 4.7.2-2ubuntu1) 4.7.2
Copyright (C) 2012 Free Software Foundation, Inc.
This is free software; see the source for copying conditions.  There is NO
warranty; not even for MERCHANTABILITY or FITNESS FOR A PARTICULAR PURPOSE.

configure:7820: $? = 0
configure:7809: g++ -v >&5
Using built-in specs.
COLLECT_GCC=g++
COLLECT_LTO_WRAPPER=/usr/lib/gcc/i686-linux-gnu/4.7/lto-wrapper
Target: i686-linux-gnu
Configured with: ../src/configure -v --with-pkgversion='Ubuntu/Linaro 4.7.2-2ubuntu1' --with-bugurl=file:///usr/share/doc/gcc-4.7/README.Bugs --enable-languages=c,c++,go,fortran,objc,obj-c++ --prefix=/usr --program-suffix=-4.7 --enable-shared --enable-linker-build-id --with-system-zlib --libexecdir=/usr/lib --without-included-gettext --enable-threads=posix --with-gxx-include-dir=/usr/include/c++/4.7 --libdir=/usr/lib --enable-nls --with-sysroot=/ --enable-clocale=gnu --enable-libstdcxx-debug --enable-libstdcxx-time=yes --enable-gnu-unique-object --enable-plugin --enable-objc-gc --enable-targets=all --disable-werror --with-arch-32=i686 --with-tune=generic --enable-checking=release --build=i686-linux-gnu --host=i686-linux-gnu --target=i686-linux-gnu
Thread model: posix
gcc version 4.7.2 (Ubuntu/Linaro 4.7.2-2ubuntu1) 
configure:7820: $? = 0
configure:7809: g++ -V >&5
g++: error: unrecognized command line option '-V'
g++: fatal error: no input files
compilation terminated.
configure:7820: $? = 4
configure:7809: g++ -qversion >&5
g++: error: unrecognized command line option '-qversion'
g++: fatal error: no input files
compilation terminated.
configure:7820: $? = 4
configure:7824: checking whether we are using the GNU C++ compiler
configure:7852: result: yes
configure:7861: checking whether g++ accepts -g
configure:7922: result: yes
configure:7947: checking dependency style of g++
configure:8057: result: gcc3
configure:8080: checking how to run the C++ preprocessor
configure:8146: result: g++ -E
configure:8166: g++ -E  conftest.cpp
configure:8166: $? = 0
configure:8180: g++ -E  conftest.cpp
conftest.cpp:27:28: fatal error: ac_nonexistent.h: No such file or directory
compilation terminated.
configure:8180: $? = 1
configure: failed program was:
| /* confdefs.h */
| #define PACKAGE_NAME "Protocol Buffers"
| #define PACKAGE_TARNAME "protobuf"
| #define PACKAGE_VERSION "2.4.1"
| #define PACKAGE_STRING "Protocol Buffers 2.4.1"
| #define PACKAGE_BUGREPORT "protobuf@googlegroups.com"
| #define PACKAGE_URL ""
| #define PACKAGE "protobuf"
| #define VERSION "2.4.1"
| #define STDC_HEADERS 1
| #define HAVE_SYS_TYPES_H 1
| #define HAVE_SYS_STAT_H 1
| #define HAVE_STDLIB_H 1
| #define HAVE_STRING_H 1
| #define HAVE_MEMORY_H 1
| #define HAVE_STRINGS_H 1
| #define HAVE_INTTYPES_H 1
| #define HAVE_STDINT_H 1
| #define HAVE_UNISTD_H 1
| #define __EXTENSIONS__ 1
| #define _ALL_SOURCE 1
| #define _GNU_SOURCE 1
| #define _POSIX_PTHREAD_SEMANTICS 1
| #define _TANDEM_SOURCE 1
| #define HAVE_DLFCN_H 1
| /* end confdefs.h.  */
| #include <ac_nonexistent.h>
configure:8385: checking for objdir
configure:8400: result: .libs
configure:8696: checking if gcc supports -fno-rtti -fno-exceptions
configure:8714: gcc -c   -fno-rtti -fno-exceptions conftest.c >&5
cc1: warning: command line option '-fno-rtti' is valid for C++/ObjC++ but not for C [enabled by default]
configure:8718: $? = 0
configure:8731: result: no
configure:8751: checking for gcc option to produce PIC
configure:9023: result: -fPIC -DPIC
configure:9035: checking if gcc PIC flag -fPIC -DPIC works
configure:9053: gcc -c   -fPIC -DPIC -DPIC conftest.c >&5
configure:9057: $? = 0
configure:9070: result: yes
configure:9094: checking if gcc static flag -static works
configure:9122: result: yes
configure:9137: checking if gcc supports -c -o file.o
configure:9158: gcc -c   -o out/conftest2.o conftest.c >&5
configure:9162: $? = 0
configure:9184: result: yes
configure:9192: checking if gcc supports -c -o file.o
configure:9239: result: yes
configure:9272: checking whether the gcc linker (/usr/bin/ld) supports shared libraries
configure:10263: result: yes
configure:10300: checking whether -lc should be explicitly linked in
configure:10305: gcc -c   conftest.c >&5
configure:10308: $? = 0
configure:10323: gcc -shared conftest.o  -v -Wl,-soname -Wl,conftest -o conftest 2\>\&1 \| /bin/grep  -lc  \>/dev/null 2\>\&1
configure:10326: $? = 0
configure:10338: result: no
configure:10502: checking dynamic linker characteristics
configure:10935: gcc -o conftest    -Wl,-rpath -Wl,/foo conftest.c  >&5
configure:10935: $? = 0
configure:11165: result: GNU/Linux ld.so
configure:11267: checking how to hardcode library paths into programs
configure:11292: result: immediate
configure:11812: checking whether stripping libraries is possible
configure:11817: result: yes
configure:11852: checking if libtool supports shared libraries
configure:11854: result: yes
configure:11857: checking whether to build shared libraries
configure:11878: result: yes
configure:11881: checking whether to build static libraries
configure:11885: result: yes
configure:12035: checking for ld used by g++
configure:12102: result: /usr/bin/ld
configure:12109: checking if the linker (/usr/bin/ld) is GNU ld
configure:12124: result: yes
configure:12179: checking whether the g++ linker (/usr/bin/ld) supports shared libraries
configure:13092: result: yes
configure:13120: g++ -c  -g -DNDEBUG  conftest.cpp >&5
configure:13123: $? = 0
configure:13305: checking for g++ option to produce PIC
configure:13622: result: -fPIC -DPIC
configure:13631: checking if g++ PIC flag -fPIC -DPIC works
configure:13649: g++ -c  -g -DNDEBUG  -fPIC -DPIC -DPIC conftest.cpp >&5
configure:13653: $? = 0
configure:13666: result: yes
configure:13687: checking if g++ static flag -static works
configure:13715: result: yes
configure:13727: checking if g++ supports -c -o file.o
configure:13748: g++ -c  -g -DNDEBUG  -o out/conftest2.o conftest.cpp >&5
configure:13752: $? = 0
configure:13774: result: yes
configure:13779: checking if g++ supports -c -o file.o
configure:13826: result: yes
configure:13856: checking whether the g++ linker (/usr/bin/ld) supports shared libraries
configure:13885: result: yes
configure:14022: checking dynamic linker characteristics
configure:14403: g++ -o conftest  -g -DNDEBUG   -Wl,-rpath -Wl,/foo conftest.cpp  >&5
configure:14403: $? = 0
configure:14633: result: GNU/Linux ld.so
configure:14684: checking how to hardcode library paths into programs
configure:14709: result: immediate
configure:14769: checking for ANSI C header files
configure:14873: result: yes
configure:14884: checking fcntl.h usability
configure:14884: g++ -c  -g -DNDEBUG  conftest.cpp >&5
configure:14884: $? = 0
configure:14884: result: yes
configure:14884: checking fcntl.h presence
configure:14884: g++ -E  conftest.cpp
configure:14884: $? = 0
configure:14884: result: yes
configure:14884: checking for fcntl.h
configure:14884: result: yes
configure:14884: checking for inttypes.h
configure:14884: result: yes
configure:14884: checking limits.h usability
configure:14884: g++ -c  -g -DNDEBUG  conftest.cpp >&5
configure:14884: $? = 0
configure:14884: result: yes
configure:14884: checking limits.h presence
configure:14884: g++ -E  conftest.cpp
configure:14884: $? = 0
configure:14884: result: yes
configure:14884: checking for limits.h
configure:14884: result: yes
configure:14884: checking for stdlib.h
configure:14884: result: yes
configure:14884: checking for unistd.h
configure:14884: result: yes
configure:14896: checking for working memcmp
configure:14939: g++ -o conftest  -g -DNDEBUG   conftest.cpp  >&5
configure:14939: $? = 0
configure:14939: ./conftest
configure:14939: $? = 0
configure:14949: result: yes
configure:14958: checking for working strtod
configure:14999: g++ -o conftest  -g -DNDEBUG   conftest.cpp  >&5
conftest.cpp: In function 'int main()':
conftest.cpp:76:20: warning: deprecated conversion from string constant to 'char*' [-Wwrite-strings]
conftest.cpp:87:20: warning: deprecated conversion from string constant to 'char*' [-Wwrite-strings]
configure:14999: $? = 0
configure:14999: ./conftest
configure:14999: $? = 0
configure:15009: result: yes
configure:15074: checking for ftruncate
configure:15074: g++ -o conftest  -g -DNDEBUG   conftest.cpp  >&5
configure:15074: $? = 0
configure:15074: result: yes
configure:15074: checking for memset
configure:15074: g++ -o conftest  -g -DNDEBUG   conftest.cpp  >&5
configure:15074: $? = 0
configure:15074: result: yes
configure:15074: checking for mkdir
configure:15074: g++ -o conftest  -g -DNDEBUG   conftest.cpp  >&5
configure:15074: $? = 0
configure:15074: result: yes
configure:15074: checking for strchr
configure:15074: g++ -o conftest  -g -DNDEBUG   conftest.cpp  >&5
configure:15074: $? = 0
configure:15074: result: yes
configure:15074: checking for strerror
configure:15074: g++ -o conftest  -g -DNDEBUG   conftest.cpp  >&5
configure:15074: $? = 0
configure:15074: result: yes
configure:15074: checking for strtol
configure:15074: g++ -o conftest  -g -DNDEBUG   conftest.cpp  >&5
configure:15074: $? = 0
configure:15074: result: yes
configure:15088: checking zlib version
configure:15108: g++ -c  -g -DNDEBUG  conftest.cpp >&5
conftest.cpp:41:26: fatal error: zlib.h: No such file or directory
compilation terminated.
configure:15108: $? = 1
configure: failed program was:
| /* confdefs.h */
| #define PACKAGE_NAME "Protocol Buffers"
| #define PACKAGE_TARNAME "protobuf"
| #define PACKAGE_VERSION "2.4.1"
| #define PACKAGE_STRING "Protocol Buffers 2.4.1"
| #define PACKAGE_BUGREPORT "protobuf@googlegroups.com"
| #define PACKAGE_URL ""
| #define PACKAGE "protobuf"
| #define VERSION "2.4.1"
| #define STDC_HEADERS 1
| #define HAVE_SYS_TYPES_H 1
| #define HAVE_SYS_STAT_H 1
| #define HAVE_STDLIB_H 1
| #define HAVE_STRING_H 1
| #define HAVE_MEMORY_H 1
| #define HAVE_STRINGS_H 1
| #define HAVE_INTTYPES_H 1
| #define HAVE_STDINT_H 1
| #define HAVE_UNISTD_H 1
| #define __EXTENSIONS__ 1
| #define _ALL_SOURCE 1
| #define _GNU_SOURCE 1
| #define _POSIX_PTHREAD_SEMANTICS 1
| #define _TANDEM_SOURCE 1
| #define HAVE_DLFCN_H 1
| #define LT_OBJDIR ".libs/"
| #define STDC_HEADERS 1
| #define HAVE_FCNTL_H 1
| #define HAVE_INTTYPES_H 1
| #define HAVE_LIMITS_H 1
| #define HAVE_STDLIB_H 1
| #define HAVE_UNISTD_H 1
| #define HAVE_FTRUNCATE 1
| #define HAVE_MEMSET 1
| #define HAVE_MKDIR 1
| #define HAVE_STRCHR 1
| #define HAVE_STRERROR 1
| #define HAVE_STRTOL 1
| /* end confdefs.h.  */
| 
|         #include <zlib.h>
|         #if !defined(ZLIB_VERNUM) || (ZLIB_VERNUM < 0x1204)
|         # error zlib version too old
|         #endif
| 
| int
| main ()
| {
| 
|   ;
|   return 0;
| }
configure:15191: result: headers missing or too old (requires 1.2.0.4)
configure:15413: checking for the pthreads library -lpthreads
configure:15446: gcc -o conftest     conftest.c -lpthreads  >&5
/usr/bin/ld: cannot find -lpthreads
collect2: error: ld returned 1 exit status
configure:15446: $? = 1
configure: failed program was:
| /* confdefs.h */
| #define PACKAGE_NAME "Protocol Buffers"
| #define PACKAGE_TARNAME "protobuf"
| #define PACKAGE_VERSION "2.4.1"
| #define PACKAGE_STRING "Protocol Buffers 2.4.1"
| #define PACKAGE_BUGREPORT "protobuf@googlegroups.com"
| #define PACKAGE_URL ""
| #define PACKAGE "protobuf"
| #define VERSION "2.4.1"
| #define STDC_HEADERS 1
| #define HAVE_SYS_TYPES_H 1
| #define HAVE_SYS_STAT_H 1
| #define HAVE_STDLIB_H 1
| #define HAVE_STRING_H 1
| #define HAVE_MEMORY_H 1
| #define HAVE_STRINGS_H 1
| #define HAVE_INTTYPES_H 1
| #define HAVE_STDINT_H 1
| #define HAVE_UNISTD_H 1
| #define __EXTENSIONS__ 1
| #define _ALL_SOURCE 1
| #define _GNU_SOURCE 1
| #define _POSIX_PTHREAD_SEMANTICS 1
| #define _TANDEM_SOURCE 1
| #define HAVE_DLFCN_H 1
| #define LT_OBJDIR ".libs/"
| #define STDC_HEADERS 1
| #define HAVE_FCNTL_H 1
| #define HAVE_INTTYPES_H 1
| #define HAVE_LIMITS_H 1
| #define HAVE_STDLIB_H 1
| #define HAVE_UNISTD_H 1
| #define HAVE_FTRUNCATE 1
| #define HAVE_MEMSET 1
| #define HAVE_MKDIR 1
| #define HAVE_STRCHR 1
| #define HAVE_STRERROR 1
| #define HAVE_STRTOL 1
| /* end confdefs.h.  */
| #include <pthread.h>
| int
| main ()
| {
| pthread_t th; pthread_join(th, 0);
|                      pthread_attr_init(0); pthread_cleanup_push(0, 0);
|                      pthread_create(0,0,0,0); pthread_cleanup_pop(0);
|   ;
|   return 0;
| }
configure:15455: result: no
configure:15358: checking whether pthreads work without any flags
configure:15446: gcc -o conftest     conftest.c   >&5
/tmp/ccCuXQ74.o: In function `main':
conftest.c:(.text+0x19): undefined reference to `pthread_join'
conftest.c:(.text+0x74): undefined reference to `__pthread_register_cancel'
conftest.c:(.text+0x98): undefined reference to `pthread_create'
conftest.c:(.text+0xa1): undefined reference to `__pthread_unregister_cancel'
collect2: error: ld returned 1 exit status
configure:15446: $? = 1
configure: failed program was:
| /* confdefs.h */
| #define PACKAGE_NAME "Protocol Buffers"
| #define PACKAGE_TARNAME "protobuf"
| #define PACKAGE_VERSION "2.4.1"
| #define PACKAGE_STRING "Protocol Buffers 2.4.1"
| #define PACKAGE_BUGREPORT "protobuf@googlegroups.com"
| #define PACKAGE_URL ""
| #define PACKAGE "protobuf"
| #define VERSION "2.4.1"
| #define STDC_HEADERS 1
| #define HAVE_SYS_TYPES_H 1
| #define HAVE_SYS_STAT_H 1
| #define HAVE_STDLIB_H 1
| #define HAVE_STRING_H 1
| #define HAVE_MEMORY_H 1
| #define HAVE_STRINGS_H 1
| #define HAVE_INTTYPES_H 1
| #define HAVE_STDINT_H 1
| #define HAVE_UNISTD_H 1
| #define __EXTENSIONS__ 1
| #define _ALL_SOURCE 1
| #define _GNU_SOURCE 1
| #define _POSIX_PTHREAD_SEMANTICS 1
| #define _TANDEM_SOURCE 1
| #define HAVE_DLFCN_H 1
| #define LT_OBJDIR ".libs/"
| #define STDC_HEADERS 1
| #define HAVE_FCNTL_H 1
| #define HAVE_INTTYPES_H 1
| #define HAVE_LIMITS_H 1
| #define HAVE_STDLIB_H 1
| #define HAVE_UNISTD_H 1
| #define HAVE_FTRUNCATE 1
| #define HAVE_MEMSET 1
| #define HAVE_MKDIR 1
| #define HAVE_STRCHR 1
| #define HAVE_STRERROR 1
| #define HAVE_STRTOL 1
| /* end confdefs.h.  */
| #include <pthread.h>
| int
| main ()
| {
| pthread_t th; pthread_join(th, 0);
|                      pthread_attr_init(0); pthread_cleanup_push(0, 0);
|                      pthread_create(0,0,0,0); pthread_cleanup_pop(0);
|   ;
|   return 0;
| }
configure:15455: result: no
configure:15363: checking whether pthreads work with -Kthread
configure:15446: gcc -o conftest  -Kthread   conftest.c   >&5
gcc: error: unrecognized command line option '-Kthread'
configure:15446: $? = 1
configure: failed program was:
| /* confdefs.h */
| #define PACKAGE_NAME "Protocol Buffers"
| #define PACKAGE_TARNAME "protobuf"
| #define PACKAGE_VERSION "2.4.1"
| #define PACKAGE_STRING "Protocol Buffers 2.4.1"
| #define PACKAGE_BUGREPORT "protobuf@googlegroups.com"
| #define PACKAGE_URL ""
| #define PACKAGE "protobuf"
| #define VERSION "2.4.1"
| #define STDC_HEADERS 1
| #define HAVE_SYS_TYPES_H 1
| #define HAVE_SYS_STAT_H 1
| #define HAVE_STDLIB_H 1
| #define HAVE_STRING_H 1
| #define HAVE_MEMORY_H 1
| #define HAVE_STRINGS_H 1
| #define HAVE_INTTYPES_H 1
| #define HAVE_STDINT_H 1
| #define HAVE_UNISTD_H 1
| #define __EXTENSIONS__ 1
| #define _ALL_SOURCE 1
| #define _GNU_SOURCE 1
| #define _POSIX_PTHREAD_SEMANTICS 1
| #define _TANDEM_SOURCE 1
| #define HAVE_DLFCN_H 1
| #define LT_OBJDIR ".libs/"
| #define STDC_HEADERS 1
| #define HAVE_FCNTL_H 1
| #define HAVE_INTTYPES_H 1
| #define HAVE_LIMITS_H 1
| #define HAVE_STDLIB_H 1
| #define HAVE_UNISTD_H 1
| #define HAVE_FTRUNCATE 1
| #define HAVE_MEMSET 1
| #define HAVE_MKDIR 1
| #define HAVE_STRCHR 1
| #define HAVE_STRERROR 1
| #define HAVE_STRTOL 1
| /* end confdefs.h.  */
| #include <pthread.h>
| int
| main ()
| {
| pthread_t th; pthread_join(th, 0);
|                      pthread_attr_init(0); pthread_cleanup_push(0, 0);
|                      pthread_create(0,0,0,0); pthread_cleanup_pop(0);
|   ;
|   return 0;
| }
configure:15455: result: no
configure:15363: checking whether pthreads work with -kthread
configure:15446: gcc -o conftest  -kthread   conftest.c   >&5
gcc: error: unrecognized command line option '-kthread'
configure:15446: $? = 1
configure: failed program was:
| /* confdefs.h */
| #define PACKAGE_NAME "Protocol Buffers"
| #define PACKAGE_TARNAME "protobuf"
| #define PACKAGE_VERSION "2.4.1"
| #define PACKAGE_STRING "Protocol Buffers 2.4.1"
| #define PACKAGE_BUGREPORT "protobuf@googlegroups.com"
| #define PACKAGE_URL ""
| #define PACKAGE "protobuf"
| #define VERSION "2.4.1"
| #define STDC_HEADERS 1
| #define HAVE_SYS_TYPES_H 1
| #define HAVE_SYS_STAT_H 1
| #define HAVE_STDLIB_H 1
| #define HAVE_STRING_H 1
| #define HAVE_MEMORY_H 1
| #define HAVE_STRINGS_H 1
| #define HAVE_INTTYPES_H 1
| #define HAVE_STDINT_H 1
| #define HAVE_UNISTD_H 1
| #define __EXTENSIONS__ 1
| #define _ALL_SOURCE 1
| #define _GNU_SOURCE 1
| #define _POSIX_PTHREAD_SEMANTICS 1
| #define _TANDEM_SOURCE 1
| #define HAVE_DLFCN_H 1
| #define LT_OBJDIR ".libs/"
| #define STDC_HEADERS 1
| #define HAVE_FCNTL_H 1
| #define HAVE_INTTYPES_H 1
| #define HAVE_LIMITS_H 1
| #define HAVE_STDLIB_H 1
| #define HAVE_UNISTD_H 1
| #define HAVE_FTRUNCATE 1
| #define HAVE_MEMSET 1
| #define HAVE_MKDIR 1
| #define HAVE_STRCHR 1
| #define HAVE_STRERROR 1
| #define HAVE_STRTOL 1
| /* end confdefs.h.  */
| #include <pthread.h>
| int
| main ()
| {
| pthread_t th; pthread_join(th, 0);
|                      pthread_attr_init(0); pthread_cleanup_push(0, 0);
|                      pthread_create(0,0,0,0); pthread_cleanup_pop(0);
|   ;
|   return 0;
| }
configure:15455: result: no
configure:15413: checking for the pthreads library -llthread
configure:15446: gcc -o conftest     conftest.c -llthread  >&5
/usr/bin/ld: cannot find -llthread
collect2: error: ld returned 1 exit status
configure:15446: $? = 1
configure: failed program was:
| /* confdefs.h */
| #define PACKAGE_NAME "Protocol Buffers"
| #define PACKAGE_TARNAME "protobuf"
| #define PACKAGE_VERSION "2.4.1"
| #define PACKAGE_STRING "Protocol Buffers 2.4.1"
| #define PACKAGE_BUGREPORT "protobuf@googlegroups.com"
| #define PACKAGE_URL ""
| #define PACKAGE "protobuf"
| #define VERSION "2.4.1"
| #define STDC_HEADERS 1
| #define HAVE_SYS_TYPES_H 1
| #define HAVE_SYS_STAT_H 1
| #define HAVE_STDLIB_H 1
| #define HAVE_STRING_H 1
| #define HAVE_MEMORY_H 1
| #define HAVE_STRINGS_H 1
| #define HAVE_INTTYPES_H 1
| #define HAVE_STDINT_H 1
| #define HAVE_UNISTD_H 1
| #define __EXTENSIONS__ 1
| #define _ALL_SOURCE 1
| #define _GNU_SOURCE 1
| #define _POSIX_PTHREAD_SEMANTICS 1
| #define _TANDEM_SOURCE 1
| #define HAVE_DLFCN_H 1
| #define LT_OBJDIR ".libs/"
| #define STDC_HEADERS 1
| #define HAVE_FCNTL_H 1
| #define HAVE_INTTYPES_H 1
| #define HAVE_LIMITS_H 1
| #define HAVE_STDLIB_H 1
| #define HAVE_UNISTD_H 1
| #define HAVE_FTRUNCATE 1
| #define HAVE_MEMSET 1
| #define HAVE_MKDIR 1
| #define HAVE_STRCHR 1
| #define HAVE_STRERROR 1
| #define HAVE_STRTOL 1
| /* end confdefs.h.  */
| #include <pthread.h>
| int
| main ()
| {
| pthread_t th; pthread_join(th, 0);
|                      pthread_attr_init(0); pthread_cleanup_push(0, 0);
|                      pthread_create(0,0,0,0); pthread_cleanup_pop(0);
|   ;
|   return 0;
| }
configure:15455: result: no
configure:15363: checking whether pthreads work with -pthread
configure:15446: gcc -o conftest  -pthread   conftest.c   >&5
configure:15446: $? = 0
configure:15455: result: yes
configure:15474: checking for joinable pthread attribute
configure:15489: gcc -o conftest  -pthread   conftest.c   >&5
configure:15489: $? = 0
configure:15495: result: PTHREAD_CREATE_JOINABLE
configure:15505: checking if more special flags are required for pthreads
configure:15512: result: no
configure:15601: checking whether to check for GCC pthread/shared inconsistencies
configure:15614: gcc -o conftest -shared -fPIC -Wl,-z,defs  -pthread   conftest.c   >&5
configure:15614: $? = 0
configure:15626: result: yes
configure:15632: checking whether -pthread is sufficient with -shared
configure:15647: gcc -o conftest -shared -fPIC -Wl,-z,defs  -pthread   conftest.c   >&5
configure:15647: $? = 0
configure:15654: result: yes
configure:15742: checking whether what we have so far is sufficient with -nostdlib
configure:15760: gcc -o conftest -nostdlib -shared -fPIC -Wl,-z,defs  -pthread   conftest.c   -lc >&5
/tmp/ccTxuYdB.o: In function `main':
conftest.c:(.text+0x25): undefined reference to `pthread_join'
conftest.c:(.text+0x80): undefined reference to `__pthread_register_cancel'
conftest.c:(.text+0xa4): undefined reference to `pthread_create'
conftest.c:(.text+0xad): undefined reference to `__pthread_unregister_cancel'
collect2: error: ld returned 1 exit status
configure:15760: $? = 1
configure: failed program was:
| /* confdefs.h */
| #define PACKAGE_NAME "Protocol Buffers"
| #define PACKAGE_TARNAME "protobuf"
| #define PACKAGE_VERSION "2.4.1"
| #define PACKAGE_STRING "Protocol Buffers 2.4.1"
| #define PACKAGE_BUGREPORT "protobuf@googlegroups.com"
| #define PACKAGE_URL ""
| #define PACKAGE "protobuf"
| #define VERSION "2.4.1"
| #define STDC_HEADERS 1
| #define HAVE_SYS_TYPES_H 1
| #define HAVE_SYS_STAT_H 1
| #define HAVE_STDLIB_H 1
| #define HAVE_STRING_H 1
| #define HAVE_MEMORY_H 1
| #define HAVE_STRINGS_H 1
| #define HAVE_INTTYPES_H 1
| #define HAVE_STDINT_H 1
| #define HAVE_UNISTD_H 1
| #define __EXTENSIONS__ 1
| #define _ALL_SOURCE 1
| #define _GNU_SOURCE 1
| #define _POSIX_PTHREAD_SEMANTICS 1
| #define _TANDEM_SOURCE 1
| #define HAVE_DLFCN_H 1
| #define LT_OBJDIR ".libs/"
| #define STDC_HEADERS 1
| #define HAVE_FCNTL_H 1
| #define HAVE_INTTYPES_H 1
| #define HAVE_LIMITS_H 1
| #define HAVE_STDLIB_H 1
| #define HAVE_UNISTD_H 1
| #define HAVE_FTRUNCATE 1
| #define HAVE_MEMSET 1
| #define HAVE_MKDIR 1
| #define HAVE_STRCHR 1
| #define HAVE_STRERROR 1
| #define HAVE_STRTOL 1
| /* end confdefs.h.  */
| #include <pthread.h>
| int
| main ()
| {
| pthread_t th; pthread_join(th, 0);
| 	       pthread_attr_init(0); pthread_cleanup_push(0, 0);
| 	       pthread_create(0,0,0,0); pthread_cleanup_pop(0);
|   ;
|   return 0;
| }
configure:15772: result: no
configure:15777: checking whether -lpthread saves the day
configure:15793: gcc -o conftest -nostdlib -shared -fPIC -Wl,-z,defs  -pthread   conftest.c -lpthread   -lc >&5
configure:15793: $? = 0
configure:15802: result: yes
configure:15842: checking the location of hash_map
configure:15868: g++ -c  -g -DNDEBUG  conftest.cpp >&5
configure:15868: $? = 0
configure:15890: g++ -c  -g -DNDEBUG  conftest.cpp >&5
In file included from /usr/include/c++/4.7/unordered_map:35:0,
                 from conftest.cpp:41:
/usr/include/c++/4.7/bits/c++0x_warning.h:32:2: error: #error This file requires compiler and library support for the ISO C++ 2011 standard. This support is currently experimental, and must be enabled with the -std=c++11 or -std=gnu++11 compiler options.
conftest.cpp: In function 'int main()':
conftest.cpp:45:7: error: 'unordered_map' in namespace 'std' does not name a type
conftest.cpp:46:33: error: 't' was not declared in this scope
configure:15890: $? = 1
configure: failed program was:
| /* confdefs.h */
| #define PACKAGE_NAME "Protocol Buffers"
| #define PACKAGE_TARNAME "protobuf"
| #define PACKAGE_VERSION "2.4.1"
| #define PACKAGE_STRING "Protocol Buffers 2.4.1"
| #define PACKAGE_BUGREPORT "protobuf@googlegroups.com"
| #define PACKAGE_URL ""
| #define PACKAGE "protobuf"
| #define VERSION "2.4.1"
| #define STDC_HEADERS 1
| #define HAVE_SYS_TYPES_H 1
| #define HAVE_SYS_STAT_H 1
| #define HAVE_STDLIB_H 1
| #define HAVE_STRING_H 1
| #define HAVE_MEMORY_H 1
| #define HAVE_STRINGS_H 1
| #define HAVE_INTTYPES_H 1
| #define HAVE_STDINT_H 1
| #define HAVE_UNISTD_H 1
| #define __EXTENSIONS__ 1
| #define _ALL_SOURCE 1
| #define _GNU_SOURCE 1
| #define _POSIX_PTHREAD_SEMANTICS 1
| #define _TANDEM_SOURCE 1
| #define HAVE_DLFCN_H 1
| #define LT_OBJDIR ".libs/"
| #define STDC_HEADERS 1
| #define HAVE_FCNTL_H 1
| #define HAVE_INTTYPES_H 1
| #define HAVE_LIMITS_H 1
| #define HAVE_STDLIB_H 1
| #define HAVE_UNISTD_H 1
| #define HAVE_FTRUNCATE 1
| #define HAVE_MEMSET 1
| #define HAVE_MKDIR 1
| #define HAVE_STRCHR 1
| #define HAVE_STRERROR 1
| #define HAVE_STRTOL 1
| #define HAVE_PTHREAD 1
| /* end confdefs.h.  */
| #include <unordered_map>
| int
| main ()
| {
| const std::unordered_map<int, int> t;
|                          return t.find(5) == t.end();
|   ;
|   return 0;
| }
configure:15890: g++ -c  -g -DNDEBUG  conftest.cpp >&5
In file included from /usr/include/c++/4.7/unordered_map:35:0,
                 from conftest.cpp:41:
/usr/include/c++/4.7/bits/c++0x_warning.h:32:2: error: #error This file requires compiler and library support for the ISO C++ 2011 standard. This support is currently experimental, and must be enabled with the -std=c++11 or -std=gnu++11 compiler options.
conftest.cpp: In function 'int main()':
conftest.cpp:45:7: error: 'tr1' in namespace 'std' does not name a type
conftest.cpp:46:33: error: 't' was not declared in this scope
configure:15890: $? = 1
configure: failed program was:
| /* confdefs.h */
| #define PACKAGE_NAME "Protocol Buffers"
| #define PACKAGE_TARNAME "protobuf"
| #define PACKAGE_VERSION "2.4.1"
| #define PACKAGE_STRING "Protocol Buffers 2.4.1"
| #define PACKAGE_BUGREPORT "protobuf@googlegroups.com"
| #define PACKAGE_URL ""
| #define PACKAGE "protobuf"
| #define VERSION "2.4.1"
| #define STDC_HEADERS 1
| #define HAVE_SYS_TYPES_H 1
| #define HAVE_SYS_STAT_H 1
| #define HAVE_STDLIB_H 1
| #define HAVE_STRING_H 1
| #define HAVE_MEMORY_H 1
| #define HAVE_STRINGS_H 1
| #define HAVE_INTTYPES_H 1
| #define HAVE_STDINT_H 1
| #define HAVE_UNISTD_H 1
| #define __EXTENSIONS__ 1
| #define _ALL_SOURCE 1
| #define _GNU_SOURCE 1
| #define _POSIX_PTHREAD_SEMANTICS 1
| #define _TANDEM_SOURCE 1
| #define HAVE_DLFCN_H 1
| #define LT_OBJDIR ".libs/"
| #define STDC_HEADERS 1
| #define HAVE_FCNTL_H 1
| #define HAVE_INTTYPES_H 1
| #define HAVE_LIMITS_H 1
| #define HAVE_STDLIB_H 1
| #define HAVE_UNISTD_H 1
| #define HAVE_FTRUNCATE 1
| #define HAVE_MEMSET 1
| #define HAVE_MKDIR 1
| #define HAVE_STRCHR 1
| #define HAVE_STRERROR 1
| #define HAVE_STRTOL 1
| #define HAVE_PTHREAD 1
| /* end confdefs.h.  */
| #include <unordered_map>
| int
| main ()
| {
| const std::tr1::unordered_map<int, int> t;
|                          return t.find(5) == t.end();
|   ;
|   return 0;
| }
configure:15890: g++ -c  -g -DNDEBUG  conftest.cpp >&5
conftest.cpp: In function 'int main()':
conftest.cpp:45:7: error: 'unordered_map' in namespace 'std' does not name a type
conftest.cpp:46:33: error: 't' was not declared in this scope
configure:15890: $? = 1
configure: failed program was:
| /* confdefs.h */
| #define PACKAGE_NAME "Protocol Buffers"
| #define PACKAGE_TARNAME "protobuf"
| #define PACKAGE_VERSION "2.4.1"
| #define PACKAGE_STRING "Protocol Buffers 2.4.1"
| #define PACKAGE_BUGREPORT "protobuf@googlegroups.com"
| #define PACKAGE_URL ""
| #define PACKAGE "protobuf"
| #define VERSION "2.4.1"
| #define STDC_HEADERS 1
| #define HAVE_SYS_TYPES_H 1
| #define HAVE_SYS_STAT_H 1
| #define HAVE_STDLIB_H 1
| #define HAVE_STRING_H 1
| #define HAVE_MEMORY_H 1
| #define HAVE_STRINGS_H 1
| #define HAVE_INTTYPES_H 1
| #define HAVE_STDINT_H 1
| #define HAVE_UNISTD_H 1
| #define __EXTENSIONS__ 1
| #define _ALL_SOURCE 1
| #define _GNU_SOURCE 1
| #define _POSIX_PTHREAD_SEMANTICS 1
| #define _TANDEM_SOURCE 1
| #define HAVE_DLFCN_H 1
| #define LT_OBJDIR ".libs/"
| #define STDC_HEADERS 1
| #define HAVE_FCNTL_H 1
| #define HAVE_INTTYPES_H 1
| #define HAVE_LIMITS_H 1
| #define HAVE_STDLIB_H 1
| #define HAVE_UNISTD_H 1
| #define HAVE_FTRUNCATE 1
| #define HAVE_MEMSET 1
| #define HAVE_MKDIR 1
| #define HAVE_STRCHR 1
| #define HAVE_STRERROR 1
| #define HAVE_STRTOL 1
| #define HAVE_PTHREAD 1
| /* end confdefs.h.  */
| #include <tr1/unordered_map>
| int
| main ()
| {
| const std::unordered_map<int, int> t;
|                          return t.find(5) == t.end();
|   ;
|   return 0;
| }
configure:15890: g++ -c  -g -DNDEBUG  conftest.cpp >&5
configure:15890: $? = 0
configure:15957: result: <tr1/unordered_map>
configure:16129: creating ./config.status

## ---------------------- ##
## Running config.status. ##
## ---------------------- ##

This file was extended by Protocol Buffers config.status 2.4.1, which was
generated by GNU Autoconf 2.68.  Invocation command line was

  CONFIG_FILES    = 
  CONFIG_HEADERS  = 
  CONFIG_LINKS    = 
  CONFIG_COMMANDS = 
  $ ./config.status 

on dastle-OEM

config.status:1179: creating Makefile
config.status:1179: creating src/Makefile
config.status:1179: creating protobuf.pc
config.status:1179: creating protobuf-lite.pc
config.status:1179: creating config.h
config.status:1360: config.h is unchanged
config.status:1408: executing depfiles commands
config.status:1408: executing libtool commands
configure:18682: === configuring in gtest (/home/dastle/Documents/db3/ext/protobuf/gtest)
configure:18745: running /bin/bash ./configure --disable-option-checking '--prefix=/home/dastle/Documents/db3/ext/protobuf'  --cache-file=/dev/null --srcdir=.

## ---------------- ##
## Cache variables. ##
## ---------------- ##

ac_cv_build=i686-pc-linux-gnu
ac_cv_c_compiler_gnu=yes
ac_cv_cxx_compiler_gnu=yes
ac_cv_cxx_hash_map='<tr1/unordered_map>'
ac_cv_cxx_hash_map_class=unordered_map
ac_cv_cxx_hash_namespace=std::tr1
ac_cv_cxx_hash_set='<tr1/unordered_set>'
ac_cv_cxx_hash_set_class=unordered_set
ac_cv_env_CCC_set=
ac_cv_env_CCC_value=
ac_cv_env_CC_set=
ac_cv_env_CC_value=
ac_cv_env_CFLAGS_set=
ac_cv_env_CFLAGS_value=
ac_cv_env_CPPFLAGS_set=
ac_cv_env_CPPFLAGS_value=
ac_cv_env_CXXCPP_set=
ac_cv_env_CXXCPP_value=
ac_cv_env_CXXFLAGS_set=
ac_cv_env_CXXFLAGS_value=
ac_cv_env_CXX_set=
ac_cv_env_CXX_value=
ac_cv_env_LDFLAGS_set=
ac_cv_env_LDFLAGS_value=
ac_cv_env_LIBS_set=
ac_cv_env_LIBS_value=
ac_cv_env_build_alias_set=
ac_cv_env_build_alias_value=
ac_cv_env_host_alias_set=
ac_cv_env_host_alias_value=
ac_cv_env_target_alias_set=
ac_cv_env_target_alias_value=
ac_cv_func_ftruncate=yes
ac_cv_func_memcmp_working=yes
ac_cv_func_memset=yes
ac_cv_func_mkdir=yes
ac_cv_func_strchr=yes
ac_cv_func_strerror=yes
ac_cv_func_strtod=yes
ac_cv_func_strtol=yes
ac_cv_have_decl___SUNPRO_CC=no
ac_cv_header_dlfcn_h=yes
ac_cv_header_fcntl_h=yes
ac_cv_header_inttypes_h=yes
ac_cv_header_limits_h=yes
ac_cv_header_memory_h=yes
ac_cv_header_minix_config_h=no
ac_cv_header_stdc=yes
ac_cv_header_stdint_h=yes
ac_cv_header_stdlib_h=yes
ac_cv_header_string_h=yes
ac_cv_header_strings_h=yes
ac_cv_header_sys_stat_h=yes
ac_cv_header_sys_types_h=yes
ac_cv_header_unistd_h=yes
ac_cv_host=i686-pc-linux-gnu
ac_cv_objext=o
ac_cv_path_EGREP='/bin/grep -E'
ac_cv_path_FGREP='/bin/grep -F'
ac_cv_path_GREP=/bin/grep
ac_cv_path_SED=/bin/sed
ac_cv_path_install='/usr/bin/install -c'
ac_cv_path_mkdir=/bin/mkdir
ac_cv_prog_AWK=mawk
ac_cv_prog_CXXCPP='g++ -E'
ac_cv_prog_ac_ct_AR=ar
ac_cv_prog_ac_ct_CC=gcc
ac_cv_prog_ac_ct_CXX=g++
ac_cv_prog_ac_ct_OBJDUMP=objdump
ac_cv_prog_ac_ct_RANLIB=ranlib
ac_cv_prog_ac_ct_STRIP=strip
ac_cv_prog_cc_c89=
ac_cv_prog_cc_g=yes
ac_cv_prog_cxx_g=yes
ac_cv_prog_make_make_set=yes
ac_cv_safe_to_define___extensions__=yes
ac_cv_target=i686-pc-linux-gnu
am_cv_CC_dependencies_compiler_type=gcc3
am_cv_CXX_dependencies_compiler_type=gcc3
lt_cv_deplibs_check_method=pass_all
lt_cv_file_magic_cmd='$MAGIC_CMD'
lt_cv_file_magic_test_file=
lt_cv_ld_reload_flag=-r
lt_cv_nm_interface='BSD nm'
lt_cv_objdir=.libs
lt_cv_path_LD=/usr/bin/ld
lt_cv_path_LDCXX=/usr/bin/ld
lt_cv_path_NM='/usr/bin/nm -B'
lt_cv_prog_compiler_c_o=yes
lt_cv_prog_compiler_c_o_CXX=yes
lt_cv_prog_compiler_pic_works=yes
lt_cv_prog_compiler_pic_works_CXX=yes
lt_cv_prog_compiler_rtti_exceptions=no
lt_cv_prog_compiler_static_works=yes
lt_cv_prog_compiler_static_works_CXX=yes
lt_cv_prog_gnu_ld=yes
lt_cv_prog_gnu_ldcxx=yes
lt_cv_sys_global_symbol_pipe='sed -n -e '\''s/^.*[	 ]\([ABCDGIRSTW][ABCDGIRSTW]*\)[	 ][	 ]*\([_A-Za-z][_A-Za-z0-9]*\)$/\1 \2 \2/p'\'''
lt_cv_sys_global_symbol_to_c_name_address='sed -n -e '\''s/^: \([^ ]*\) $/  {\"\1\", (void *) 0},/p'\'' -e '\''s/^[ABCDGIRSTW]* \([^ ]*\) \([^ ]*\)$/  {"\2", (void *) \&\2},/p'\'''
lt_cv_sys_global_symbol_to_c_name_address_lib_prefix='sed -n -e '\''s/^: \([^ ]*\) $/  {\"\1\", (void *) 0},/p'\'' -e '\''s/^[ABCDGIRSTW]* \([^ ]*\) \(lib[^ ]*\)$/  {"\2", (void *) \&\2},/p'\'' -e '\''s/^[ABCDGIRSTW]* \([^ ]*\) \([^ ]*\)$/  {"lib\2", (void *) \&\2},/p'\'''
lt_cv_sys_global_symbol_to_cdecl='sed -n -e '\''s/^T .* \(.*\)$/extern int \1();/p'\'' -e '\''s/^[ABCDGIRSTW]* .* \(.*\)$/extern char \1;/p'\'''
lt_cv_sys_max_cmd_len=1572864

## ----------------- ##
## Output variables. ##
## ----------------- ##

ACLOCAL='${SHELL} /home/dastle/Documents/db3/ext/protobuf/missing --run aclocal-1.11'
AMDEPBACKSLASH='\'
AMDEP_FALSE='#'
AMDEP_TRUE=''
AMTAR='${SHELL} /home/dastle/Documents/db3/ext/protobuf/missing --run tar'
AR='ar'
AUTOCONF='${SHELL} /home/dastle/Documents/db3/ext/protobuf/missing --run autoconf'
AUTOHEADER='${SHELL} /home/dastle/Documents/db3/ext/protobuf/missing --run autoheader'
AUTOMAKE='${SHELL} /home/dastle/Documents/db3/ext/protobuf/missing --run automake-1.11'
AWK='mawk'
CC='gcc'
CCDEPMODE='depmode=gcc3'
CFLAGS=''
CPPFLAGS=''
CXX='g++'
CXXCPP='g++ -E'
CXXDEPMODE='depmode=gcc3'
CXXFLAGS=' -g -DNDEBUG'
CYGPATH_W='echo'
DEFS='-DHAVE_CONFIG_H'
DEPDIR='.deps'
DSYMUTIL=''
DUMPBIN=''
ECHO_C=''
ECHO_N='-n'
ECHO_T=''
EGREP='/bin/grep -E'
EXEEXT=''
FGREP='/bin/grep -F'
GCC_FALSE='#'
GCC_TRUE=''
GREP='/bin/grep'
HAVE_ZLIB_FALSE=''
HAVE_ZLIB_TRUE='#'
INSTALL_DATA='${INSTALL} -m 644'
INSTALL_PROGRAM='${INSTALL}'
INSTALL_SCRIPT='${INSTALL}'
INSTALL_STRIP_PROGRAM='$(install_sh) -c -s'
ISAINFO=''
LD='/usr/bin/ld'
LDFLAGS=''
LIBOBJS=''
LIBS=''
LIBTOOL='$(SHELL) $(top_builddir)/libtool'
LIPO=''
LN_S='ln -s'
LTLIBOBJS=''
MAKEINFO='${SHELL} /home/dastle/Documents/db3/ext/protobuf/missing --run makeinfo'
MKDIR_P='/bin/mkdir -p'
NM='/usr/bin/nm -B'
NMEDIT=''
OBJDUMP='objdump'
OBJEXT='o'
OTOOL64=''
OTOOL=''
PACKAGE='protobuf'
PACKAGE_BUGREPORT='protobuf@googlegroups.com'
PACKAGE_NAME='Protocol Buffers'
PACKAGE_STRING='Protocol Buffers 2.4.1'
PACKAGE_TARNAME='protobuf'
PACKAGE_URL=''
PACKAGE_VERSION='2.4.1'
PATH_SEPARATOR=':'
POW_LIB=''
PROTOBUF_OPT_FLAG='-O2'
PROTOC=''
PTHREAD_CC='gcc'
PTHREAD_CFLAGS='-pthread'
PTHREAD_LIBS=' -lpthread'
RANLIB='ranlib'
SED='/bin/sed'
SET_MAKE=''
SHELL='/bin/bash'
STRIP='strip'
USE_EXTERNAL_PROTOC_FALSE=''
USE_EXTERNAL_PROTOC_TRUE='#'
VERSION='2.4.1'
ac_ct_CC='gcc'
ac_ct_CXX='g++'
ac_ct_DUMPBIN=''
acx_pthread_config=''
am__EXEEXT_FALSE=''
am__EXEEXT_TRUE='#'
am__fastdepCC_FALSE='#'
am__fastdepCC_TRUE=''
am__fastdepCXX_FALSE='#'
am__fastdepCXX_TRUE=''
am__include='include'
am__isrc=''
am__leading_dot='.'
am__quote=''
am__tar='${AMTAR} chof - "$$tardir"'
am__untar='${AMTAR} xf -'
bindir='${exec_prefix}/bin'
build='i686-pc-linux-gnu'
build_alias=''
build_cpu='i686'
build_os='linux-gnu'
build_vendor='pc'
datadir='${datarootdir}'
datarootdir='${prefix}/share'
docdir='${datarootdir}/doc/${PACKAGE_TARNAME}'
dvidir='${docdir}'
exec_prefix='${prefix}'
host='i686-pc-linux-gnu'
host_alias=''
host_cpu='i686'
host_os='linux-gnu'
host_vendor='pc'
htmldir='${docdir}'
includedir='${prefix}/include'
infodir='${datarootdir}/info'
install_sh='${SHELL} /home/dastle/Documents/db3/ext/protobuf/install-sh'
libdir='${exec_prefix}/lib'
libexecdir='${exec_prefix}/libexec'
localedir='${datarootdir}/locale'
localstatedir='${prefix}/var'
lt_ECHO='echo'
mandir='${datarootdir}/man'
mkdir_p='/bin/mkdir -p'
oldincludedir='/usr/include'
pdfdir='${docdir}'
prefix='/home/dastle/Documents/db3/ext/protobuf'
program_transform_name='s,x,x,'
psdir='${docdir}'
sbindir='${exec_prefix}/sbin'
sharedstatedir='${prefix}/com'
subdirs=' gtest'
sysconfdir='${prefix}/etc'
target='i686-pc-linux-gnu'
target_alias=''
target_cpu='i686'
target_os='linux-gnu'
target_vendor='pc'

## ----------- ##
## confdefs.h. ##
## ----------- ##

/* confdefs.h */
#define PACKAGE_NAME "Protocol Buffers"
#define PACKAGE_TARNAME "protobuf"
#define PACKAGE_VERSION "2.4.1"
#define PACKAGE_STRING "Protocol Buffers 2.4.1"
#define PACKAGE_BUGREPORT "protobuf@googlegroups.com"
#define PACKAGE_URL ""
#define PACKAGE "protobuf"
#define VERSION "2.4.1"
#define STDC_HEADERS 1
#define HAVE_SYS_TYPES_H 1
#define HAVE_SYS_STAT_H 1
#define HAVE_STDLIB_H 1
#define HAVE_STRING_H 1
#define HAVE_MEMORY_H 1
#define HAVE_STRINGS_H 1
#define HAVE_INTTYPES_H 1
#define HAVE_STDINT_H 1
#define HAVE_UNISTD_H 1
#define __EXTENSIONS__ 1
#define _ALL_SOURCE 1
#define _GNU_SOURCE 1
#define _POSIX_PTHREAD_SEMANTICS 1
#define _TANDEM_SOURCE 1
#define HAVE_DLFCN_H 1
#define LT_OBJDIR ".libs/"
#define STDC_HEADERS 1
#define HAVE_FCNTL_H 1
#define HAVE_INTTYPES_H 1
#define HAVE_LIMITS_H 1
#define HAVE_STDLIB_H 1
#define HAVE_UNISTD_H 1
#define HAVE_FTRUNCATE 1
#define HAVE_MEMSET 1
#define HAVE_MKDIR 1
#define HAVE_STRCHR 1
#define HAVE_STRERROR 1
#define HAVE_STRTOL 1
#define HAVE_PTHREAD 1
#define HAVE_HASH_MAP 1
#define HAVE_HASH_SET 1
#define HASH_MAP_H <tr1/unordered_map>
#define HASH_SET_H <tr1/unordered_set>
#define HASH_NAMESPACE std::tr1
#define HASH_MAP_CLASS unordered_map
#define HASH_SET_CLASS unordered_set

configure: exit 0
